[0.015s] Invoking command in '/home/m4/object_detection/build/camera_opencv': CMAKE_PREFIX_PATH=/opt/ros/humble /usr/bin/cmake /home/m4/object_detection/src/camera_opencv -DCMAKE_INSTALL_PREFIX=/home/m4/object_detection/install/camera_opencv
[0.084s] -- The C compiler identification is GNU 11.4.0
[0.155s] -- The CXX compiler identification is GNU 11.4.0
[0.165s] -- Detecting C compiler ABI info
[0.260s] -- Detecting C compiler ABI info - done
[0.267s] -- Check for working C compiler: /usr/bin/cc - skipped
[0.268s] -- Detecting C compile features
[0.268s] -- Detecting C compile features - done
[0.271s] -- Detecting CXX compiler ABI info
[0.377s] -- Detecting CXX compiler ABI info - done
[0.384s] -- Check for working CXX compiler: /usr/bin/c++ - skipped
[0.384s] -- Detecting CXX compile features
[0.385s] -- Detecting CXX compile features - done
[0.387s] -- Found ament_cmake: 1.3.10 (/opt/ros/humble/share/ament_cmake/cmake)
[0.548s] -- Found Python3: /usr/bin/python3 (found version "3.10.12") found components: Interpreter 
[0.648s] -- Found OpenCV: /usr (found version "4.5.4") 
[0.649s] -- Found rclcpp: 16.0.10 (/opt/ros/humble/share/rclcpp/cmake)
[0.686s] -- Found rosidl_generator_c: 3.1.5 (/opt/ros/humble/share/rosidl_generator_c/cmake)
[0.690s] -- Found rosidl_adapter: 3.1.5 (/opt/ros/humble/share/rosidl_adapter/cmake)
[0.698s] -- Found rosidl_generator_cpp: 3.1.5 (/opt/ros/humble/share/rosidl_generator_cpp/cmake)
[0.710s] -- Using all available rosidl_typesupport_c: rosidl_typesupport_fastrtps_c;rosidl_typesupport_introspection_c
[0.724s] -- Using all available rosidl_typesupport_cpp: rosidl_typesupport_fastrtps_cpp;rosidl_typesupport_introspection_cpp
[0.767s] -- Found rmw_implementation_cmake: 6.1.2 (/opt/ros/humble/share/rmw_implementation_cmake/cmake)
[0.770s] -- Found rmw_fastrtps_cpp: 6.2.7 (/opt/ros/humble/share/rmw_fastrtps_cpp/cmake)
[0.882s] -- Found OpenSSL: /usr/lib/x86_64-linux-gnu/libcrypto.so (found version "3.0.2")  
[0.910s] -- Found FastRTPS: /opt/ros/humble/include  
[0.957s] -- Using RMW implementation 'rmw_fastrtps_cpp' as default
[0.965s] -- Looking for pthread.h
[1.063s] -- Looking for pthread.h - found
[1.063s] -- Performing Test CMAKE_HAVE_LIBC_PTHREAD
[1.167s] -- Performing Test CMAKE_HAVE_LIBC_PTHREAD - Success
[1.168s] -- Found Threads: TRUE  
[1.222s] -- Found sensor_msgs: 4.2.4 (/opt/ros/humble/share/sensor_msgs/cmake)
[1.253s] -- Found cv_bridge: 3.2.1 (/opt/ros/humble/share/cv_bridge/cmake)
[1.256s] -- Found image_transport: 3.1.9 (/opt/ros/humble/share/image_transport/cmake)
[1.288s] -- Found ament_lint_auto: 0.12.11 (/opt/ros/humble/share/ament_lint_auto/cmake)
[1.370s] -- Added test 'copyright' to check source files copyright and LICENSE
[1.372s] -- Added test 'cppcheck' to perform static code analysis on C / C++ code
[1.372s] -- Configured cppcheck include dirs: /home/m4/object_detection/src/camera_opencv/include
[1.372s] -- Configured cppcheck exclude dirs and/or files: 
[1.373s] -- Added test 'cpplint' to check C / C++ code against the Google style
[1.373s] -- Configured cpplint exclude dirs and/or files: 
[1.374s] -- Added test 'lint_cmake' to check CMake code style
[1.375s] -- Added test 'uncrustify' to check C / C++ code style
[1.375s] -- Configured uncrustify additional arguments: 
[1.376s] -- Added test 'xmllint' to check XML markup files
[1.378s] -- Configuring done
[1.395s] -- Generating done
[1.397s] -- Build files have been written to: /home/m4/object_detection/build/camera_opencv
[1.411s] Invoked command in '/home/m4/object_detection/build/camera_opencv' returned '0': CMAKE_PREFIX_PATH=/opt/ros/humble /usr/bin/cmake /home/m4/object_detection/src/camera_opencv -DCMAKE_INSTALL_PREFIX=/home/m4/object_detection/install/camera_opencv
[1.413s] Invoking command in '/home/m4/object_detection/build/camera_opencv': CMAKE_PREFIX_PATH=/opt/ros/humble /usr/bin/cmake --build /home/m4/object_detection/build/camera_opencv -- -j6 -l6
[1.486s] [ 50%] [32mBuilding CXX object CMakeFiles/camera.dir/src/camera.cpp.o[0m
[2.574s] In file included from [01m[K/home/m4/object_detection/src/camera_opencv/src/camera.cpp:2[m[K:
[2.574s] [01m[K/opt/ros/humble/include/image_transport/image_transport/image_transport.h:32:89:[m[K [01;36m[Knote: [m[K‘[01m[K#pragma message: Warning: This header is deprecated. Use 'image_transport.hpp' instead[m[K’
[2.574s]    32 | #pragma message ("Warning: This header is deprecated. Use 'image_transport.hpp' instead"[01;36m[K)[m[K
[2.574s]       |                                                                                         [01;36m[K^[m[K
[7.564s] [100%] [32m[1mLinking CXX executable camera[0m
[8.145s] [100%] Built target camera
[8.160s] Invoked command in '/home/m4/object_detection/build/camera_opencv' returned '0': CMAKE_PREFIX_PATH=/opt/ros/humble /usr/bin/cmake --build /home/m4/object_detection/build/camera_opencv -- -j6 -l6
[8.224s] Invoking command in '/home/m4/object_detection/build/camera_opencv': CMAKE_PREFIX_PATH=/opt/ros/humble /usr/bin/cmake --install /home/m4/object_detection/build/camera_opencv
[8.233s] -- Install configuration: ""
[8.234s] -- Installing: /home/m4/object_detection/install/camera_opencv/lib/camera_opencv/camera
[8.236s] -- Set runtime path of "/home/m4/object_detection/install/camera_opencv/lib/camera_opencv/camera" to ""
[8.236s] -- Installing: /home/m4/object_detection/install/camera_opencv/share/ament_index/resource_index/package_run_dependencies/camera_opencv
[8.236s] -- Installing: /home/m4/object_detection/install/camera_opencv/share/ament_index/resource_index/parent_prefix_path/camera_opencv
[8.237s] -- Installing: /home/m4/object_detection/install/camera_opencv/share/camera_opencv/environment/ament_prefix_path.sh
[8.237s] -- Installing: /home/m4/object_detection/install/camera_opencv/share/camera_opencv/environment/ament_prefix_path.dsv
[8.237s] -- Installing: /home/m4/object_detection/install/camera_opencv/share/camera_opencv/environment/path.sh
[8.237s] -- Installing: /home/m4/object_detection/install/camera_opencv/share/camera_opencv/environment/path.dsv
[8.238s] -- Installing: /home/m4/object_detection/install/camera_opencv/share/camera_opencv/local_setup.bash
[8.238s] -- Installing: /home/m4/object_detection/install/camera_opencv/share/camera_opencv/local_setup.sh
[8.238s] -- Installing: /home/m4/object_detection/install/camera_opencv/share/camera_opencv/local_setup.zsh
[8.239s] -- Installing: /home/m4/object_detection/install/camera_opencv/share/camera_opencv/local_setup.dsv
[8.239s] -- Installing: /home/m4/object_detection/install/camera_opencv/share/camera_opencv/package.dsv
[8.239s] -- Installing: /home/m4/object_detection/install/camera_opencv/share/ament_index/resource_index/packages/camera_opencv
[8.240s] -- Installing: /home/m4/object_detection/install/camera_opencv/share/camera_opencv/cmake/camera_opencvConfig.cmake
[8.240s] -- Installing: /home/m4/object_detection/install/camera_opencv/share/camera_opencv/cmake/camera_opencvConfig-version.cmake
[8.240s] -- Installing: /home/m4/object_detection/install/camera_opencv/share/camera_opencv/package.xml
[8.244s] Invoked command in '/home/m4/object_detection/build/camera_opencv' returned '0': CMAKE_PREFIX_PATH=/opt/ros/humble /usr/bin/cmake --install /home/m4/object_detection/build/camera_opencv
