[0.800s] Invoking command in '/home/m4/object_detection/src/object_detection': PYTHONPATH=/home/m4/object_detection/build/object_detection/prefix_override:/usr/lib/python3/dist-packages/colcon_core/task/python/colcon_distutils_commands:/home/m4/object_detection/install/object_detection/lib/python3.10/site-packages: /usr/bin/python3 -W ignore:setup.py install is deprecated setup.py egg_info --egg-base ../../build/object_detection build --build-base /home/m4/object_detection/build/object_detection/build install --record /home/m4/object_detection/build/object_detection/install.log --install-scripts $base/lib/object_detection --single-version-externally-managed install_data
[1.002s] /usr/lib/python3/dist-packages/setuptools/dist.py:723: UserWarning: Usage of dash-separated 'script-dir' will not be supported in future versions. Please use the underscore name 'script_dir' instead
[1.002s]   warnings.warn(
[1.012s] running egg_info
[1.013s] writing ../../build/object_detection/object_detection.egg-info/PKG-INFO
[1.014s] writing dependency_links to ../../build/object_detection/object_detection.egg-info/dependency_links.txt
[1.014s] writing entry points to ../../build/object_detection/object_detection.egg-info/entry_points.txt
[1.015s] writing requirements to ../../build/object_detection/object_detection.egg-info/requires.txt
[1.015s] writing top-level names to ../../build/object_detection/object_detection.egg-info/top_level.txt
[1.018s] reading manifest file '../../build/object_detection/object_detection.egg-info/SOURCES.txt'
[1.020s] writing manifest file '../../build/object_detection/object_detection.egg-info/SOURCES.txt'
[1.020s] running build
[1.020s] running build_py
[1.020s] running install
[1.021s] running install_lib
[1.022s] running install_data
[1.022s] running install_egg_info
[1.024s] removing '/home/m4/object_detection/install/object_detection/lib/python3.10/site-packages/object_detection-0.0.0-py3.10.egg-info' (and everything under it)
[1.025s] Copying ../../build/object_detection/object_detection.egg-info to /home/m4/object_detection/install/object_detection/lib/python3.10/site-packages/object_detection-0.0.0-py3.10.egg-info
[1.026s] running install_scripts
[1.054s] Installing detector script to /home/m4/object_detection/install/object_detection/lib/object_detection
[1.054s] writing list of installed files to '/home/m4/object_detection/build/object_detection/install.log'
[1.080s] Invoked command in '/home/m4/object_detection/src/object_detection' returned '0': PYTHONPATH=/home/m4/object_detection/build/object_detection/prefix_override:/usr/lib/python3/dist-packages/colcon_core/task/python/colcon_distutils_commands:/home/m4/object_detection/install/object_detection/lib/python3.10/site-packages: /usr/bin/python3 -W ignore:setup.py install is deprecated setup.py egg_info --egg-base ../../build/object_detection build --build-base /home/m4/object_detection/build/object_detection/build install --record /home/m4/object_detection/build/object_detection/install.log --install-scripts $base/lib/object_detection --single-version-externally-managed install_data
