[0.098s] DEBUG:colcon:Command line arguments: ['/usr/bin/colcon', 'build']
[0.098s] DEBUG:colcon:Parsed command line arguments: Namespace(log_base=None, log_level=None, verb_name='build', build_base='build', install_base='install', merge_install=False, symlink_install=False, test_result_base=None, continue_on_error=False, executor='parallel', parallel_workers=6, event_handlers=None, ignore_user_meta=False, metas=['./colcon.meta'], base_paths=['.'], packages_ignore=None, packages_ignore_regex=None, paths=None, packages_up_to=None, packages_up_to_regex=None, packages_above=None, packages_above_and_dependencies=None, packages_above_depth=None, packages_select_by_dep=None, packages_skip_by_dep=None, packages_skip_up_to=None, packages_select_build_failed=False, packages_skip_build_finished=False, packages_select_test_failures=False, packages_skip_test_passed=False, packages_select=None, packages_skip=None, packages_select_regex=None, packages_skip_regex=None, packages_start=None, packages_end=None, allow_overriding=[], cmake_args=None, cmake_target=None, cmake_target_skip_unavailable=False, cmake_clean_cache=False, cmake_clean_first=False, cmake_force_configure=False, ament_cmake_args=None, catkin_cmake_args=None, catkin_skip_building_tests=False, verb_parser=<colcon_defaults.argument_parser.defaults.DefaultArgumentsDecorator object at 0x781540603c40>, verb_extension=<colcon_core.verb.build.BuildVerb object at 0x7815406036d0>, main=<bound method BuildVerb.main of <colcon_core.verb.build.BuildVerb object at 0x7815406036d0>>)
[0.242s] Level 1:colcon.colcon_core.package_discovery:discover_packages(colcon_meta) check parameters
[0.242s] Level 1:colcon.colcon_core.package_discovery:discover_packages(recursive) check parameters
[0.242s] Level 1:colcon.colcon_core.package_discovery:discover_packages(ignore) check parameters
[0.242s] Level 1:colcon.colcon_core.package_discovery:discover_packages(path) check parameters
[0.242s] Level 1:colcon.colcon_core.package_discovery:discover_packages(colcon_meta) discover
[0.242s] Level 1:colcon.colcon_core.package_discovery:discover_packages(recursive) discover
[0.242s] INFO:colcon.colcon_core.package_discovery:Crawling recursively for packages in '/home/m4/object_detection'
[0.242s] Level 1:colcon.colcon_core.package_identification:_identify(.) by extensions ['ignore', 'ignore_ament_install']
[0.242s] Level 1:colcon.colcon_core.package_identification:_identify(.) by extension 'ignore'
[0.242s] Level 1:colcon.colcon_core.package_identification:_identify(.) by extension 'ignore_ament_install'
[0.243s] Level 1:colcon.colcon_core.package_identification:_identify(.) by extensions ['colcon_pkg']
[0.243s] Level 1:colcon.colcon_core.package_identification:_identify(.) by extension 'colcon_pkg'
[0.243s] Level 1:colcon.colcon_core.package_identification:_identify(.) by extensions ['colcon_meta']
[0.243s] Level 1:colcon.colcon_core.package_identification:_identify(.) by extension 'colcon_meta'
[0.243s] Level 1:colcon.colcon_core.package_identification:_identify(.) by extensions ['ros']
[0.243s] Level 1:colcon.colcon_core.package_identification:_identify(.) by extension 'ros'
[0.254s] Level 1:colcon.colcon_core.package_identification:_identify(.) by extensions ['cmake', 'python']
[0.254s] Level 1:colcon.colcon_core.package_identification:_identify(.) by extension 'cmake'
[0.254s] Level 1:colcon.colcon_core.package_identification:_identify(.) by extension 'python'
[0.254s] Level 1:colcon.colcon_core.package_identification:_identify(.) by extensions ['python_setup_py']
[0.254s] Level 1:colcon.colcon_core.package_identification:_identify(.) by extension 'python_setup_py'
[0.254s] Level 1:colcon.colcon_core.package_identification:_identify(build) by extensions ['ignore', 'ignore_ament_install']
[0.254s] Level 1:colcon.colcon_core.package_identification:_identify(build) by extension 'ignore'
[0.254s] Level 1:colcon.colcon_core.package_identification:_identify(build) ignored
[0.255s] Level 1:colcon.colcon_core.package_identification:_identify(install) by extensions ['ignore', 'ignore_ament_install']
[0.255s] Level 1:colcon.colcon_core.package_identification:_identify(install) by extension 'ignore'
[0.255s] Level 1:colcon.colcon_core.package_identification:_identify(install) ignored
[0.255s] Level 1:colcon.colcon_core.package_identification:_identify(log) by extensions ['ignore', 'ignore_ament_install']
[0.255s] Level 1:colcon.colcon_core.package_identification:_identify(log) by extension 'ignore'
[0.255s] Level 1:colcon.colcon_core.package_identification:_identify(log) ignored
[0.255s] Level 1:colcon.colcon_core.package_identification:_identify(src) by extensions ['ignore', 'ignore_ament_install']
[0.255s] Level 1:colcon.colcon_core.package_identification:_identify(src) by extension 'ignore'
[0.255s] Level 1:colcon.colcon_core.package_identification:_identify(src) by extension 'ignore_ament_install'
[0.256s] Level 1:colcon.colcon_core.package_identification:_identify(src) by extensions ['colcon_pkg']
[0.256s] Level 1:colcon.colcon_core.package_identification:_identify(src) by extension 'colcon_pkg'
[0.256s] Level 1:colcon.colcon_core.package_identification:_identify(src) by extensions ['colcon_meta']
[0.256s] Level 1:colcon.colcon_core.package_identification:_identify(src) by extension 'colcon_meta'
[0.256s] Level 1:colcon.colcon_core.package_identification:_identify(src) by extensions ['ros']
[0.256s] Level 1:colcon.colcon_core.package_identification:_identify(src) by extension 'ros'
[0.256s] Level 1:colcon.colcon_core.package_identification:_identify(src) by extensions ['cmake', 'python']
[0.256s] Level 1:colcon.colcon_core.package_identification:_identify(src) by extension 'cmake'
[0.256s] Level 1:colcon.colcon_core.package_identification:_identify(src) by extension 'python'
[0.256s] Level 1:colcon.colcon_core.package_identification:_identify(src) by extensions ['python_setup_py']
[0.256s] Level 1:colcon.colcon_core.package_identification:_identify(src) by extension 'python_setup_py'
[0.256s] Level 1:colcon.colcon_core.package_identification:_identify(src/camera_opencv) by extensions ['ignore', 'ignore_ament_install']
[0.256s] Level 1:colcon.colcon_core.package_identification:_identify(src/camera_opencv) by extension 'ignore'
[0.256s] Level 1:colcon.colcon_core.package_identification:_identify(src/camera_opencv) by extension 'ignore_ament_install'
[0.256s] Level 1:colcon.colcon_core.package_identification:_identify(src/camera_opencv) by extensions ['colcon_pkg']
[0.256s] Level 1:colcon.colcon_core.package_identification:_identify(src/camera_opencv) by extension 'colcon_pkg'
[0.256s] Level 1:colcon.colcon_core.package_identification:_identify(src/camera_opencv) by extensions ['colcon_meta']
[0.256s] Level 1:colcon.colcon_core.package_identification:_identify(src/camera_opencv) by extension 'colcon_meta'
[0.256s] Level 1:colcon.colcon_core.package_identification:_identify(src/camera_opencv) by extensions ['ros']
[0.257s] Level 1:colcon.colcon_core.package_identification:_identify(src/camera_opencv) by extension 'ros'
[0.259s] DEBUG:colcon.colcon_core.package_identification:Package 'src/camera_opencv' with type 'ros.ament_cmake' and name 'camera_opencv'
[0.259s] Level 1:colcon.colcon_core.package_identification:_identify(src/camera_py) by extensions ['ignore', 'ignore_ament_install']
[0.259s] Level 1:colcon.colcon_core.package_identification:_identify(src/camera_py) by extension 'ignore'
[0.259s] Level 1:colcon.colcon_core.package_identification:_identify(src/camera_py) by extension 'ignore_ament_install'
[0.259s] Level 1:colcon.colcon_core.package_identification:_identify(src/camera_py) by extensions ['colcon_pkg']
[0.260s] Level 1:colcon.colcon_core.package_identification:_identify(src/camera_py) by extension 'colcon_pkg'
[0.260s] Level 1:colcon.colcon_core.package_identification:_identify(src/camera_py) by extensions ['colcon_meta']
[0.260s] Level 1:colcon.colcon_core.package_identification:_identify(src/camera_py) by extension 'colcon_meta'
[0.260s] Level 1:colcon.colcon_core.package_identification:_identify(src/camera_py) by extensions ['ros']
[0.260s] Level 1:colcon.colcon_core.package_identification:_identify(src/camera_py) by extension 'ros'
[0.260s] DEBUG:colcon.colcon_core.package_identification:Package 'src/camera_py' with type 'ros.ament_python' and name 'camera_py'
[0.261s] Level 1:colcon.colcon_core.package_identification:_identify(src/objects_py) by extensions ['ignore', 'ignore_ament_install']
[0.261s] Level 1:colcon.colcon_core.package_identification:_identify(src/objects_py) by extension 'ignore'
[0.261s] Level 1:colcon.colcon_core.package_identification:_identify(src/objects_py) by extension 'ignore_ament_install'
[0.261s] Level 1:colcon.colcon_core.package_identification:_identify(src/objects_py) by extensions ['colcon_pkg']
[0.261s] Level 1:colcon.colcon_core.package_identification:_identify(src/objects_py) by extension 'colcon_pkg'
[0.261s] Level 1:colcon.colcon_core.package_identification:_identify(src/objects_py) by extensions ['colcon_meta']
[0.261s] Level 1:colcon.colcon_core.package_identification:_identify(src/objects_py) by extension 'colcon_meta'
[0.261s] Level 1:colcon.colcon_core.package_identification:_identify(src/objects_py) by extensions ['ros']
[0.261s] Level 1:colcon.colcon_core.package_identification:_identify(src/objects_py) by extension 'ros'
[0.262s] DEBUG:colcon.colcon_core.package_identification:Package 'src/objects_py' with type 'ros.ament_python' and name 'object_detection'
[0.262s] Level 1:colcon.colcon_core.package_discovery:discover_packages(recursive) using defaults
[0.262s] Level 1:colcon.colcon_core.package_discovery:discover_packages(ignore) discover
[0.262s] Level 1:colcon.colcon_core.package_discovery:discover_packages(ignore) using defaults
[0.262s] Level 1:colcon.colcon_core.package_discovery:discover_packages(path) discover
[0.262s] Level 1:colcon.colcon_core.package_discovery:discover_packages(path) using defaults
[0.282s] Level 1:colcon.colcon_core.package_discovery:discover_packages(prefix_path) check parameters
[0.283s] Level 1:colcon.colcon_core.package_discovery:discover_packages(prefix_path) discover
[0.284s] DEBUG:colcon.colcon_installed_package_information.package_discovery:Found 4 installed packages in /home/m4/object_detection/install
[0.286s] DEBUG:colcon.colcon_installed_package_information.package_discovery:Found 270 installed packages in /opt/ros/humble
[0.288s] Level 1:colcon.colcon_core.package_discovery:discover_packages(prefix_path) using defaults
[0.333s] Level 5:colcon.colcon_core.verb:set package 'camera_opencv' build argument 'cmake_args' from command line to 'None'
[0.333s] Level 5:colcon.colcon_core.verb:set package 'camera_opencv' build argument 'cmake_target' from command line to 'None'
[0.333s] Level 5:colcon.colcon_core.verb:set package 'camera_opencv' build argument 'cmake_target_skip_unavailable' from command line to 'False'
[0.333s] Level 5:colcon.colcon_core.verb:set package 'camera_opencv' build argument 'cmake_clean_cache' from command line to 'False'
[0.333s] Level 5:colcon.colcon_core.verb:set package 'camera_opencv' build argument 'cmake_clean_first' from command line to 'False'
[0.333s] Level 5:colcon.colcon_core.verb:set package 'camera_opencv' build argument 'cmake_force_configure' from command line to 'False'
[0.333s] Level 5:colcon.colcon_core.verb:set package 'camera_opencv' build argument 'ament_cmake_args' from command line to 'None'
[0.333s] Level 5:colcon.colcon_core.verb:set package 'camera_opencv' build argument 'catkin_cmake_args' from command line to 'None'
[0.333s] Level 5:colcon.colcon_core.verb:set package 'camera_opencv' build argument 'catkin_skip_building_tests' from command line to 'False'
[0.333s] DEBUG:colcon.colcon_core.verb:Building package 'camera_opencv' with the following arguments: {'ament_cmake_args': None, 'build_base': '/home/m4/object_detection/build/camera_opencv', 'catkin_cmake_args': None, 'catkin_skip_building_tests': False, 'cmake_args': None, 'cmake_clean_cache': False, 'cmake_clean_first': False, 'cmake_force_configure': False, 'cmake_target': None, 'cmake_target_skip_unavailable': False, 'install_base': '/home/m4/object_detection/install/camera_opencv', 'merge_install': False, 'path': '/home/m4/object_detection/src/camera_opencv', 'symlink_install': False, 'test_result_base': None}
[0.334s] Level 5:colcon.colcon_core.verb:set package 'camera_py' build argument 'cmake_args' from command line to 'None'
[0.334s] Level 5:colcon.colcon_core.verb:set package 'camera_py' build argument 'cmake_target' from command line to 'None'
[0.334s] Level 5:colcon.colcon_core.verb:set package 'camera_py' build argument 'cmake_target_skip_unavailable' from command line to 'False'
[0.334s] Level 5:colcon.colcon_core.verb:set package 'camera_py' build argument 'cmake_clean_cache' from command line to 'False'
[0.334s] Level 5:colcon.colcon_core.verb:set package 'camera_py' build argument 'cmake_clean_first' from command line to 'False'
[0.334s] Level 5:colcon.colcon_core.verb:set package 'camera_py' build argument 'cmake_force_configure' from command line to 'False'
[0.334s] Level 5:colcon.colcon_core.verb:set package 'camera_py' build argument 'ament_cmake_args' from command line to 'None'
[0.334s] Level 5:colcon.colcon_core.verb:set package 'camera_py' build argument 'catkin_cmake_args' from command line to 'None'
[0.334s] Level 5:colcon.colcon_core.verb:set package 'camera_py' build argument 'catkin_skip_building_tests' from command line to 'False'
[0.334s] DEBUG:colcon.colcon_core.verb:Building package 'camera_py' with the following arguments: {'ament_cmake_args': None, 'build_base': '/home/m4/object_detection/build/camera_py', 'catkin_cmake_args': None, 'catkin_skip_building_tests': False, 'cmake_args': None, 'cmake_clean_cache': False, 'cmake_clean_first': False, 'cmake_force_configure': False, 'cmake_target': None, 'cmake_target_skip_unavailable': False, 'install_base': '/home/m4/object_detection/install/camera_py', 'merge_install': False, 'path': '/home/m4/object_detection/src/camera_py', 'symlink_install': False, 'test_result_base': None}
[0.335s] Level 5:colcon.colcon_core.verb:set package 'object_detection' build argument 'cmake_args' from command line to 'None'
[0.335s] Level 5:colcon.colcon_core.verb:set package 'object_detection' build argument 'cmake_target' from command line to 'None'
[0.335s] Level 5:colcon.colcon_core.verb:set package 'object_detection' build argument 'cmake_target_skip_unavailable' from command line to 'False'
[0.335s] Level 5:colcon.colcon_core.verb:set package 'object_detection' build argument 'cmake_clean_cache' from command line to 'False'
[0.335s] Level 5:colcon.colcon_core.verb:set package 'object_detection' build argument 'cmake_clean_first' from command line to 'False'
[0.335s] Level 5:colcon.colcon_core.verb:set package 'object_detection' build argument 'cmake_force_configure' from command line to 'False'
[0.335s] Level 5:colcon.colcon_core.verb:set package 'object_detection' build argument 'ament_cmake_args' from command line to 'None'
[0.335s] Level 5:colcon.colcon_core.verb:set package 'object_detection' build argument 'catkin_cmake_args' from command line to 'None'
[0.335s] Level 5:colcon.colcon_core.verb:set package 'object_detection' build argument 'catkin_skip_building_tests' from command line to 'False'
[0.335s] DEBUG:colcon.colcon_core.verb:Building package 'object_detection' with the following arguments: {'ament_cmake_args': None, 'build_base': '/home/m4/object_detection/build/object_detection', 'catkin_cmake_args': None, 'catkin_skip_building_tests': False, 'cmake_args': None, 'cmake_clean_cache': False, 'cmake_clean_first': False, 'cmake_force_configure': False, 'cmake_target': None, 'cmake_target_skip_unavailable': False, 'install_base': '/home/m4/object_detection/install/object_detection', 'merge_install': False, 'path': '/home/m4/object_detection/src/objects_py', 'symlink_install': False, 'test_result_base': None}
[0.335s] INFO:colcon.colcon_core.executor:Executing jobs using 'parallel' executor
[0.337s] DEBUG:colcon.colcon_parallel_executor.executor.parallel:run_until_complete
[0.337s] INFO:colcon.colcon_ros.task.ament_cmake.build:Building ROS package in '/home/m4/object_detection/src/camera_opencv' with build type 'ament_cmake'
[0.337s] INFO:colcon.colcon_cmake.task.cmake.build:Building CMake package in '/home/m4/object_detection/src/camera_opencv'
[0.341s] INFO:colcon.colcon_core.plugin_system:Skipping extension 'colcon_core.shell.bat': Not used on non-Windows systems
[0.341s] INFO:colcon.colcon_core.shell:Skip shell extension 'powershell' for command environment: Not usable outside of PowerShell
[0.341s] DEBUG:colcon.colcon_core.shell:Skip shell extension 'dsv' for command environment
[0.346s] INFO:colcon.colcon_ros.task.ament_python.build:Building ROS package in '/home/m4/object_detection/src/camera_py' with build type 'ament_python'
[0.346s] Level 1:colcon.colcon_core.shell:create_environment_hook('camera_py', 'ament_prefix_path')
[0.347s] INFO:colcon.colcon_core.shell:Creating environment hook '/home/m4/object_detection/install/camera_py/share/camera_py/hook/ament_prefix_path.ps1'
[0.348s] INFO:colcon.colcon_core.shell:Creating environment descriptor '/home/m4/object_detection/install/camera_py/share/camera_py/hook/ament_prefix_path.dsv'
[0.349s] INFO:colcon.colcon_core.shell:Creating environment hook '/home/m4/object_detection/install/camera_py/share/camera_py/hook/ament_prefix_path.sh'
[0.350s] INFO:colcon.colcon_core.shell:Skip shell extension 'powershell' for command environment: Not usable outside of PowerShell
[0.351s] DEBUG:colcon.colcon_core.shell:Skip shell extension 'dsv' for command environment
[0.354s] INFO:colcon.colcon_ros.task.ament_python.build:Building ROS package in '/home/m4/object_detection/src/objects_py' with build type 'ament_python'
[0.355s] Level 1:colcon.colcon_core.shell:create_environment_hook('object_detection', 'ament_prefix_path')
[0.355s] INFO:colcon.colcon_core.shell:Creating environment hook '/home/m4/object_detection/install/object_detection/share/object_detection/hook/ament_prefix_path.ps1'
[0.356s] INFO:colcon.colcon_core.shell:Creating environment descriptor '/home/m4/object_detection/install/object_detection/share/object_detection/hook/ament_prefix_path.dsv'
[0.356s] INFO:colcon.colcon_core.shell:Creating environment hook '/home/m4/object_detection/install/object_detection/share/object_detection/hook/ament_prefix_path.sh'
[0.357s] INFO:colcon.colcon_core.shell:Skip shell extension 'powershell' for command environment: Not usable outside of PowerShell
[0.357s] DEBUG:colcon.colcon_core.shell:Skip shell extension 'dsv' for command environment
[0.372s] DEBUG:colcon.colcon_core.event_handler.log_command:Invoking command in '/home/m4/object_detection/build/camera_opencv': CMAKE_PREFIX_PATH=${CMAKE_PREFIX_PATH}:/home/m4/object_detection/install/object_detection:/opt/ros/humble:/home/m4/object_detection/install/objects_py:/home/m4/object_detection/install/camera_py /usr/bin/cmake --build /home/m4/object_detection/build/camera_opencv -- -j6 -l6
[0.653s] INFO:colcon.colcon_core.task.python.build:Building Python package in '/home/m4/object_detection/src/camera_py'
[0.654s] INFO:colcon.colcon_core.shell:Skip shell extension 'powershell' for command environment: Not usable outside of PowerShell
[0.654s] DEBUG:colcon.colcon_core.shell:Skip shell extension 'dsv' for command environment
[0.903s] INFO:colcon.colcon_core.task.python.build:Building Python package in '/home/m4/object_detection/src/objects_py'
[0.904s] INFO:colcon.colcon_core.shell:Skip shell extension 'powershell' for command environment: Not usable outside of PowerShell
[0.904s] DEBUG:colcon.colcon_core.shell:Skip shell extension 'dsv' for command environment
[0.912s] DEBUG:colcon.colcon_core.event_handler.log_command:Invoked command in '/home/m4/object_detection/build/camera_opencv' returned '0': CMAKE_PREFIX_PATH=${CMAKE_PREFIX_PATH}:/home/m4/object_detection/install/object_detection:/opt/ros/humble:/home/m4/object_detection/install/objects_py:/home/m4/object_detection/install/camera_py /usr/bin/cmake --build /home/m4/object_detection/build/camera_opencv -- -j6 -l6
[0.978s] DEBUG:colcon.colcon_core.event_handler.log_command:Invoking command in '/home/m4/object_detection/build/camera_opencv': CMAKE_PREFIX_PATH=${CMAKE_PREFIX_PATH}:/home/m4/object_detection/install/object_detection:/opt/ros/humble:/home/m4/object_detection/install/objects_py:/home/m4/object_detection/install/camera_py /usr/bin/cmake --install /home/m4/object_detection/build/camera_opencv
[0.996s] Level 1:colcon.colcon_core.environment:create_environment_scripts_only(camera_opencv)
[0.997s] DEBUG:colcon.colcon_core.event_handler.log_command:Invoked command in '/home/m4/object_detection/build/camera_opencv' returned '0': CMAKE_PREFIX_PATH=${CMAKE_PREFIX_PATH}:/home/m4/object_detection/install/object_detection:/opt/ros/humble:/home/m4/object_detection/install/objects_py:/home/m4/object_detection/install/camera_py /usr/bin/cmake --install /home/m4/object_detection/build/camera_opencv
[1.000s] Level 1:colcon.colcon_core.environment:checking '/home/m4/object_detection/install/camera_opencv' for CMake module files
[1.000s] Level 1:colcon.colcon_core.environment:checking '/home/m4/object_detection/install/camera_opencv' for CMake config files
[1.001s] Level 1:colcon.colcon_core.shell:create_environment_hook('camera_opencv', 'cmake_prefix_path')
[1.001s] INFO:colcon.colcon_core.shell:Creating environment hook '/home/m4/object_detection/install/camera_opencv/share/camera_opencv/hook/cmake_prefix_path.ps1'
[1.002s] INFO:colcon.colcon_core.shell:Creating environment descriptor '/home/m4/object_detection/install/camera_opencv/share/camera_opencv/hook/cmake_prefix_path.dsv'
[1.002s] INFO:colcon.colcon_core.shell:Creating environment hook '/home/m4/object_detection/install/camera_opencv/share/camera_opencv/hook/cmake_prefix_path.sh'
[1.003s] Level 1:colcon.colcon_core.environment:checking '/home/m4/object_detection/install/camera_opencv/lib'
[1.004s] Level 1:colcon.colcon_core.environment:checking '/home/m4/object_detection/install/camera_opencv/bin'
[1.004s] Level 1:colcon.colcon_core.environment:checking '/home/m4/object_detection/install/camera_opencv/lib/pkgconfig/camera_opencv.pc'
[1.004s] Level 1:colcon.colcon_core.environment:checking '/home/m4/object_detection/install/camera_opencv/lib/python3.10/site-packages'
[1.004s] Level 1:colcon.colcon_core.environment:checking '/home/m4/object_detection/install/camera_opencv/bin'
[1.004s] INFO:colcon.colcon_core.shell:Creating package script '/home/m4/object_detection/install/camera_opencv/share/camera_opencv/package.ps1'
[1.006s] INFO:colcon.colcon_core.shell:Creating package descriptor '/home/m4/object_detection/install/camera_opencv/share/camera_opencv/package.dsv'
[1.007s] INFO:colcon.colcon_core.shell:Creating package script '/home/m4/object_detection/install/camera_opencv/share/camera_opencv/package.sh'
[1.008s] INFO:colcon.colcon_core.shell:Creating package script '/home/m4/object_detection/install/camera_opencv/share/camera_opencv/package.bash'
[1.009s] INFO:colcon.colcon_core.shell:Creating package script '/home/m4/object_detection/install/camera_opencv/share/camera_opencv/package.zsh'
[1.010s] Level 1:colcon.colcon_core.environment:create_file_with_runtime_dependencies(/home/m4/object_detection/install/camera_opencv/share/colcon-core/packages/camera_opencv)
[1.064s] Level 1:colcon.colcon_core.environment:create_environment_scripts_only(camera_opencv)
[1.064s] Level 1:colcon.colcon_core.environment:checking '/home/m4/object_detection/install/camera_opencv' for CMake module files
[1.065s] Level 1:colcon.colcon_core.environment:checking '/home/m4/object_detection/install/camera_opencv' for CMake config files
[1.065s] Level 1:colcon.colcon_core.shell:create_environment_hook('camera_opencv', 'cmake_prefix_path')
[1.065s] INFO:colcon.colcon_core.shell:Creating environment hook '/home/m4/object_detection/install/camera_opencv/share/camera_opencv/hook/cmake_prefix_path.ps1'
[1.066s] INFO:colcon.colcon_core.shell:Creating environment descriptor '/home/m4/object_detection/install/camera_opencv/share/camera_opencv/hook/cmake_prefix_path.dsv'
[1.067s] INFO:colcon.colcon_core.shell:Creating environment hook '/home/m4/object_detection/install/camera_opencv/share/camera_opencv/hook/cmake_prefix_path.sh'
[1.068s] Level 1:colcon.colcon_core.environment:checking '/home/m4/object_detection/install/camera_opencv/lib'
[1.068s] Level 1:colcon.colcon_core.environment:checking '/home/m4/object_detection/install/camera_opencv/bin'
[1.068s] Level 1:colcon.colcon_core.environment:checking '/home/m4/object_detection/install/camera_opencv/lib/pkgconfig/camera_opencv.pc'
[1.068s] Level 1:colcon.colcon_core.environment:checking '/home/m4/object_detection/install/camera_opencv/lib/python3.10/site-packages'
[1.069s] Level 1:colcon.colcon_core.environment:checking '/home/m4/object_detection/install/camera_opencv/bin'
[1.069s] INFO:colcon.colcon_core.shell:Creating package script '/home/m4/object_detection/install/camera_opencv/share/camera_opencv/package.ps1'
[1.070s] INFO:colcon.colcon_core.shell:Creating package descriptor '/home/m4/object_detection/install/camera_opencv/share/camera_opencv/package.dsv'
[1.071s] INFO:colcon.colcon_core.shell:Creating package script '/home/m4/object_detection/install/camera_opencv/share/camera_opencv/package.sh'
[1.071s] INFO:colcon.colcon_core.shell:Creating package script '/home/m4/object_detection/install/camera_opencv/share/camera_opencv/package.bash'
[1.072s] INFO:colcon.colcon_core.shell:Creating package script '/home/m4/object_detection/install/camera_opencv/share/camera_opencv/package.zsh'
[1.073s] Level 1:colcon.colcon_core.environment:create_file_with_runtime_dependencies(/home/m4/object_detection/install/camera_opencv/share/colcon-core/packages/camera_opencv)
[1.293s] DEBUG:colcon.colcon_core.event_handler.log_command:Invoking command in '/home/m4/object_detection/src/camera_py': PYTHONPATH=/home/m4/object_detection/build/camera_py/prefix_override:/usr/lib/python3/dist-packages/colcon_core/task/python/colcon_distutils_commands:/home/m4/object_detection/install/camera_py/lib/python3.10/site-packages:${PYTHONPATH} /usr/bin/python3 -W ignore:setup.py install is deprecated setup.py egg_info --egg-base ../../build/camera_py build --build-base /home/m4/object_detection/build/camera_py/build install --record /home/m4/object_detection/build/camera_py/install.log --single-version-externally-managed install_data
[1.303s] DEBUG:colcon.colcon_core.event_handler.log_command:Invoking command in '/home/m4/object_detection/src/objects_py': PYTHONPATH=/home/m4/object_detection/build/object_detection/prefix_override:/usr/lib/python3/dist-packages/colcon_core/task/python/colcon_distutils_commands:/home/m4/object_detection/install/object_detection/lib/python3.10/site-packages:${PYTHONPATH} /usr/bin/python3 -W ignore:setup.py install is deprecated setup.py egg_info --egg-base ../../build/object_detection build --build-base /home/m4/object_detection/build/object_detection/build install --record /home/m4/object_detection/build/object_detection/install.log --install-scripts $base/lib/object_detection --single-version-externally-managed install_data
[1.609s] Level 1:colcon.colcon_core.environment:checking '/home/m4/object_detection/install/camera_py' for CMake module files
[1.610s] DEBUG:colcon.colcon_core.event_handler.log_command:Invoked command in '/home/m4/object_detection/src/camera_py' returned '0': PYTHONPATH=/home/m4/object_detection/build/camera_py/prefix_override:/usr/lib/python3/dist-packages/colcon_core/task/python/colcon_distutils_commands:/home/m4/object_detection/install/camera_py/lib/python3.10/site-packages:${PYTHONPATH} /usr/bin/python3 -W ignore:setup.py install is deprecated setup.py egg_info --egg-base ../../build/camera_py build --build-base /home/m4/object_detection/build/camera_py/build install --record /home/m4/object_detection/build/camera_py/install.log --single-version-externally-managed install_data
[1.611s] Level 1:colcon.colcon_core.environment:checking '/home/m4/object_detection/install/camera_py' for CMake config files
[1.612s] Level 1:colcon.colcon_core.environment:checking '/home/m4/object_detection/install/camera_py/lib'
[1.612s] Level 1:colcon.colcon_core.environment:checking '/home/m4/object_detection/install/camera_py/bin'
[1.612s] Level 1:colcon.colcon_core.environment:checking '/home/m4/object_detection/install/camera_py/lib/pkgconfig/camera_py.pc'
[1.612s] Level 1:colcon.colcon_core.environment:checking '/home/m4/object_detection/install/camera_py/lib/python3.10/site-packages'
[1.612s] Level 1:colcon.colcon_core.shell:create_environment_hook('camera_py', 'pythonpath')
[1.613s] INFO:colcon.colcon_core.shell:Creating environment hook '/home/m4/object_detection/install/camera_py/share/camera_py/hook/pythonpath.ps1'
[1.614s] INFO:colcon.colcon_core.shell:Creating environment descriptor '/home/m4/object_detection/install/camera_py/share/camera_py/hook/pythonpath.dsv'
[1.615s] INFO:colcon.colcon_core.shell:Creating environment hook '/home/m4/object_detection/install/camera_py/share/camera_py/hook/pythonpath.sh'
[1.616s] Level 1:colcon.colcon_core.environment:checking '/home/m4/object_detection/install/camera_py/bin'
[1.616s] Level 1:colcon.colcon_core.environment:create_environment_scripts_only(camera_py)
[1.617s] INFO:colcon.colcon_core.shell:Creating package script '/home/m4/object_detection/install/camera_py/share/camera_py/package.ps1'
[1.618s] INFO:colcon.colcon_core.shell:Creating package descriptor '/home/m4/object_detection/install/camera_py/share/camera_py/package.dsv'
[1.619s] INFO:colcon.colcon_core.shell:Creating package script '/home/m4/object_detection/install/camera_py/share/camera_py/package.sh'
[1.620s] INFO:colcon.colcon_core.shell:Creating package script '/home/m4/object_detection/install/camera_py/share/camera_py/package.bash'
[1.620s] INFO:colcon.colcon_core.shell:Creating package script '/home/m4/object_detection/install/camera_py/share/camera_py/package.zsh'
[1.621s] Level 1:colcon.colcon_core.environment:create_file_with_runtime_dependencies(/home/m4/object_detection/install/camera_py/share/colcon-core/packages/camera_py)
[1.624s] Level 1:colcon.colcon_core.environment:checking '/home/m4/object_detection/install/object_detection' for CMake module files
[1.626s] DEBUG:colcon.colcon_core.event_handler.log_command:Invoked command in '/home/m4/object_detection/src/objects_py' returned '0': PYTHONPATH=/home/m4/object_detection/build/object_detection/prefix_override:/usr/lib/python3/dist-packages/colcon_core/task/python/colcon_distutils_commands:/home/m4/object_detection/install/object_detection/lib/python3.10/site-packages:${PYTHONPATH} /usr/bin/python3 -W ignore:setup.py install is deprecated setup.py egg_info --egg-base ../../build/object_detection build --build-base /home/m4/object_detection/build/object_detection/build install --record /home/m4/object_detection/build/object_detection/install.log --install-scripts $base/lib/object_detection --single-version-externally-managed install_data
[1.626s] Level 1:colcon.colcon_core.environment:checking '/home/m4/object_detection/install/object_detection' for CMake config files
[1.627s] Level 1:colcon.colcon_core.environment:checking '/home/m4/object_detection/install/object_detection/lib'
[1.627s] Level 1:colcon.colcon_core.environment:checking '/home/m4/object_detection/install/object_detection/bin'
[1.627s] Level 1:colcon.colcon_core.environment:checking '/home/m4/object_detection/install/object_detection/lib/pkgconfig/object_detection.pc'
[1.628s] Level 1:colcon.colcon_core.environment:checking '/home/m4/object_detection/install/object_detection/lib/python3.10/site-packages'
[1.628s] Level 1:colcon.colcon_core.shell:create_environment_hook('object_detection', 'pythonpath')
[1.628s] INFO:colcon.colcon_core.shell:Creating environment hook '/home/m4/object_detection/install/object_detection/share/object_detection/hook/pythonpath.ps1'
[1.629s] INFO:colcon.colcon_core.shell:Creating environment descriptor '/home/m4/object_detection/install/object_detection/share/object_detection/hook/pythonpath.dsv'
[1.630s] INFO:colcon.colcon_core.shell:Creating environment hook '/home/m4/object_detection/install/object_detection/share/object_detection/hook/pythonpath.sh'
[1.631s] Level 1:colcon.colcon_core.environment:checking '/home/m4/object_detection/install/object_detection/bin'
[1.631s] Level 1:colcon.colcon_core.environment:create_environment_scripts_only(object_detection)
[1.631s] INFO:colcon.colcon_core.shell:Creating package script '/home/m4/object_detection/install/object_detection/share/object_detection/package.ps1'
[1.632s] INFO:colcon.colcon_core.shell:Creating package descriptor '/home/m4/object_detection/install/object_detection/share/object_detection/package.dsv'
[1.633s] INFO:colcon.colcon_core.shell:Creating package script '/home/m4/object_detection/install/object_detection/share/object_detection/package.sh'
[1.634s] INFO:colcon.colcon_core.shell:Creating package script '/home/m4/object_detection/install/object_detection/share/object_detection/package.bash'
[1.635s] INFO:colcon.colcon_core.shell:Creating package script '/home/m4/object_detection/install/object_detection/share/object_detection/package.zsh'
[1.635s] Level 1:colcon.colcon_core.environment:create_file_with_runtime_dependencies(/home/m4/object_detection/install/object_detection/share/colcon-core/packages/object_detection)
[1.636s] DEBUG:colcon.colcon_parallel_executor.executor.parallel:closing loop
[1.636s] DEBUG:colcon.colcon_parallel_executor.executor.parallel:loop closed
[1.637s] DEBUG:colcon.colcon_parallel_executor.executor.parallel:run_until_complete finished with '0'
[1.637s] DEBUG:colcon.colcon_core.event_reactor:joining thread
[1.644s] INFO:colcon.colcon_core.plugin_system:Skipping extension 'colcon_notification.desktop_notification.terminal_notifier': Not used on non-Darwin systems
[1.644s] INFO:colcon.colcon_core.plugin_system:Skipping extension 'colcon_notification.desktop_notification.win32': Not used on non-Windows systems
[1.644s] INFO:colcon.colcon_notification.desktop_notification:Sending desktop notification using 'notify2'
[1.662s] DEBUG:colcon.colcon_core.event_reactor:joined thread
[1.662s] INFO:colcon.colcon_core.shell:Creating prefix script '/home/m4/object_detection/install/local_setup.ps1'
[1.664s] INFO:colcon.colcon_core.shell:Creating prefix util module '/home/m4/object_detection/install/_local_setup_util_ps1.py'
[1.666s] INFO:colcon.colcon_core.shell:Creating prefix chain script '/home/m4/object_detection/install/setup.ps1'
[1.667s] INFO:colcon.colcon_core.shell:Creating prefix script '/home/m4/object_detection/install/local_setup.sh'
[1.668s] INFO:colcon.colcon_core.shell:Creating prefix util module '/home/m4/object_detection/install/_local_setup_util_sh.py'
[1.669s] INFO:colcon.colcon_core.shell:Creating prefix chain script '/home/m4/object_detection/install/setup.sh'
[1.671s] INFO:colcon.colcon_core.shell:Creating prefix script '/home/m4/object_detection/install/local_setup.bash'
[1.672s] INFO:colcon.colcon_core.shell:Creating prefix chain script '/home/m4/object_detection/install/setup.bash'
[1.674s] INFO:colcon.colcon_core.shell:Creating prefix script '/home/m4/object_detection/install/local_setup.zsh'
[1.675s] INFO:colcon.colcon_core.shell:Creating prefix chain script '/home/m4/object_detection/install/setup.zsh'
