[0.021s] Invoking command in '/home/m4/object_detection/build/camera_opencv': /usr/bin/cmake --build /home/m4/object_detection/build/camera_opencv -- -j6 -l6
[0.104s] [100%] Built target camera
[0.237s] Invoked command in '/home/m4/object_detection/build/camera_opencv' returned '0': /usr/bin/cmake --build /home/m4/object_detection/build/camera_opencv -- -j6 -l6
[0.299s] Invoking command in '/home/m4/object_detection/build/camera_opencv': /usr/bin/cmake --install /home/m4/object_detection/build/camera_opencv
[0.311s] -- Install configuration: ""
[0.312s] -- Up-to-date: /home/m4/object_detection/install/camera_opencv/lib/camera_opencv/camera
[0.312s] -- Up-to-date: /home/m4/object_detection/install/camera_opencv/share/ament_index/resource_index/package_run_dependencies/camera_opencv
[0.312s] -- Up-to-date: /home/m4/object_detection/install/camera_opencv/share/ament_index/resource_index/parent_prefix_path/camera_opencv
[0.313s] -- Up-to-date: /home/m4/object_detection/install/camera_opencv/share/camera_opencv/environment/ament_prefix_path.sh
[0.313s] -- Up-to-date: /home/m4/object_detection/install/camera_opencv/share/camera_opencv/environment/ament_prefix_path.dsv
[0.313s] -- Up-to-date: /home/m4/object_detection/install/camera_opencv/share/camera_opencv/environment/path.sh
[0.313s] -- Up-to-date: /home/m4/object_detection/install/camera_opencv/share/camera_opencv/environment/path.dsv
[0.313s] -- Up-to-date: /home/m4/object_detection/install/camera_opencv/share/camera_opencv/local_setup.bash
[0.314s] -- Up-to-date: /home/m4/object_detection/install/camera_opencv/share/camera_opencv/local_setup.sh
[0.314s] -- Up-to-date: /home/m4/object_detection/install/camera_opencv/share/camera_opencv/local_setup.zsh
[0.314s] -- Up-to-date: /home/m4/object_detection/install/camera_opencv/share/camera_opencv/local_setup.dsv
[0.314s] -- Installing: /home/m4/object_detection/install/camera_opencv/share/camera_opencv/package.dsv
[0.314s] -- Up-to-date: /home/m4/object_detection/install/camera_opencv/share/ament_index/resource_index/packages/camera_opencv
[0.314s] -- Up-to-date: /home/m4/object_detection/install/camera_opencv/share/camera_opencv/cmake/camera_opencvConfig.cmake
[0.315s] -- Up-to-date: /home/m4/object_detection/install/camera_opencv/share/camera_opencv/cmake/camera_opencvConfig-version.cmake
[0.315s] -- Up-to-date: /home/m4/object_detection/install/camera_opencv/share/camera_opencv/package.xml
[0.318s] Invoked command in '/home/m4/object_detection/build/camera_opencv' returned '0': /usr/bin/cmake --install /home/m4/object_detection/build/camera_opencv
