[0.035s] Invoking command in '/home/m4/object_detection/build/camera_opencv': CMAKE_PREFIX_PATH=${CMAKE_PREFIX_PATH}:/home/m4/object_detection/install/object_detection:/opt/ros/humble:/home/m4/object_detection/install/objects_py:/home/m4/object_detection/install/camera_py /usr/bin/cmake --build /home/m4/object_detection/build/camera_opencv -- -j6 -l6
[0.276s] [100%] Built target camera
[0.277s] Invoked command in '/home/m4/object_detection/build/camera_opencv' returned '0': CMAKE_PREFIX_PATH=${CMAKE_PREFIX_PATH}:/home/m4/object_detection/install/object_detection:/opt/ros/humble:/home/m4/object_detection/install/objects_py:/home/m4/object_detection/install/camera_py /usr/bin/cmake --build /home/m4/object_detection/build/camera_opencv -- -j6 -l6
[0.553s] Invoking command in '/home/m4/object_detection/build/camera_opencv': CMAKE_PREFIX_PATH=${CMAKE_PREFIX_PATH}:/home/m4/object_detection/install/object_detection:/opt/ros/humble:/home/m4/object_detection/install/objects_py:/home/m4/object_detection/install/camera_py /usr/bin/cmake --install /home/m4/object_detection/build/camera_opencv
[0.562s] -- Install configuration: ""
[0.563s] -- Up-to-date: /home/m4/object_detection/install/camera_opencv/lib/camera_opencv/camera
[0.563s] -- Up-to-date: /home/m4/object_detection/install/camera_opencv/share/ament_index/resource_index/package_run_dependencies/camera_opencv
[0.563s] -- Up-to-date: /home/m4/object_detection/install/camera_opencv/share/ament_index/resource_index/parent_prefix_path/camera_opencv
[0.563s] -- Up-to-date: /home/m4/object_detection/install/camera_opencv/share/camera_opencv/environment/ament_prefix_path.sh
[0.564s] -- Up-to-date: /home/m4/object_detection/install/camera_opencv/share/camera_opencv/environment/ament_prefix_path.dsv
[0.564s] -- Up-to-date: /home/m4/object_detection/install/camera_opencv/share/camera_opencv/environment/path.sh
[0.564s] -- Up-to-date: /home/m4/object_detection/install/camera_opencv/share/camera_opencv/environment/path.dsv
[0.564s] -- Up-to-date: /home/m4/object_detection/install/camera_opencv/share/camera_opencv/local_setup.bash
[0.564s] -- Up-to-date: /home/m4/object_detection/install/camera_opencv/share/camera_opencv/local_setup.sh
[0.565s] -- Up-to-date: /home/m4/object_detection/install/camera_opencv/share/camera_opencv/local_setup.zsh
[0.565s] -- Up-to-date: /home/m4/object_detection/install/camera_opencv/share/camera_opencv/local_setup.dsv
[0.565s] -- Installing: /home/m4/object_detection/install/camera_opencv/share/camera_opencv/package.dsv
[0.565s] -- Up-to-date: /home/m4/object_detection/install/camera_opencv/share/ament_index/resource_index/packages/camera_opencv
[0.565s] -- Up-to-date: /home/m4/object_detection/install/camera_opencv/share/camera_opencv/cmake/camera_opencvConfig.cmake
[0.565s] -- Up-to-date: /home/m4/object_detection/install/camera_opencv/share/camera_opencv/cmake/camera_opencvConfig-version.cmake
[0.565s] -- Up-to-date: /home/m4/object_detection/install/camera_opencv/share/camera_opencv/package.xml
[0.568s] Invoked command in '/home/m4/object_detection/build/camera_opencv' returned '0': CMAKE_PREFIX_PATH=${CMAKE_PREFIX_PATH}:/home/m4/object_detection/install/object_detection:/opt/ros/humble:/home/m4/object_detection/install/objects_py:/home/m4/object_detection/install/camera_py /usr/bin/cmake --install /home/m4/object_detection/build/camera_opencv
