[1.750s] Invoking command in '/home/m4/object_detection/src/objects_py': PYTHONPATH=/home/m4/object_detection/build/objects_py/prefix_override:/usr/lib/python3/dist-packages/colcon_core/task/python/colcon_distutils_commands:/home/m4/object_detection/install/objects_py/lib/python3.10/site-packages:${PYTHONPATH} /usr/bin/python3 -W ignore:setup.py install is deprecated setup.py egg_info --egg-base ../../build/objects_py build --build-base /home/m4/object_detection/build/objects_py/build install --record /home/m4/object_detection/build/objects_py/install.log --single-version-externally-managed install_data
[2.263s] running egg_info
[2.264s] writing ../../build/objects_py/objects_py.egg-info/PKG-INFO
[2.265s] writing dependency_links to ../../build/objects_py/objects_py.egg-info/dependency_links.txt
[2.265s] writing entry points to ../../build/objects_py/objects_py.egg-info/entry_points.txt
[2.266s] writing requirements to ../../build/objects_py/objects_py.egg-info/requires.txt
[2.267s] writing top-level names to ../../build/objects_py/objects_py.egg-info/top_level.txt
[2.270s] reading manifest file '../../build/objects_py/objects_py.egg-info/SOURCES.txt'
[2.272s] writing manifest file '../../build/objects_py/objects_py.egg-info/SOURCES.txt'
[2.272s] running build
[2.273s] running build_py
[2.274s] running install
[2.275s] running install_lib
[2.278s] running install_data
[2.279s] running install_egg_info
[2.283s] removing '/home/m4/object_detection/install/objects_py/lib/python3.10/site-packages/objects_py-0.0.0-py3.10.egg-info' (and everything under it)
[2.284s] Copying ../../build/objects_py/objects_py.egg-info to /home/m4/object_detection/install/objects_py/lib/python3.10/site-packages/objects_py-0.0.0-py3.10.egg-info
[2.287s] running install_scripts
[2.331s] Installing detector script to /home/m4/object_detection/install/objects_py/lib/objects_py
[2.333s] writing list of installed files to '/home/m4/object_detection/build/objects_py/install.log'
[2.379s] Invoked command in '/home/m4/object_detection/src/objects_py' returned '0': PYTHONPATH=/home/m4/object_detection/build/objects_py/prefix_override:/usr/lib/python3/dist-packages/colcon_core/task/python/colcon_distutils_commands:/home/m4/object_detection/install/objects_py/lib/python3.10/site-packages:${PYTHONPATH} /usr/bin/python3 -W ignore:setup.py install is deprecated setup.py egg_info --egg-base ../../build/objects_py build --build-base /home/m4/object_detection/build/objects_py/build install --record /home/m4/object_detection/build/objects_py/install.log --single-version-externally-managed install_data
