[0.708s] Invoking command in '/home/m4/object_detection/src/camera_py': PYTHONPATH=/home/m4/object_detection/build/camera_py/prefix_override:/usr/lib/python3/dist-packages/colcon_core/task/python/colcon_distutils_commands:/home/m4/object_detection/install/camera_py/lib/python3.10/site-packages:${PYTHONPATH} /usr/bin/python3 -W ignore:setup.py install is deprecated setup.py egg_info --egg-base ../../build/camera_py build --build-base /home/m4/object_detection/build/camera_py/build install --record /home/m4/object_detection/build/camera_py/install.log --single-version-externally-managed install_data
[0.944s] running egg_info
[0.945s] creating ../../build/camera_py/camera_py.egg-info
[0.945s] writing ../../build/camera_py/camera_py.egg-info/PKG-INFO
[0.946s] writing dependency_links to ../../build/camera_py/camera_py.egg-info/dependency_links.txt
[0.946s] writing entry points to ../../build/camera_py/camera_py.egg-info/entry_points.txt
[0.946s] writing requirements to ../../build/camera_py/camera_py.egg-info/requires.txt
[0.946s] writing top-level names to ../../build/camera_py/camera_py.egg-info/top_level.txt
[0.946s] writing manifest file '../../build/camera_py/camera_py.egg-info/SOURCES.txt'
[0.948s] reading manifest file '../../build/camera_py/camera_py.egg-info/SOURCES.txt'
[0.949s] writing manifest file '../../build/camera_py/camera_py.egg-info/SOURCES.txt'
[0.949s] running build
[0.949s] running build_py
[0.950s] creating /home/m4/object_detection/build/camera_py/build
[0.950s] creating /home/m4/object_detection/build/camera_py/build/lib
[0.950s] creating /home/m4/object_detection/build/camera_py/build/lib/camera_py
[0.950s] copying camera_py/camera.py -> /home/m4/object_detection/build/camera_py/build/lib/camera_py
[0.951s] copying camera_py/__init__.py -> /home/m4/object_detection/build/camera_py/build/lib/camera_py
[0.951s] running install
[0.951s] running install_lib
[0.952s] creating /home/m4/object_detection/install/camera_py/lib/python3.10/site-packages/camera_py
[0.952s] copying /home/m4/object_detection/build/camera_py/build/lib/camera_py/camera.py -> /home/m4/object_detection/install/camera_py/lib/python3.10/site-packages/camera_py
[0.952s] copying /home/m4/object_detection/build/camera_py/build/lib/camera_py/__init__.py -> /home/m4/object_detection/install/camera_py/lib/python3.10/site-packages/camera_py
[0.953s] byte-compiling /home/m4/object_detection/install/camera_py/lib/python3.10/site-packages/camera_py/camera.py to camera.cpython-310.pyc
[0.953s] byte-compiling /home/m4/object_detection/install/camera_py/lib/python3.10/site-packages/camera_py/__init__.py to __init__.cpython-310.pyc
[0.954s] running install_data
[0.954s] creating /home/m4/object_detection/install/camera_py/share/ament_index
[0.954s] creating /home/m4/object_detection/install/camera_py/share/ament_index/resource_index
[0.954s] creating /home/m4/object_detection/install/camera_py/share/ament_index/resource_index/packages
[0.955s] copying resource/camera_py -> /home/m4/object_detection/install/camera_py/share/ament_index/resource_index/packages
[0.955s] copying package.xml -> /home/m4/object_detection/install/camera_py/share/camera_py
[0.955s] running install_egg_info
[0.957s] Copying ../../build/camera_py/camera_py.egg-info to /home/m4/object_detection/install/camera_py/lib/python3.10/site-packages/camera_py-0.0.0-py3.10.egg-info
[0.958s] running install_scripts
[0.977s] Installing camera script to /home/m4/object_detection/install/camera_py/lib/camera_py
[0.978s] writing list of installed files to '/home/m4/object_detection/build/camera_py/install.log'
[1.001s] Invoked command in '/home/m4/object_detection/src/camera_py' returned '0': PYTHONPATH=/home/m4/object_detection/build/camera_py/prefix_override:/usr/lib/python3/dist-packages/colcon_core/task/python/colcon_distutils_commands:/home/m4/object_detection/install/camera_py/lib/python3.10/site-packages:${PYTHONPATH} /usr/bin/python3 -W ignore:setup.py install is deprecated setup.py egg_info --egg-base ../../build/camera_py build --build-base /home/m4/object_detection/build/camera_py/build install --record /home/m4/object_detection/build/camera_py/install.log --single-version-externally-managed install_data
