[0.959s] Invoking command in '/home/m4/object_detection/src/objects_py': PYTHONPATH=/home/m4/object_detection/build/object_detection/prefix_override:/usr/lib/python3/dist-packages/colcon_core/task/python/colcon_distutils_commands:/home/m4/object_detection/install/object_detection/lib/python3.10/site-packages:${PYTHONPATH} /usr/bin/python3 -W ignore:setup.py install is deprecated setup.py egg_info --egg-base ../../build/object_detection build --build-base /home/m4/object_detection/build/object_detection/build install --record /home/m4/object_detection/build/object_detection/install.log --install-scripts $base/lib/object_detection --single-version-externally-managed install_data
[1.265s] /usr/lib/python3/dist-packages/setuptools/dist.py:723: UserWarning: Usage of dash-separated 'script-dir' will not be supported in future versions. Please use the underscore name 'script_dir' instead
[1.265s]   warnings.warn(
[1.272s] running egg_info
[1.274s] writing ../../build/object_detection/object_detection.egg-info/PKG-INFO
[1.274s] writing dependency_links to ../../build/object_detection/object_detection.egg-info/dependency_links.txt
[1.274s] writing entry points to ../../build/object_detection/object_detection.egg-info/entry_points.txt
[1.275s] writing requirements to ../../build/object_detection/object_detection.egg-info/requires.txt
[1.275s] writing top-level names to ../../build/object_detection/object_detection.egg-info/top_level.txt
[1.277s] reading manifest file '../../build/object_detection/object_detection.egg-info/SOURCES.txt'
[1.278s] writing manifest file '../../build/object_detection/object_detection.egg-info/SOURCES.txt'
[1.279s] running build
[1.279s] running build_py
[1.279s] running install
[1.279s] running install_lib
[1.281s] running install_data
[1.281s] running install_egg_info
[1.283s] removing '/home/m4/object_detection/install/object_detection/lib/python3.10/site-packages/object_detection-0.0.0-py3.10.egg-info' (and everything under it)
[1.283s] Copying ../../build/object_detection/object_detection.egg-info to /home/m4/object_detection/install/object_detection/lib/python3.10/site-packages/object_detection-0.0.0-py3.10.egg-info
[1.284s] running install_scripts
[1.306s] Installing detector script to /home/m4/object_detection/install/object_detection/lib/object_detection
[1.306s] writing list of installed files to '/home/m4/object_detection/build/object_detection/install.log'
[1.336s] Invoked command in '/home/m4/object_detection/src/objects_py' returned '0': PYTHONPATH=/home/m4/object_detection/build/object_detection/prefix_override:/usr/lib/python3/dist-packages/colcon_core/task/python/colcon_distutils_commands:/home/m4/object_detection/install/object_detection/lib/python3.10/site-packages:${PYTHONPATH} /usr/bin/python3 -W ignore:setup.py install is deprecated setup.py egg_info --egg-base ../../build/object_detection build --build-base /home/m4/object_detection/build/object_detection/build install --record /home/m4/object_detection/build/object_detection/install.log --install-scripts $base/lib/object_detection --single-version-externally-managed install_data
