[1.130s] Invoking command in '/home/m4/object_detection/src/camera_py': PYTHONPATH=/home/m4/object_detection/build/camera_py/prefix_override:/usr/lib/python3/dist-packages/colcon_core/task/python/colcon_distutils_commands:/home/m4/object_detection/install/camera_py/lib/python3.10/site-packages:${PYTHONPATH} /usr/bin/python3 -W ignore:setup.py install is deprecated setup.py egg_info --egg-base ../../build/camera_py build --build-base /home/m4/object_detection/build/camera_py/build install --record /home/m4/object_detection/build/camera_py/install.log --single-version-externally-managed install_data
[1.452s] running egg_info
[1.453s] creating ../../build/camera_py/camera_py.egg-info
[1.453s] writing ../../build/camera_py/camera_py.egg-info/PKG-INFO
[1.453s] writing dependency_links to ../../build/camera_py/camera_py.egg-info/dependency_links.txt
[1.453s] writing entry points to ../../build/camera_py/camera_py.egg-info/entry_points.txt
[1.454s] writing requirements to ../../build/camera_py/camera_py.egg-info/requires.txt
[1.454s] writing top-level names to ../../build/camera_py/camera_py.egg-info/top_level.txt
[1.454s] writing manifest file '../../build/camera_py/camera_py.egg-info/SOURCES.txt'
[1.456s] reading manifest file '../../build/camera_py/camera_py.egg-info/SOURCES.txt'
[1.457s] writing manifest file '../../build/camera_py/camera_py.egg-info/SOURCES.txt'
[1.457s] running build
[1.458s] running build_py
[1.458s] creating /home/m4/object_detection/build/camera_py/build
[1.458s] creating /home/m4/object_detection/build/camera_py/build/lib
[1.459s] creating /home/m4/object_detection/build/camera_py/build/lib/camera_py
[1.459s] copying camera_py/camera.py -> /home/m4/object_detection/build/camera_py/build/lib/camera_py
[1.459s] copying camera_py/__init__.py -> /home/m4/object_detection/build/camera_py/build/lib/camera_py
[1.459s] running install
[1.459s] running install_lib
[1.460s] creating /home/m4/object_detection/install/camera_py/lib/python3.10/site-packages/camera_py
[1.460s] copying /home/m4/object_detection/build/camera_py/build/lib/camera_py/camera.py -> /home/m4/object_detection/install/camera_py/lib/python3.10/site-packages/camera_py
[1.460s] copying /home/m4/object_detection/build/camera_py/build/lib/camera_py/__init__.py -> /home/m4/object_detection/install/camera_py/lib/python3.10/site-packages/camera_py
[1.460s] byte-compiling /home/m4/object_detection/install/camera_py/lib/python3.10/site-packages/camera_py/camera.py to camera.cpython-310.pyc
[1.461s] byte-compiling /home/m4/object_detection/install/camera_py/lib/python3.10/site-packages/camera_py/__init__.py to __init__.cpython-310.pyc
[1.462s] running install_data
[1.462s] creating /home/m4/object_detection/install/camera_py/share/ament_index
[1.462s] creating /home/m4/object_detection/install/camera_py/share/ament_index/resource_index
[1.462s] creating /home/m4/object_detection/install/camera_py/share/ament_index/resource_index/packages
[1.462s] copying resource/camera_py -> /home/m4/object_detection/install/camera_py/share/ament_index/resource_index/packages
[1.462s] copying package.xml -> /home/m4/object_detection/install/camera_py/share/camera_py
[1.463s] running install_egg_info
[1.464s] Copying ../../build/camera_py/camera_py.egg-info to /home/m4/object_detection/install/camera_py/lib/python3.10/site-packages/camera_py-0.0.0-py3.10.egg-info
[1.466s] running install_scripts
[1.493s] Installing camera script to /home/m4/object_detection/install/camera_py/lib/camera_py
[1.493s] writing list of installed files to '/home/m4/object_detection/build/camera_py/install.log'
[1.527s] Invoked command in '/home/m4/object_detection/src/camera_py' returned '0': PYTHONPATH=/home/m4/object_detection/build/camera_py/prefix_override:/usr/lib/python3/dist-packages/colcon_core/task/python/colcon_distutils_commands:/home/m4/object_detection/install/camera_py/lib/python3.10/site-packages:${PYTHONPATH} /usr/bin/python3 -W ignore:setup.py install is deprecated setup.py egg_info --egg-base ../../build/camera_py build --build-base /home/m4/object_detection/build/camera_py/build install --record /home/m4/object_detection/build/camera_py/install.log --single-version-externally-managed install_data
