running egg_info
writing ../../build/objects_py/object_detection.egg-info/PKG-INFO
writing dependency_links to ../../build/objects_py/object_detection.egg-info/dependency_links.txt
writing entry points to ../../build/objects_py/object_detection.egg-info/entry_points.txt
writing requirements to ../../build/objects_py/object_detection.egg-info/requires.txt
writing top-level names to ../../build/objects_py/object_detection.egg-info/top_level.txt
reading manifest file '../../build/objects_py/object_detection.egg-info/SOURCES.txt'
writing manifest file '../../build/objects_py/object_detection.egg-info/SOURCES.txt'
running build
running build_py
running install
running install_lib
running install_data
copying resource/object_detection -> /home/m4/object_detection/install/objects_py/share/ament_index/resource_index/packages
creating /home/m4/object_detection/install/objects_py/share/object_detection
copying package.xml -> /home/m4/object_detection/install/objects_py/share/object_detection
running install_egg_info
Copying ../../build/objects_py/object_detection.egg-info to /home/m4/object_detection/install/objects_py/lib/python3.10/site-packages/object_detection-0.0.0-py3.10.egg-info
running install_scripts
Installing detector script to /home/m4/object_detection/install/objects_py/lib/object_detection
writing list of installed files to '/home/m4/object_detection/build/objects_py/install.log'
