[0.912s] Invoking command in '/home/m4/object_detection/src/objects_py': PYTHONPATH=/home/m4/object_detection/build/objects_py/prefix_override:/usr/lib/python3/dist-packages/colcon_core/task/python/colcon_distutils_commands:/home/m4/object_detection/install/objects_py/lib/python3.10/site-packages:${PYTHONPATH} /usr/bin/python3 -W ignore:setup.py install is deprecated setup.py egg_info --egg-base ../../build/objects_py build --build-base /home/m4/object_detection/build/objects_py/build install --record /home/m4/object_detection/build/objects_py/install.log --install-scripts $base/lib/object_detection --single-version-externally-managed install_data
[1.152s] /usr/lib/python3/dist-packages/setuptools/dist.py:723: UserWarning: Usage of dash-separated 'script-dir' will not be supported in future versions. Please use the underscore name 'script_dir' instead
[1.152s]   warnings.warn(
[1.160s] running egg_info
[1.161s] writing ../../build/objects_py/object_detection.egg-info/PKG-INFO
[1.161s] writing dependency_links to ../../build/objects_py/object_detection.egg-info/dependency_links.txt
[1.162s] writing entry points to ../../build/objects_py/object_detection.egg-info/entry_points.txt
[1.162s] writing requirements to ../../build/objects_py/object_detection.egg-info/requires.txt
[1.162s] writing top-level names to ../../build/objects_py/object_detection.egg-info/top_level.txt
[1.164s] reading manifest file '../../build/objects_py/object_detection.egg-info/SOURCES.txt'
[1.165s] writing manifest file '../../build/objects_py/object_detection.egg-info/SOURCES.txt'
[1.166s] running build
[1.166s] running build_py
[1.166s] running install
[1.167s] running install_lib
[1.168s] running install_data
[1.169s] copying resource/object_detection -> /home/m4/object_detection/install/objects_py/share/ament_index/resource_index/packages
[1.169s] creating /home/m4/object_detection/install/objects_py/share/object_detection
[1.169s] copying package.xml -> /home/m4/object_detection/install/objects_py/share/object_detection
[1.169s] running install_egg_info
[1.171s] Copying ../../build/objects_py/object_detection.egg-info to /home/m4/object_detection/install/objects_py/lib/python3.10/site-packages/object_detection-0.0.0-py3.10.egg-info
[1.172s] running install_scripts
[1.195s] Installing detector script to /home/m4/object_detection/install/objects_py/lib/object_detection
[1.196s] writing list of installed files to '/home/m4/object_detection/build/objects_py/install.log'
[1.228s] Invoked command in '/home/m4/object_detection/src/objects_py' returned '0': PYTHONPATH=/home/m4/object_detection/build/objects_py/prefix_override:/usr/lib/python3/dist-packages/colcon_core/task/python/colcon_distutils_commands:/home/m4/object_detection/install/objects_py/lib/python3.10/site-packages:${PYTHONPATH} /usr/bin/python3 -W ignore:setup.py install is deprecated setup.py egg_info --egg-base ../../build/objects_py build --build-base /home/m4/object_detection/build/objects_py/build install --record /home/m4/object_detection/build/objects_py/install.log --install-scripts $base/lib/object_detection --single-version-externally-managed install_data
