[1.079s] Invoking command in '/home/m4/object_detection/src/camera_py': PYTHONPATH=/home/m4/object_detection/build/camera_py/prefix_override:/usr/lib/python3/dist-packages/colcon_core/task/python/colcon_distutils_commands:/home/m4/object_detection/install/camera_py/lib/python3.10/site-packages:${PYTHONPATH} /usr/bin/python3 -W ignore:setup.py install is deprecated setup.py egg_info --egg-base ../../build/camera_py build --build-base /home/m4/object_detection/build/camera_py/build install --record /home/m4/object_detection/build/camera_py/install.log --single-version-externally-managed install_data
[1.357s] running egg_info
[1.358s] writing ../../build/camera_py/camera_py.egg-info/PKG-INFO
[1.359s] writing dependency_links to ../../build/camera_py/camera_py.egg-info/dependency_links.txt
[1.359s] writing entry points to ../../build/camera_py/camera_py.egg-info/entry_points.txt
[1.360s] writing requirements to ../../build/camera_py/camera_py.egg-info/requires.txt
[1.360s] writing top-level names to ../../build/camera_py/camera_py.egg-info/top_level.txt
[1.362s] reading manifest file '../../build/camera_py/camera_py.egg-info/SOURCES.txt'
[1.363s] writing manifest file '../../build/camera_py/camera_py.egg-info/SOURCES.txt'
[1.363s] running build
[1.363s] running build_py
[1.364s] running install
[1.364s] running install_lib
[1.366s] running install_data
[1.366s] running install_egg_info
[1.368s] removing '/home/m4/object_detection/install/camera_py/lib/python3.10/site-packages/camera_py-0.0.0-py3.10.egg-info' (and everything under it)
[1.369s] Copying ../../build/camera_py/camera_py.egg-info to /home/m4/object_detection/install/camera_py/lib/python3.10/site-packages/camera_py-0.0.0-py3.10.egg-info
[1.370s] running install_scripts
[1.393s] Installing camera script to /home/m4/object_detection/install/camera_py/lib/camera_py
[1.393s] writing list of installed files to '/home/m4/object_detection/build/camera_py/install.log'
[1.422s] Invoked command in '/home/m4/object_detection/src/camera_py' returned '0': PYTHONPATH=/home/m4/object_detection/build/camera_py/prefix_override:/usr/lib/python3/dist-packages/colcon_core/task/python/colcon_distutils_commands:/home/m4/object_detection/install/camera_py/lib/python3.10/site-packages:${PYTHONPATH} /usr/bin/python3 -W ignore:setup.py install is deprecated setup.py egg_info --egg-base ../../build/camera_py build --build-base /home/m4/object_detection/build/camera_py/build install --record /home/m4/object_detection/build/camera_py/install.log --single-version-externally-managed install_data
