[1.054s] Invoking command in '/home/m4/object_detection/src/object_detection': PYTHONPATH=/home/m4/object_detection/build/object_detection/prefix_override:/usr/lib/python3/dist-packages/colcon_core/task/python/colcon_distutils_commands:/home/m4/object_detection/install/object_detection/lib/python3.10/site-packages:${PYTHONPATH} /usr/bin/python3 -W ignore:setup.py install is deprecated setup.py egg_info --egg-base ../../build/object_detection build --build-base /home/m4/object_detection/build/object_detection/build install --record /home/m4/object_detection/build/object_detection/install.log --install-scripts $base/lib/object_detection --single-version-externally-managed install_data
[1.302s] /usr/lib/python3/dist-packages/setuptools/dist.py:723: UserWarning: Usage of dash-separated 'script-dir' will not be supported in future versions. Please use the underscore name 'script_dir' instead
[1.303s]   warnings.warn(
[1.314s] running egg_info
[1.316s] writing ../../build/object_detection/object_detection.egg-info/PKG-INFO
[1.316s] writing dependency_links to ../../build/object_detection/object_detection.egg-info/dependency_links.txt
[1.317s] writing entry points to ../../build/object_detection/object_detection.egg-info/entry_points.txt
[1.317s] writing requirements to ../../build/object_detection/object_detection.egg-info/requires.txt
[1.317s] writing top-level names to ../../build/object_detection/object_detection.egg-info/top_level.txt
[1.320s] reading manifest file '../../build/object_detection/object_detection.egg-info/SOURCES.txt'
[1.321s] writing manifest file '../../build/object_detection/object_detection.egg-info/SOURCES.txt'
[1.322s] running build
[1.322s] running build_py
[1.322s] running install
[1.323s] running install_lib
[1.324s] running install_data
[1.325s] running install_egg_info
[1.327s] removing '/home/m4/object_detection/install/object_detection/lib/python3.10/site-packages/object_detection-0.0.0-py3.10.egg-info' (and everything under it)
[1.328s] Copying ../../build/object_detection/object_detection.egg-info to /home/m4/object_detection/install/object_detection/lib/python3.10/site-packages/object_detection-0.0.0-py3.10.egg-info
[1.329s] running install_scripts
[1.359s] Installing detector script to /home/m4/object_detection/install/object_detection/lib/object_detection
[1.359s] writing list of installed files to '/home/m4/object_detection/build/object_detection/install.log'
[1.393s] Invoked command in '/home/m4/object_detection/src/object_detection' returned '0': PYTHONPATH=/home/m4/object_detection/build/object_detection/prefix_override:/usr/lib/python3/dist-packages/colcon_core/task/python/colcon_distutils_commands:/home/m4/object_detection/install/object_detection/lib/python3.10/site-packages:${PYTHONPATH} /usr/bin/python3 -W ignore:setup.py install is deprecated setup.py egg_info --egg-base ../../build/object_detection build --build-base /home/m4/object_detection/build/object_detection/build install --record /home/m4/object_detection/build/object_detection/install.log --install-scripts $base/lib/object_detection --single-version-externally-managed install_data
