[0.028s] Invoking command in '/home/m4/object_detection/build/camera_opencv': CMAKE_PREFIX_PATH=${CMAKE_PREFIX_PATH}:/opt/ros/humble:/home/m4/object_detection/install/objects_py:/home/m4/object_detection/install/object_detection:/home/m4/object_detection/install/camera_py /usr/bin/cmake /home/m4/object_detection/src/camera_opencv -DCMAKE_INSTALL_PREFIX=/home/m4/object_detection/install/camera_opencv
[0.385s] -- The C compiler identification is GNU 11.4.0
[0.385s] -- The CXX compiler identification is GNU 11.4.0
[0.391s] -- Detecting C compiler ABI info
[0.502s] -- Detecting C compiler ABI info - done
[0.510s] -- Check for working C compiler: /usr/bin/cc - skipped
[0.511s] -- Detecting C compile features
[0.512s] -- Detecting C compile features - done
[0.517s] -- Detecting CXX compiler ABI info
[0.643s] -- Detecting CXX compiler ABI info - done
[0.652s] -- Check for working CXX compiler: /usr/bin/c++ - skipped
[0.652s] -- Detecting CXX compile features
[0.652s] -- Detecting CXX compile features - done
[0.659s] -- Found ament_cmake: 1.3.10 (/opt/ros/humble/share/ament_cmake/cmake)
[0.882s] -- Found Python3: /usr/bin/python3 (found version "3.10.12") found components: Interpreter 
[1.042s] -- Found OpenCV: /usr (found version "4.5.4") 
[1.045s] -- Found rclcpp: 16.0.10 (/opt/ros/humble/share/rclcpp/cmake)
[1.143s] -- Found rosidl_generator_c: 3.1.5 (/opt/ros/humble/share/rosidl_generator_c/cmake)
[1.152s] -- Found rosidl_adapter: 3.1.5 (/opt/ros/humble/share/rosidl_adapter/cmake)
[1.175s] -- Found rosidl_generator_cpp: 3.1.5 (/opt/ros/humble/share/rosidl_generator_cpp/cmake)
[1.207s] -- Using all available rosidl_typesupport_c: rosidl_typesupport_fastrtps_c;rosidl_typesupport_introspection_c
[1.243s] -- Using all available rosidl_typesupport_cpp: rosidl_typesupport_fastrtps_cpp;rosidl_typesupport_introspection_cpp
[1.340s] -- Found rmw_implementation_cmake: 6.1.2 (/opt/ros/humble/share/rmw_implementation_cmake/cmake)
[1.347s] -- Found rmw_fastrtps_cpp: 6.2.7 (/opt/ros/humble/share/rmw_fastrtps_cpp/cmake)
[1.532s] -- Found OpenSSL: /usr/lib/x86_64-linux-gnu/libcrypto.so (found version "3.0.2")  
[1.568s] -- Found FastRTPS: /opt/ros/humble/include  
[1.622s] -- Using RMW implementation 'rmw_fastrtps_cpp' as default
[1.642s] -- Looking for pthread.h
[1.771s] -- Looking for pthread.h - found
[1.771s] -- Performing Test CMAKE_HAVE_LIBC_PTHREAD
[1.876s] -- Performing Test CMAKE_HAVE_LIBC_PTHREAD - Success
[1.877s] -- Found Threads: TRUE  
[1.986s] -- Found sensor_msgs: 4.2.4 (/opt/ros/humble/share/sensor_msgs/cmake)
[2.043s] -- Found cv_bridge: 3.2.1 (/opt/ros/humble/share/cv_bridge/cmake)
[2.050s] -- Found image_transport: 3.1.9 (/opt/ros/humble/share/image_transport/cmake)
[2.112s] -- Found ament_lint_auto: 0.12.11 (/opt/ros/humble/share/ament_lint_auto/cmake)
[2.235s] -- Added test 'copyright' to check source files copyright and LICENSE
[2.237s] -- Added test 'cppcheck' to perform static code analysis on C / C++ code
[2.237s] -- Configured cppcheck include dirs: /home/m4/object_detection/src/camera_opencv/include
[2.237s] -- Configured cppcheck exclude dirs and/or files: 
[2.239s] -- Added test 'cpplint' to check C / C++ code against the Google style
[2.239s] -- Configured cpplint exclude dirs and/or files: 
[2.241s] -- Added test 'lint_cmake' to check CMake code style
[2.243s] -- Added test 'uncrustify' to check C / C++ code style
[2.243s] -- Configured uncrustify additional arguments: 
[2.244s] -- Added test 'xmllint' to check XML markup files
[2.248s] -- Configuring done
[2.273s] -- Generating done
[2.275s] -- Build files have been written to: /home/m4/object_detection/build/camera_opencv
[2.285s] Invoked command in '/home/m4/object_detection/build/camera_opencv' returned '0': CMAKE_PREFIX_PATH=${CMAKE_PREFIX_PATH}:/opt/ros/humble:/home/m4/object_detection/install/objects_py:/home/m4/object_detection/install/object_detection:/home/m4/object_detection/install/camera_py /usr/bin/cmake /home/m4/object_detection/src/camera_opencv -DCMAKE_INSTALL_PREFIX=/home/m4/object_detection/install/camera_opencv
[2.288s] Invoking command in '/home/m4/object_detection/build/camera_opencv': CMAKE_PREFIX_PATH=${CMAKE_PREFIX_PATH}:/opt/ros/humble:/home/m4/object_detection/install/objects_py:/home/m4/object_detection/install/object_detection:/home/m4/object_detection/install/camera_py /usr/bin/cmake --build /home/m4/object_detection/build/camera_opencv -- -j6 -l6
[2.361s] [ 50%] [32mBuilding CXX object CMakeFiles/camera.dir/src/camera.cpp.o[0m
[14.590s] [100%] [32m[1mLinking CXX executable camera[0m
[15.297s] [100%] Built target camera
[15.313s] Invoked command in '/home/m4/object_detection/build/camera_opencv' returned '0': CMAKE_PREFIX_PATH=${CMAKE_PREFIX_PATH}:/opt/ros/humble:/home/m4/object_detection/install/objects_py:/home/m4/object_detection/install/object_detection:/home/m4/object_detection/install/camera_py /usr/bin/cmake --build /home/m4/object_detection/build/camera_opencv -- -j6 -l6
[15.397s] Invoking command in '/home/m4/object_detection/build/camera_opencv': CMAKE_PREFIX_PATH=${CMAKE_PREFIX_PATH}:/opt/ros/humble:/home/m4/object_detection/install/objects_py:/home/m4/object_detection/install/object_detection:/home/m4/object_detection/install/camera_py /usr/bin/cmake --install /home/m4/object_detection/build/camera_opencv
[15.406s] -- Install configuration: ""
[15.407s] -- Installing: /home/m4/object_detection/install/camera_opencv/lib/camera_opencv/camera
[15.408s] -- Set runtime path of "/home/m4/object_detection/install/camera_opencv/lib/camera_opencv/camera" to ""
[15.409s] -- Installing: /home/m4/object_detection/install/camera_opencv/share/ament_index/resource_index/package_run_dependencies/camera_opencv
[15.409s] -- Installing: /home/m4/object_detection/install/camera_opencv/share/ament_index/resource_index/parent_prefix_path/camera_opencv
[15.409s] -- Installing: /home/m4/object_detection/install/camera_opencv/share/camera_opencv/environment/ament_prefix_path.sh
[15.410s] -- Installing: /home/m4/object_detection/install/camera_opencv/share/camera_opencv/environment/ament_prefix_path.dsv
[15.410s] -- Installing: /home/m4/object_detection/install/camera_opencv/share/camera_opencv/environment/path.sh
[15.410s] -- Installing: /home/m4/object_detection/install/camera_opencv/share/camera_opencv/environment/path.dsv
[15.411s] -- Installing: /home/m4/object_detection/install/camera_opencv/share/camera_opencv/local_setup.bash
[15.411s] -- Installing: /home/m4/object_detection/install/camera_opencv/share/camera_opencv/local_setup.sh
[15.411s] -- Installing: /home/m4/object_detection/install/camera_opencv/share/camera_opencv/local_setup.zsh
[15.411s] -- Installing: /home/m4/object_detection/install/camera_opencv/share/camera_opencv/local_setup.dsv
[15.412s] -- Installing: /home/m4/object_detection/install/camera_opencv/share/camera_opencv/package.dsv
[15.412s] -- Installing: /home/m4/object_detection/install/camera_opencv/share/ament_index/resource_index/packages/camera_opencv
[15.412s] -- Installing: /home/m4/object_detection/install/camera_opencv/share/camera_opencv/cmake/camera_opencvConfig.cmake
[15.413s] -- Installing: /home/m4/object_detection/install/camera_opencv/share/camera_opencv/cmake/camera_opencvConfig-version.cmake
[15.413s] -- Installing: /home/m4/object_detection/install/camera_opencv/share/camera_opencv/package.xml
[15.417s] Invoked command in '/home/m4/object_detection/build/camera_opencv' returned '0': CMAKE_PREFIX_PATH=${CMAKE_PREFIX_PATH}:/opt/ros/humble:/home/m4/object_detection/install/objects_py:/home/m4/object_detection/install/object_detection:/home/m4/object_detection/install/camera_py /usr/bin/cmake --install /home/m4/object_detection/build/camera_opencv
