[0.116s] DEBUG:colcon:Command line arguments: ['/usr/bin/colcon', 'build']
[0.116s] DEBUG:colcon:Parsed command line arguments: Namespace(log_base=None, log_level=None, verb_name='build', build_base='build', install_base='install', merge_install=False, symlink_install=False, test_result_base=None, continue_on_error=False, executor='parallel', parallel_workers=6, event_handlers=None, ignore_user_meta=False, metas=['./colcon.meta'], base_paths=['.'], packages_ignore=None, packages_ignore_regex=None, paths=None, packages_up_to=None, packages_up_to_regex=None, packages_above=None, packages_above_and_dependencies=None, packages_above_depth=None, packages_select_by_dep=None, packages_skip_by_dep=None, packages_skip_up_to=None, packages_select_build_failed=False, packages_skip_build_finished=False, packages_select_test_failures=False, packages_skip_test_passed=False, packages_select=None, packages_skip=None, packages_select_regex=None, packages_skip_regex=None, packages_start=None, packages_end=None, allow_overriding=[], cmake_args=None, cmake_target=None, cmake_target_skip_unavailable=False, cmake_clean_cache=False, cmake_clean_first=False, cmake_force_configure=False, ament_cmake_args=None, catkin_cmake_args=None, catkin_skip_building_tests=False, verb_parser=<colcon_defaults.argument_parser.defaults.DefaultArgumentsDecorator object at 0x7de210e0fa00>, verb_extension=<colcon_core.verb.build.BuildVerb object at 0x7de210e0f490>, main=<bound method BuildVerb.main of <colcon_core.verb.build.BuildVerb object at 0x7de210e0f490>>)
[0.286s] Level 1:colcon.colcon_core.package_discovery:discover_packages(colcon_meta) check parameters
[0.286s] Level 1:colcon.colcon_core.package_discovery:discover_packages(recursive) check parameters
[0.286s] Level 1:colcon.colcon_core.package_discovery:discover_packages(ignore) check parameters
[0.286s] Level 1:colcon.colcon_core.package_discovery:discover_packages(path) check parameters
[0.286s] Level 1:colcon.colcon_core.package_discovery:discover_packages(colcon_meta) discover
[0.287s] Level 1:colcon.colcon_core.package_discovery:discover_packages(recursive) discover
[0.287s] INFO:colcon.colcon_core.package_discovery:Crawling recursively for packages in '/home/m4/object_detection'
[0.287s] Level 1:colcon.colcon_core.package_identification:_identify(.) by extensions ['ignore', 'ignore_ament_install']
[0.287s] Level 1:colcon.colcon_core.package_identification:_identify(.) by extension 'ignore'
[0.287s] Level 1:colcon.colcon_core.package_identification:_identify(.) by extension 'ignore_ament_install'
[0.287s] Level 1:colcon.colcon_core.package_identification:_identify(.) by extensions ['colcon_pkg']
[0.287s] Level 1:colcon.colcon_core.package_identification:_identify(.) by extension 'colcon_pkg'
[0.287s] Level 1:colcon.colcon_core.package_identification:_identify(.) by extensions ['colcon_meta']
[0.287s] Level 1:colcon.colcon_core.package_identification:_identify(.) by extension 'colcon_meta'
[0.287s] Level 1:colcon.colcon_core.package_identification:_identify(.) by extensions ['ros']
[0.287s] Level 1:colcon.colcon_core.package_identification:_identify(.) by extension 'ros'
[0.297s] Level 1:colcon.colcon_core.package_identification:_identify(.) by extensions ['cmake', 'python']
[0.297s] Level 1:colcon.colcon_core.package_identification:_identify(.) by extension 'cmake'
[0.297s] Level 1:colcon.colcon_core.package_identification:_identify(.) by extension 'python'
[0.297s] Level 1:colcon.colcon_core.package_identification:_identify(.) by extensions ['python_setup_py']
[0.297s] Level 1:colcon.colcon_core.package_identification:_identify(.) by extension 'python_setup_py'
[0.298s] Level 1:colcon.colcon_core.package_identification:_identify(build) by extensions ['ignore', 'ignore_ament_install']
[0.298s] Level 1:colcon.colcon_core.package_identification:_identify(build) by extension 'ignore'
[0.298s] Level 1:colcon.colcon_core.package_identification:_identify(build) ignored
[0.298s] Level 1:colcon.colcon_core.package_identification:_identify(install) by extensions ['ignore', 'ignore_ament_install']
[0.298s] Level 1:colcon.colcon_core.package_identification:_identify(install) by extension 'ignore'
[0.298s] Level 1:colcon.colcon_core.package_identification:_identify(install) ignored
[0.299s] Level 1:colcon.colcon_core.package_identification:_identify(log) by extensions ['ignore', 'ignore_ament_install']
[0.299s] Level 1:colcon.colcon_core.package_identification:_identify(log) by extension 'ignore'
[0.299s] Level 1:colcon.colcon_core.package_identification:_identify(log) ignored
[0.299s] Level 1:colcon.colcon_core.package_identification:_identify(src) by extensions ['ignore', 'ignore_ament_install']
[0.299s] Level 1:colcon.colcon_core.package_identification:_identify(src) by extension 'ignore'
[0.299s] Level 1:colcon.colcon_core.package_identification:_identify(src) by extension 'ignore_ament_install'
[0.299s] Level 1:colcon.colcon_core.package_identification:_identify(src) by extensions ['colcon_pkg']
[0.300s] Level 1:colcon.colcon_core.package_identification:_identify(src) by extension 'colcon_pkg'
[0.300s] Level 1:colcon.colcon_core.package_identification:_identify(src) by extensions ['colcon_meta']
[0.300s] Level 1:colcon.colcon_core.package_identification:_identify(src) by extension 'colcon_meta'
[0.300s] Level 1:colcon.colcon_core.package_identification:_identify(src) by extensions ['ros']
[0.300s] Level 1:colcon.colcon_core.package_identification:_identify(src) by extension 'ros'
[0.300s] Level 1:colcon.colcon_core.package_identification:_identify(src) by extensions ['cmake', 'python']
[0.300s] Level 1:colcon.colcon_core.package_identification:_identify(src) by extension 'cmake'
[0.300s] Level 1:colcon.colcon_core.package_identification:_identify(src) by extension 'python'
[0.300s] Level 1:colcon.colcon_core.package_identification:_identify(src) by extensions ['python_setup_py']
[0.300s] Level 1:colcon.colcon_core.package_identification:_identify(src) by extension 'python_setup_py'
[0.300s] Level 1:colcon.colcon_core.package_identification:_identify(src/camera_opencv) by extensions ['ignore', 'ignore_ament_install']
[0.300s] Level 1:colcon.colcon_core.package_identification:_identify(src/camera_opencv) by extension 'ignore'
[0.300s] Level 1:colcon.colcon_core.package_identification:_identify(src/camera_opencv) by extension 'ignore_ament_install'
[0.300s] Level 1:colcon.colcon_core.package_identification:_identify(src/camera_opencv) by extensions ['colcon_pkg']
[0.301s] Level 1:colcon.colcon_core.package_identification:_identify(src/camera_opencv) by extension 'colcon_pkg'
[0.301s] Level 1:colcon.colcon_core.package_identification:_identify(src/camera_opencv) by extensions ['colcon_meta']
[0.301s] Level 1:colcon.colcon_core.package_identification:_identify(src/camera_opencv) by extension 'colcon_meta'
[0.301s] Level 1:colcon.colcon_core.package_identification:_identify(src/camera_opencv) by extensions ['ros']
[0.301s] Level 1:colcon.colcon_core.package_identification:_identify(src/camera_opencv) by extension 'ros'
[0.303s] DEBUG:colcon.colcon_core.package_identification:Package 'src/camera_opencv' with type 'ros.ament_cmake' and name 'camera_opencv'
[0.304s] Level 1:colcon.colcon_core.package_identification:_identify(src/camera_py) by extensions ['ignore', 'ignore_ament_install']
[0.304s] Level 1:colcon.colcon_core.package_identification:_identify(src/camera_py) by extension 'ignore'
[0.304s] Level 1:colcon.colcon_core.package_identification:_identify(src/camera_py) by extension 'ignore_ament_install'
[0.304s] Level 1:colcon.colcon_core.package_identification:_identify(src/camera_py) by extensions ['colcon_pkg']
[0.304s] Level 1:colcon.colcon_core.package_identification:_identify(src/camera_py) by extension 'colcon_pkg'
[0.304s] Level 1:colcon.colcon_core.package_identification:_identify(src/camera_py) by extensions ['colcon_meta']
[0.304s] Level 1:colcon.colcon_core.package_identification:_identify(src/camera_py) by extension 'colcon_meta'
[0.304s] Level 1:colcon.colcon_core.package_identification:_identify(src/camera_py) by extensions ['ros']
[0.304s] Level 1:colcon.colcon_core.package_identification:_identify(src/camera_py) by extension 'ros'
[0.305s] DEBUG:colcon.colcon_core.package_identification:Package 'src/camera_py' with type 'ros.ament_python' and name 'camera_py'
[0.305s] Level 1:colcon.colcon_core.package_discovery:discover_packages(recursive) using defaults
[0.305s] Level 1:colcon.colcon_core.package_discovery:discover_packages(ignore) discover
[0.305s] Level 1:colcon.colcon_core.package_discovery:discover_packages(ignore) using defaults
[0.305s] Level 1:colcon.colcon_core.package_discovery:discover_packages(path) discover
[0.305s] Level 1:colcon.colcon_core.package_discovery:discover_packages(path) using defaults
[0.324s] Level 1:colcon.colcon_core.package_discovery:discover_packages(prefix_path) check parameters
[0.324s] Level 1:colcon.colcon_core.package_discovery:discover_packages(prefix_path) discover
[0.326s] DEBUG:colcon.colcon_installed_package_information.package_discovery:Found 1 installed packages in /home/m4/object_detection/install
[0.327s] DEBUG:colcon.colcon_installed_package_information.package_discovery:Found 270 installed packages in /opt/ros/humble
[0.328s] Level 1:colcon.colcon_core.package_discovery:discover_packages(prefix_path) using defaults
[0.372s] Level 5:colcon.colcon_core.verb:set package 'camera_opencv' build argument 'cmake_args' from command line to 'None'
[0.372s] Level 5:colcon.colcon_core.verb:set package 'camera_opencv' build argument 'cmake_target' from command line to 'None'
[0.372s] Level 5:colcon.colcon_core.verb:set package 'camera_opencv' build argument 'cmake_target_skip_unavailable' from command line to 'False'
[0.372s] Level 5:colcon.colcon_core.verb:set package 'camera_opencv' build argument 'cmake_clean_cache' from command line to 'False'
[0.372s] Level 5:colcon.colcon_core.verb:set package 'camera_opencv' build argument 'cmake_clean_first' from command line to 'False'
[0.372s] Level 5:colcon.colcon_core.verb:set package 'camera_opencv' build argument 'cmake_force_configure' from command line to 'False'
[0.372s] Level 5:colcon.colcon_core.verb:set package 'camera_opencv' build argument 'ament_cmake_args' from command line to 'None'
[0.372s] Level 5:colcon.colcon_core.verb:set package 'camera_opencv' build argument 'catkin_cmake_args' from command line to 'None'
[0.372s] Level 5:colcon.colcon_core.verb:set package 'camera_opencv' build argument 'catkin_skip_building_tests' from command line to 'False'
[0.372s] DEBUG:colcon.colcon_core.verb:Building package 'camera_opencv' with the following arguments: {'ament_cmake_args': None, 'build_base': '/home/m4/object_detection/build/camera_opencv', 'catkin_cmake_args': None, 'catkin_skip_building_tests': False, 'cmake_args': None, 'cmake_clean_cache': False, 'cmake_clean_first': False, 'cmake_force_configure': False, 'cmake_target': None, 'cmake_target_skip_unavailable': False, 'install_base': '/home/m4/object_detection/install/camera_opencv', 'merge_install': False, 'path': '/home/m4/object_detection/src/camera_opencv', 'symlink_install': False, 'test_result_base': None}
[0.373s] Level 5:colcon.colcon_core.verb:set package 'camera_py' build argument 'cmake_args' from command line to 'None'
[0.373s] Level 5:colcon.colcon_core.verb:set package 'camera_py' build argument 'cmake_target' from command line to 'None'
[0.373s] Level 5:colcon.colcon_core.verb:set package 'camera_py' build argument 'cmake_target_skip_unavailable' from command line to 'False'
[0.373s] Level 5:colcon.colcon_core.verb:set package 'camera_py' build argument 'cmake_clean_cache' from command line to 'False'
[0.373s] Level 5:colcon.colcon_core.verb:set package 'camera_py' build argument 'cmake_clean_first' from command line to 'False'
[0.373s] Level 5:colcon.colcon_core.verb:set package 'camera_py' build argument 'cmake_force_configure' from command line to 'False'
[0.373s] Level 5:colcon.colcon_core.verb:set package 'camera_py' build argument 'ament_cmake_args' from command line to 'None'
[0.373s] Level 5:colcon.colcon_core.verb:set package 'camera_py' build argument 'catkin_cmake_args' from command line to 'None'
[0.373s] Level 5:colcon.colcon_core.verb:set package 'camera_py' build argument 'catkin_skip_building_tests' from command line to 'False'
[0.373s] DEBUG:colcon.colcon_core.verb:Building package 'camera_py' with the following arguments: {'ament_cmake_args': None, 'build_base': '/home/m4/object_detection/build/camera_py', 'catkin_cmake_args': None, 'catkin_skip_building_tests': False, 'cmake_args': None, 'cmake_clean_cache': False, 'cmake_clean_first': False, 'cmake_force_configure': False, 'cmake_target': None, 'cmake_target_skip_unavailable': False, 'install_base': '/home/m4/object_detection/install/camera_py', 'merge_install': False, 'path': '/home/m4/object_detection/src/camera_py', 'symlink_install': False, 'test_result_base': None}
[0.374s] INFO:colcon.colcon_core.executor:Executing jobs using 'parallel' executor
[0.376s] DEBUG:colcon.colcon_parallel_executor.executor.parallel:run_until_complete
[0.376s] INFO:colcon.colcon_ros.task.ament_cmake.build:Building ROS package in '/home/m4/object_detection/src/camera_opencv' with build type 'ament_cmake'
[0.376s] INFO:colcon.colcon_cmake.task.cmake.build:Building CMake package in '/home/m4/object_detection/src/camera_opencv'
[0.378s] INFO:colcon.colcon_core.plugin_system:Skipping extension 'colcon_core.shell.bat': Not used on non-Windows systems
[0.379s] INFO:colcon.colcon_core.shell:Skip shell extension 'powershell' for command environment: Not usable outside of PowerShell
[0.379s] DEBUG:colcon.colcon_core.shell:Skip shell extension 'dsv' for command environment
[0.383s] INFO:colcon.colcon_ros.task.ament_python.build:Building ROS package in '/home/m4/object_detection/src/camera_py' with build type 'ament_python'
[0.383s] Level 1:colcon.colcon_core.shell:create_environment_hook('camera_py', 'ament_prefix_path')
[0.384s] INFO:colcon.colcon_core.shell:Creating environment hook '/home/m4/object_detection/install/camera_py/share/camera_py/hook/ament_prefix_path.ps1'
[0.385s] INFO:colcon.colcon_core.shell:Creating environment descriptor '/home/m4/object_detection/install/camera_py/share/camera_py/hook/ament_prefix_path.dsv'
[0.385s] INFO:colcon.colcon_core.shell:Creating environment hook '/home/m4/object_detection/install/camera_py/share/camera_py/hook/ament_prefix_path.sh'
[0.386s] INFO:colcon.colcon_core.shell:Skip shell extension 'powershell' for command environment: Not usable outside of PowerShell
[0.386s] DEBUG:colcon.colcon_core.shell:Skip shell extension 'dsv' for command environment
[0.400s] DEBUG:colcon.colcon_core.event_handler.log_command:Invoking command in '/home/m4/object_detection/build/camera_opencv': CMAKE_PREFIX_PATH=${CMAKE_PREFIX_PATH}:/opt/ros/humble /usr/bin/cmake --build /home/m4/object_detection/build/camera_opencv -- -j6 -l6
[0.673s] INFO:colcon.colcon_core.task.python.build:Building Python package in '/home/m4/object_detection/src/camera_py'
[0.674s] INFO:colcon.colcon_core.shell:Skip shell extension 'powershell' for command environment: Not usable outside of PowerShell
[0.674s] DEBUG:colcon.colcon_core.shell:Skip shell extension 'dsv' for command environment
[0.681s] DEBUG:colcon.colcon_core.event_handler.log_command:Invoked command in '/home/m4/object_detection/build/camera_opencv' returned '0': CMAKE_PREFIX_PATH=${CMAKE_PREFIX_PATH}:/opt/ros/humble /usr/bin/cmake --build /home/m4/object_detection/build/camera_opencv -- -j6 -l6
[0.751s] DEBUG:colcon.colcon_core.event_handler.log_command:Invoking command in '/home/m4/object_detection/build/camera_opencv': CMAKE_PREFIX_PATH=${CMAKE_PREFIX_PATH}:/opt/ros/humble /usr/bin/cmake --install /home/m4/object_detection/build/camera_opencv
[0.766s] Level 1:colcon.colcon_core.environment:create_environment_scripts_only(camera_opencv)
[0.767s] DEBUG:colcon.colcon_core.event_handler.log_command:Invoked command in '/home/m4/object_detection/build/camera_opencv' returned '0': CMAKE_PREFIX_PATH=${CMAKE_PREFIX_PATH}:/opt/ros/humble /usr/bin/cmake --install /home/m4/object_detection/build/camera_opencv
[0.770s] Level 1:colcon.colcon_core.environment:checking '/home/m4/object_detection/install/camera_opencv' for CMake module files
[0.771s] Level 1:colcon.colcon_core.environment:checking '/home/m4/object_detection/install/camera_opencv' for CMake config files
[0.771s] Level 1:colcon.colcon_core.shell:create_environment_hook('camera_opencv', 'cmake_prefix_path')
[0.772s] INFO:colcon.colcon_core.shell:Creating environment hook '/home/m4/object_detection/install/camera_opencv/share/camera_opencv/hook/cmake_prefix_path.ps1'
[0.773s] INFO:colcon.colcon_core.shell:Creating environment descriptor '/home/m4/object_detection/install/camera_opencv/share/camera_opencv/hook/cmake_prefix_path.dsv'
[0.773s] INFO:colcon.colcon_core.shell:Creating environment hook '/home/m4/object_detection/install/camera_opencv/share/camera_opencv/hook/cmake_prefix_path.sh'
[0.775s] Level 1:colcon.colcon_core.environment:checking '/home/m4/object_detection/install/camera_opencv/lib'
[0.775s] Level 1:colcon.colcon_core.environment:checking '/home/m4/object_detection/install/camera_opencv/bin'
[0.775s] Level 1:colcon.colcon_core.environment:checking '/home/m4/object_detection/install/camera_opencv/lib/pkgconfig/camera_opencv.pc'
[0.775s] Level 1:colcon.colcon_core.environment:checking '/home/m4/object_detection/install/camera_opencv/lib/python3.10/site-packages'
[0.776s] Level 1:colcon.colcon_core.environment:checking '/home/m4/object_detection/install/camera_opencv/bin'
[0.776s] INFO:colcon.colcon_core.shell:Creating package script '/home/m4/object_detection/install/camera_opencv/share/camera_opencv/package.ps1'
[0.778s] INFO:colcon.colcon_core.shell:Creating package descriptor '/home/m4/object_detection/install/camera_opencv/share/camera_opencv/package.dsv'
[0.779s] INFO:colcon.colcon_core.shell:Creating package script '/home/m4/object_detection/install/camera_opencv/share/camera_opencv/package.sh'
[0.780s] INFO:colcon.colcon_core.shell:Creating package script '/home/m4/object_detection/install/camera_opencv/share/camera_opencv/package.bash'
[0.781s] INFO:colcon.colcon_core.shell:Creating package script '/home/m4/object_detection/install/camera_opencv/share/camera_opencv/package.zsh'
[0.782s] Level 1:colcon.colcon_core.environment:create_file_with_runtime_dependencies(/home/m4/object_detection/install/camera_opencv/share/colcon-core/packages/camera_opencv)
[0.835s] Level 1:colcon.colcon_core.environment:create_environment_scripts_only(camera_opencv)
[0.835s] Level 1:colcon.colcon_core.environment:checking '/home/m4/object_detection/install/camera_opencv' for CMake module files
[0.836s] Level 1:colcon.colcon_core.environment:checking '/home/m4/object_detection/install/camera_opencv' for CMake config files
[0.836s] Level 1:colcon.colcon_core.shell:create_environment_hook('camera_opencv', 'cmake_prefix_path')
[0.837s] INFO:colcon.colcon_core.shell:Creating environment hook '/home/m4/object_detection/install/camera_opencv/share/camera_opencv/hook/cmake_prefix_path.ps1'
[0.838s] INFO:colcon.colcon_core.shell:Creating environment descriptor '/home/m4/object_detection/install/camera_opencv/share/camera_opencv/hook/cmake_prefix_path.dsv'
[0.838s] INFO:colcon.colcon_core.shell:Creating environment hook '/home/m4/object_detection/install/camera_opencv/share/camera_opencv/hook/cmake_prefix_path.sh'
[0.839s] Level 1:colcon.colcon_core.environment:checking '/home/m4/object_detection/install/camera_opencv/lib'
[0.839s] Level 1:colcon.colcon_core.environment:checking '/home/m4/object_detection/install/camera_opencv/bin'
[0.839s] Level 1:colcon.colcon_core.environment:checking '/home/m4/object_detection/install/camera_opencv/lib/pkgconfig/camera_opencv.pc'
[0.840s] Level 1:colcon.colcon_core.environment:checking '/home/m4/object_detection/install/camera_opencv/lib/python3.10/site-packages'
[0.840s] Level 1:colcon.colcon_core.environment:checking '/home/m4/object_detection/install/camera_opencv/bin'
[0.840s] INFO:colcon.colcon_core.shell:Creating package script '/home/m4/object_detection/install/camera_opencv/share/camera_opencv/package.ps1'
[0.841s] INFO:colcon.colcon_core.shell:Creating package descriptor '/home/m4/object_detection/install/camera_opencv/share/camera_opencv/package.dsv'
[0.842s] INFO:colcon.colcon_core.shell:Creating package script '/home/m4/object_detection/install/camera_opencv/share/camera_opencv/package.sh'
[0.843s] INFO:colcon.colcon_core.shell:Creating package script '/home/m4/object_detection/install/camera_opencv/share/camera_opencv/package.bash'
[0.843s] INFO:colcon.colcon_core.shell:Creating package script '/home/m4/object_detection/install/camera_opencv/share/camera_opencv/package.zsh'
[0.844s] Level 1:colcon.colcon_core.environment:create_file_with_runtime_dependencies(/home/m4/object_detection/install/camera_opencv/share/colcon-core/packages/camera_opencv)
[1.091s] DEBUG:colcon.colcon_core.event_handler.log_command:Invoking command in '/home/m4/object_detection/src/camera_py': PYTHONPATH=/home/m4/object_detection/build/camera_py/prefix_override:/usr/lib/python3/dist-packages/colcon_core/task/python/colcon_distutils_commands:/home/m4/object_detection/install/camera_py/lib/python3.10/site-packages:${PYTHONPATH} /usr/bin/python3 -W ignore:setup.py install is deprecated setup.py egg_info --egg-base ../../build/camera_py build --build-base /home/m4/object_detection/build/camera_py/build install --record /home/m4/object_detection/build/camera_py/install.log --single-version-externally-managed install_data
[1.383s] Level 1:colcon.colcon_core.environment:checking '/home/m4/object_detection/install/camera_py' for CMake module files
[1.384s] DEBUG:colcon.colcon_core.event_handler.log_command:Invoked command in '/home/m4/object_detection/src/camera_py' returned '0': PYTHONPATH=/home/m4/object_detection/build/camera_py/prefix_override:/usr/lib/python3/dist-packages/colcon_core/task/python/colcon_distutils_commands:/home/m4/object_detection/install/camera_py/lib/python3.10/site-packages:${PYTHONPATH} /usr/bin/python3 -W ignore:setup.py install is deprecated setup.py egg_info --egg-base ../../build/camera_py build --build-base /home/m4/object_detection/build/camera_py/build install --record /home/m4/object_detection/build/camera_py/install.log --single-version-externally-managed install_data
[1.385s] Level 1:colcon.colcon_core.environment:checking '/home/m4/object_detection/install/camera_py' for CMake config files
[1.385s] Level 1:colcon.colcon_core.environment:checking '/home/m4/object_detection/install/camera_py/lib'
[1.386s] Level 1:colcon.colcon_core.environment:checking '/home/m4/object_detection/install/camera_py/bin'
[1.386s] Level 1:colcon.colcon_core.environment:checking '/home/m4/object_detection/install/camera_py/lib/pkgconfig/camera_py.pc'
[1.386s] Level 1:colcon.colcon_core.environment:checking '/home/m4/object_detection/install/camera_py/lib/python3.10/site-packages'
[1.386s] Level 1:colcon.colcon_core.shell:create_environment_hook('camera_py', 'pythonpath')
[1.386s] INFO:colcon.colcon_core.shell:Creating environment hook '/home/m4/object_detection/install/camera_py/share/camera_py/hook/pythonpath.ps1'
[1.387s] INFO:colcon.colcon_core.shell:Creating environment descriptor '/home/m4/object_detection/install/camera_py/share/camera_py/hook/pythonpath.dsv'
[1.387s] INFO:colcon.colcon_core.shell:Creating environment hook '/home/m4/object_detection/install/camera_py/share/camera_py/hook/pythonpath.sh'
[1.388s] Level 1:colcon.colcon_core.environment:checking '/home/m4/object_detection/install/camera_py/bin'
[1.388s] Level 1:colcon.colcon_core.environment:create_environment_scripts_only(camera_py)
[1.388s] INFO:colcon.colcon_core.shell:Creating package script '/home/m4/object_detection/install/camera_py/share/camera_py/package.ps1'
[1.389s] INFO:colcon.colcon_core.shell:Creating package descriptor '/home/m4/object_detection/install/camera_py/share/camera_py/package.dsv'
[1.390s] INFO:colcon.colcon_core.shell:Creating package script '/home/m4/object_detection/install/camera_py/share/camera_py/package.sh'
[1.390s] INFO:colcon.colcon_core.shell:Creating package script '/home/m4/object_detection/install/camera_py/share/camera_py/package.bash'
[1.391s] INFO:colcon.colcon_core.shell:Creating package script '/home/m4/object_detection/install/camera_py/share/camera_py/package.zsh'
[1.391s] Level 1:colcon.colcon_core.environment:create_file_with_runtime_dependencies(/home/m4/object_detection/install/camera_py/share/colcon-core/packages/camera_py)
[1.392s] DEBUG:colcon.colcon_parallel_executor.executor.parallel:closing loop
[1.392s] DEBUG:colcon.colcon_parallel_executor.executor.parallel:loop closed
[1.393s] DEBUG:colcon.colcon_parallel_executor.executor.parallel:run_until_complete finished with '0'
[1.393s] DEBUG:colcon.colcon_core.event_reactor:joining thread
[1.399s] INFO:colcon.colcon_core.plugin_system:Skipping extension 'colcon_notification.desktop_notification.terminal_notifier': Not used on non-Darwin systems
[1.399s] INFO:colcon.colcon_core.plugin_system:Skipping extension 'colcon_notification.desktop_notification.win32': Not used on non-Windows systems
[1.399s] INFO:colcon.colcon_notification.desktop_notification:Sending desktop notification using 'notify2'
[1.415s] DEBUG:colcon.colcon_core.event_reactor:joined thread
[1.416s] INFO:colcon.colcon_core.shell:Creating prefix script '/home/m4/object_detection/install/local_setup.ps1'
[1.417s] INFO:colcon.colcon_core.shell:Creating prefix util module '/home/m4/object_detection/install/_local_setup_util_ps1.py'
[1.419s] INFO:colcon.colcon_core.shell:Creating prefix chain script '/home/m4/object_detection/install/setup.ps1'
[1.420s] INFO:colcon.colcon_core.shell:Creating prefix script '/home/m4/object_detection/install/local_setup.sh'
[1.421s] INFO:colcon.colcon_core.shell:Creating prefix util module '/home/m4/object_detection/install/_local_setup_util_sh.py'
[1.422s] INFO:colcon.colcon_core.shell:Creating prefix chain script '/home/m4/object_detection/install/setup.sh'
[1.423s] INFO:colcon.colcon_core.shell:Creating prefix script '/home/m4/object_detection/install/local_setup.bash'
[1.424s] INFO:colcon.colcon_core.shell:Creating prefix chain script '/home/m4/object_detection/install/setup.bash'
[1.425s] INFO:colcon.colcon_core.shell:Creating prefix script '/home/m4/object_detection/install/local_setup.zsh'
[1.426s] INFO:colcon.colcon_core.shell:Creating prefix chain script '/home/m4/object_detection/install/setup.zsh'
