[1.683s] Invoking command in '/home/m4/object_detection/src/camera_py': PYTHONPATH=/home/m4/object_detection/build/camera_py/prefix_override:/usr/lib/python3/dist-packages/colcon_core/task/python/colcon_distutils_commands:/home/m4/object_detection/install/camera_py/lib/python3.10/site-packages: /usr/bin/python3 -W ignore:setup.py install is deprecated setup.py egg_info --egg-base ../../build/camera_py build --build-base /home/m4/object_detection/build/camera_py/build install --record /home/m4/object_detection/build/camera_py/install.log --single-version-externally-managed install_data
[2.076s] running egg_info
[2.079s] writing ../../build/camera_py/camera_py.egg-info/PKG-INFO
[2.079s] writing dependency_links to ../../build/camera_py/camera_py.egg-info/dependency_links.txt
[2.080s] writing entry points to ../../build/camera_py/camera_py.egg-info/entry_points.txt
[2.081s] writing requirements to ../../build/camera_py/camera_py.egg-info/requires.txt
[2.082s] writing top-level names to ../../build/camera_py/camera_py.egg-info/top_level.txt
[2.086s] reading manifest file '../../build/camera_py/camera_py.egg-info/SOURCES.txt'
[2.095s] writing manifest file '../../build/camera_py/camera_py.egg-info/SOURCES.txt'
[2.095s] running build
[2.096s] running build_py
[2.096s] running install
[2.097s] running install_lib
[2.100s] running install_data
[2.101s] running install_egg_info
[2.107s] removing '/home/m4/object_detection/install/camera_py/lib/python3.10/site-packages/camera_py-0.0.0-py3.10.egg-info' (and everything under it)
[2.107s] Copying ../../build/camera_py/camera_py.egg-info to /home/m4/object_detection/install/camera_py/lib/python3.10/site-packages/camera_py-0.0.0-py3.10.egg-info
[2.110s] running install_scripts
[2.152s] Installing camera script to /home/m4/object_detection/install/camera_py/lib/camera_py
[2.153s] writing list of installed files to '/home/m4/object_detection/build/camera_py/install.log'
[2.198s] Invoked command in '/home/m4/object_detection/src/camera_py' returned '0': PYTHONPATH=/home/m4/object_detection/build/camera_py/prefix_override:/usr/lib/python3/dist-packages/colcon_core/task/python/colcon_distutils_commands:/home/m4/object_detection/install/camera_py/lib/python3.10/site-packages: /usr/bin/python3 -W ignore:setup.py install is deprecated setup.py egg_info --egg-base ../../build/camera_py build --build-base /home/m4/object_detection/build/camera_py/build install --record /home/m4/object_detection/build/camera_py/install.log --single-version-externally-managed install_data
