running egg_info
writing ../../build/object_detection/object_detection.egg-info/PKG-INFO
writing dependency_links to ../../build/object_detection/object_detection.egg-info/dependency_links.txt
writing entry points to ../../build/object_detection/object_detection.egg-info/entry_points.txt
writing requirements to ../../build/object_detection/object_detection.egg-info/requires.txt
writing top-level names to ../../build/object_detection/object_detection.egg-info/top_level.txt
reading manifest file '../../build/object_detection/object_detection.egg-info/SOURCES.txt'
writing manifest file '../../build/object_detection/object_detection.egg-info/SOURCES.txt'
running build
running build_py
copying object_detection/detection_node.py -> /home/m4/object_detection/build/object_detection/build/lib/object_detection
copying object_detection/__init__.py -> /home/m4/object_detection/build/object_detection/build/lib/object_detection
running install
running install_lib
copying /home/m4/object_detection/build/object_detection/build/lib/object_detection/detection_node.py -> /home/m4/object_detection/install/object_detection/lib/python3.10/site-packages/object_detection
copying /home/m4/object_detection/build/object_detection/build/lib/object_detection/__init__.py -> /home/m4/object_detection/install/object_detection/lib/python3.10/site-packages/object_detection
byte-compiling /home/m4/object_detection/install/object_detection/lib/python3.10/site-packages/object_detection/detection_node.py to detection_node.cpython-310.pyc
byte-compiling /home/m4/object_detection/install/object_detection/lib/python3.10/site-packages/object_detection/__init__.py to __init__.cpython-310.pyc
running install_data
copying resource/object_detection -> /home/m4/object_detection/install/object_detection/share/ament_index/resource_index/packages
copying package.xml -> /home/m4/object_detection/install/object_detection/share/object_detection
running install_egg_info
removing '/home/m4/object_detection/install/object_detection/lib/python3.10/site-packages/object_detection-0.0.0-py3.10.egg-info' (and everything under it)
Copying ../../build/object_detection/object_detection.egg-info to /home/m4/object_detection/install/object_detection/lib/python3.10/site-packages/object_detection-0.0.0-py3.10.egg-info
running install_scripts
Installing detector script to /home/m4/object_detection/install/object_detection/lib/object_detection
writing list of installed files to '/home/m4/object_detection/build/object_detection/install.log'
