running egg_info
creating ../../build/objects_py/objects_py.egg-info
writing ../../build/objects_py/objects_py.egg-info/PKG-INFO
writing dependency_links to ../../build/objects_py/objects_py.egg-info/dependency_links.txt
writing entry points to ../../build/objects_py/objects_py.egg-info/entry_points.txt
writing requirements to ../../build/objects_py/objects_py.egg-info/requires.txt
writing top-level names to ../../build/objects_py/objects_py.egg-info/top_level.txt
writing manifest file '../../build/objects_py/objects_py.egg-info/SOURCES.txt'
reading manifest file '../../build/objects_py/objects_py.egg-info/SOURCES.txt'
writing manifest file '../../build/objects_py/objects_py.egg-info/SOURCES.txt'
running build
running build_py
creating /home/m4/object_detection/build/objects_py/build
creating /home/m4/object_detection/build/objects_py/build/lib
creating /home/m4/object_detection/build/objects_py/build/lib/objects_py
copying objects_py/objects_node.py -> /home/m4/object_detection/build/objects_py/build/lib/objects_py
copying objects_py/__init__.py -> /home/m4/object_detection/build/objects_py/build/lib/objects_py
running install
running install_lib
creating /home/m4/object_detection/install/objects_py/lib/python3.10/site-packages/objects_py
copying /home/m4/object_detection/build/objects_py/build/lib/objects_py/objects_node.py -> /home/m4/object_detection/install/objects_py/lib/python3.10/site-packages/objects_py
copying /home/m4/object_detection/build/objects_py/build/lib/objects_py/__init__.py -> /home/m4/object_detection/install/objects_py/lib/python3.10/site-packages/objects_py
byte-compiling /home/m4/object_detection/install/objects_py/lib/python3.10/site-packages/objects_py/objects_node.py to objects_node.cpython-310.pyc
byte-compiling /home/m4/object_detection/install/objects_py/lib/python3.10/site-packages/objects_py/__init__.py to __init__.cpython-310.pyc
running install_data
creating /home/m4/object_detection/install/objects_py/share/ament_index
creating /home/m4/object_detection/install/objects_py/share/ament_index/resource_index
creating /home/m4/object_detection/install/objects_py/share/ament_index/resource_index/packages
copying resource/objects_py -> /home/m4/object_detection/install/objects_py/share/ament_index/resource_index/packages
copying package.xml -> /home/m4/object_detection/install/objects_py/share/objects_py
running install_egg_info
Copying ../../build/objects_py/objects_py.egg-info to /home/m4/object_detection/install/objects_py/lib/python3.10/site-packages/objects_py-0.0.0-py3.10.egg-info
running install_scripts
Installing detector script to /home/m4/object_detection/install/objects_py/lib/objects_py
writing list of installed files to '/home/m4/object_detection/build/objects_py/install.log'
