[0.241s] DEBUG:colcon:Command line arguments: ['/usr/bin/colcon', 'build']
[0.242s] DEBUG:colcon:Parsed command line arguments: Namespace(log_base=None, log_level=None, verb_name='build', build_base='build', install_base='install', merge_install=False, symlink_install=False, test_result_base=None, continue_on_error=False, executor='parallel', parallel_workers=6, event_handlers=None, ignore_user_meta=False, metas=['./colcon.meta'], base_paths=['.'], packages_ignore=None, packages_ignore_regex=None, paths=None, packages_up_to=None, packages_up_to_regex=None, packages_above=None, packages_above_and_dependencies=None, packages_above_depth=None, packages_select_by_dep=None, packages_skip_by_dep=None, packages_skip_up_to=None, packages_select_build_failed=False, packages_skip_build_finished=False, packages_select_test_failures=False, packages_skip_test_passed=False, packages_select=None, packages_skip=None, packages_select_regex=None, packages_skip_regex=None, packages_start=None, packages_end=None, allow_overriding=[], cmake_args=None, cmake_target=None, cmake_target_skip_unavailable=False, cmake_clean_cache=False, cmake_clean_first=False, cmake_force_configure=False, ament_cmake_args=None, catkin_cmake_args=None, catkin_skip_building_tests=False, verb_parser=<colcon_defaults.argument_parser.defaults.DefaultArgumentsDecorator object at 0x722fc960bfa0>, verb_extension=<colcon_core.verb.build.BuildVerb object at 0x722fc960ba30>, main=<bound method BuildVerb.main of <colcon_core.verb.build.BuildVerb object at 0x722fc960ba30>>)
[0.537s] Level 1:colcon.colcon_core.package_discovery:discover_packages(colcon_meta) check parameters
[0.538s] Level 1:colcon.colcon_core.package_discovery:discover_packages(recursive) check parameters
[0.538s] Level 1:colcon.colcon_core.package_discovery:discover_packages(ignore) check parameters
[0.538s] Level 1:colcon.colcon_core.package_discovery:discover_packages(path) check parameters
[0.538s] Level 1:colcon.colcon_core.package_discovery:discover_packages(colcon_meta) discover
[0.538s] Level 1:colcon.colcon_core.package_discovery:discover_packages(recursive) discover
[0.538s] INFO:colcon.colcon_core.package_discovery:Crawling recursively for packages in '/home/m4/object_detection'
[0.538s] Level 1:colcon.colcon_core.package_identification:_identify(.) by extensions ['ignore', 'ignore_ament_install']
[0.539s] Level 1:colcon.colcon_core.package_identification:_identify(.) by extension 'ignore'
[0.539s] Level 1:colcon.colcon_core.package_identification:_identify(.) by extension 'ignore_ament_install'
[0.539s] Level 1:colcon.colcon_core.package_identification:_identify(.) by extensions ['colcon_pkg']
[0.539s] Level 1:colcon.colcon_core.package_identification:_identify(.) by extension 'colcon_pkg'
[0.539s] Level 1:colcon.colcon_core.package_identification:_identify(.) by extensions ['colcon_meta']
[0.539s] Level 1:colcon.colcon_core.package_identification:_identify(.) by extension 'colcon_meta'
[0.539s] Level 1:colcon.colcon_core.package_identification:_identify(.) by extensions ['ros']
[0.539s] Level 1:colcon.colcon_core.package_identification:_identify(.) by extension 'ros'
[0.559s] Level 1:colcon.colcon_core.package_identification:_identify(.) by extensions ['cmake', 'python']
[0.559s] Level 1:colcon.colcon_core.package_identification:_identify(.) by extension 'cmake'
[0.559s] Level 1:colcon.colcon_core.package_identification:_identify(.) by extension 'python'
[0.559s] Level 1:colcon.colcon_core.package_identification:_identify(.) by extensions ['python_setup_py']
[0.559s] Level 1:colcon.colcon_core.package_identification:_identify(.) by extension 'python_setup_py'
[0.559s] Level 1:colcon.colcon_core.package_identification:_identify(build) by extensions ['ignore', 'ignore_ament_install']
[0.560s] Level 1:colcon.colcon_core.package_identification:_identify(build) by extension 'ignore'
[0.560s] Level 1:colcon.colcon_core.package_identification:_identify(build) ignored
[0.560s] Level 1:colcon.colcon_core.package_identification:_identify(install) by extensions ['ignore', 'ignore_ament_install']
[0.560s] Level 1:colcon.colcon_core.package_identification:_identify(install) by extension 'ignore'
[0.561s] Level 1:colcon.colcon_core.package_identification:_identify(install) ignored
[0.561s] Level 1:colcon.colcon_core.package_identification:_identify(log) by extensions ['ignore', 'ignore_ament_install']
[0.561s] Level 1:colcon.colcon_core.package_identification:_identify(log) by extension 'ignore'
[0.561s] Level 1:colcon.colcon_core.package_identification:_identify(log) ignored
[0.562s] Level 1:colcon.colcon_core.package_identification:_identify(src) by extensions ['ignore', 'ignore_ament_install']
[0.562s] Level 1:colcon.colcon_core.package_identification:_identify(src) by extension 'ignore'
[0.562s] Level 1:colcon.colcon_core.package_identification:_identify(src) by extension 'ignore_ament_install'
[0.562s] Level 1:colcon.colcon_core.package_identification:_identify(src) by extensions ['colcon_pkg']
[0.562s] Level 1:colcon.colcon_core.package_identification:_identify(src) by extension 'colcon_pkg'
[0.562s] Level 1:colcon.colcon_core.package_identification:_identify(src) by extensions ['colcon_meta']
[0.562s] Level 1:colcon.colcon_core.package_identification:_identify(src) by extension 'colcon_meta'
[0.562s] Level 1:colcon.colcon_core.package_identification:_identify(src) by extensions ['ros']
[0.562s] Level 1:colcon.colcon_core.package_identification:_identify(src) by extension 'ros'
[0.562s] Level 1:colcon.colcon_core.package_identification:_identify(src) by extensions ['cmake', 'python']
[0.562s] Level 1:colcon.colcon_core.package_identification:_identify(src) by extension 'cmake'
[0.562s] Level 1:colcon.colcon_core.package_identification:_identify(src) by extension 'python'
[0.563s] Level 1:colcon.colcon_core.package_identification:_identify(src) by extensions ['python_setup_py']
[0.563s] Level 1:colcon.colcon_core.package_identification:_identify(src) by extension 'python_setup_py'
[0.563s] Level 1:colcon.colcon_core.package_identification:_identify(src/camera_opencv) by extensions ['ignore', 'ignore_ament_install']
[0.563s] Level 1:colcon.colcon_core.package_identification:_identify(src/camera_opencv) by extension 'ignore'
[0.563s] Level 1:colcon.colcon_core.package_identification:_identify(src/camera_opencv) by extension 'ignore_ament_install'
[0.563s] Level 1:colcon.colcon_core.package_identification:_identify(src/camera_opencv) by extensions ['colcon_pkg']
[0.563s] Level 1:colcon.colcon_core.package_identification:_identify(src/camera_opencv) by extension 'colcon_pkg'
[0.563s] Level 1:colcon.colcon_core.package_identification:_identify(src/camera_opencv) by extensions ['colcon_meta']
[0.563s] Level 1:colcon.colcon_core.package_identification:_identify(src/camera_opencv) by extension 'colcon_meta'
[0.563s] Level 1:colcon.colcon_core.package_identification:_identify(src/camera_opencv) by extensions ['ros']
[0.563s] Level 1:colcon.colcon_core.package_identification:_identify(src/camera_opencv) by extension 'ros'
[0.569s] DEBUG:colcon.colcon_core.package_identification:Package 'src/camera_opencv' with type 'ros.ament_cmake' and name 'camera_opencv'
[0.569s] Level 1:colcon.colcon_core.package_identification:_identify(src/camera_py) by extensions ['ignore', 'ignore_ament_install']
[0.570s] Level 1:colcon.colcon_core.package_identification:_identify(src/camera_py) by extension 'ignore'
[0.570s] Level 1:colcon.colcon_core.package_identification:_identify(src/camera_py) by extension 'ignore_ament_install'
[0.571s] Level 1:colcon.colcon_core.package_identification:_identify(src/camera_py) by extensions ['colcon_pkg']
[0.571s] Level 1:colcon.colcon_core.package_identification:_identify(src/camera_py) by extension 'colcon_pkg'
[0.571s] Level 1:colcon.colcon_core.package_identification:_identify(src/camera_py) by extensions ['colcon_meta']
[0.571s] Level 1:colcon.colcon_core.package_identification:_identify(src/camera_py) by extension 'colcon_meta'
[0.571s] Level 1:colcon.colcon_core.package_identification:_identify(src/camera_py) by extensions ['ros']
[0.571s] Level 1:colcon.colcon_core.package_identification:_identify(src/camera_py) by extension 'ros'
[0.573s] DEBUG:colcon.colcon_core.package_identification:Package 'src/camera_py' with type 'ros.ament_python' and name 'camera_py'
[0.573s] Level 1:colcon.colcon_core.package_identification:_identify(src/objects_py) by extensions ['ignore', 'ignore_ament_install']
[0.573s] Level 1:colcon.colcon_core.package_identification:_identify(src/objects_py) by extension 'ignore'
[0.573s] Level 1:colcon.colcon_core.package_identification:_identify(src/objects_py) by extension 'ignore_ament_install'
[0.573s] Level 1:colcon.colcon_core.package_identification:_identify(src/objects_py) by extensions ['colcon_pkg']
[0.573s] Level 1:colcon.colcon_core.package_identification:_identify(src/objects_py) by extension 'colcon_pkg'
[0.574s] Level 1:colcon.colcon_core.package_identification:_identify(src/objects_py) by extensions ['colcon_meta']
[0.574s] Level 1:colcon.colcon_core.package_identification:_identify(src/objects_py) by extension 'colcon_meta'
[0.574s] Level 1:colcon.colcon_core.package_identification:_identify(src/objects_py) by extensions ['ros']
[0.574s] Level 1:colcon.colcon_core.package_identification:_identify(src/objects_py) by extension 'ros'
[0.575s] DEBUG:colcon.colcon_core.package_identification:Package 'src/objects_py' with type 'ros.ament_python' and name 'objects_py'
[0.576s] Level 1:colcon.colcon_core.package_discovery:discover_packages(recursive) using defaults
[0.576s] Level 1:colcon.colcon_core.package_discovery:discover_packages(ignore) discover
[0.576s] Level 1:colcon.colcon_core.package_discovery:discover_packages(ignore) using defaults
[0.576s] Level 1:colcon.colcon_core.package_discovery:discover_packages(path) discover
[0.576s] Level 1:colcon.colcon_core.package_discovery:discover_packages(path) using defaults
[0.614s] Level 1:colcon.colcon_core.package_discovery:discover_packages(prefix_path) check parameters
[0.615s] Level 1:colcon.colcon_core.package_discovery:discover_packages(prefix_path) discover
[0.618s] DEBUG:colcon.colcon_installed_package_information.package_discovery:Found 3 installed packages in /home/m4/object_detection/install
[0.620s] DEBUG:colcon.colcon_installed_package_information.package_discovery:Found 270 installed packages in /opt/ros/humble
[0.623s] Level 1:colcon.colcon_core.package_discovery:discover_packages(prefix_path) using defaults
[0.711s] Level 5:colcon.colcon_core.verb:set package 'camera_opencv' build argument 'cmake_args' from command line to 'None'
[0.711s] Level 5:colcon.colcon_core.verb:set package 'camera_opencv' build argument 'cmake_target' from command line to 'None'
[0.711s] Level 5:colcon.colcon_core.verb:set package 'camera_opencv' build argument 'cmake_target_skip_unavailable' from command line to 'False'
[0.711s] Level 5:colcon.colcon_core.verb:set package 'camera_opencv' build argument 'cmake_clean_cache' from command line to 'False'
[0.711s] Level 5:colcon.colcon_core.verb:set package 'camera_opencv' build argument 'cmake_clean_first' from command line to 'False'
[0.711s] Level 5:colcon.colcon_core.verb:set package 'camera_opencv' build argument 'cmake_force_configure' from command line to 'False'
[0.711s] Level 5:colcon.colcon_core.verb:set package 'camera_opencv' build argument 'ament_cmake_args' from command line to 'None'
[0.711s] Level 5:colcon.colcon_core.verb:set package 'camera_opencv' build argument 'catkin_cmake_args' from command line to 'None'
[0.711s] Level 5:colcon.colcon_core.verb:set package 'camera_opencv' build argument 'catkin_skip_building_tests' from command line to 'False'
[0.712s] DEBUG:colcon.colcon_core.verb:Building package 'camera_opencv' with the following arguments: {'ament_cmake_args': None, 'build_base': '/home/m4/object_detection/build/camera_opencv', 'catkin_cmake_args': None, 'catkin_skip_building_tests': False, 'cmake_args': None, 'cmake_clean_cache': False, 'cmake_clean_first': False, 'cmake_force_configure': False, 'cmake_target': None, 'cmake_target_skip_unavailable': False, 'install_base': '/home/m4/object_detection/install/camera_opencv', 'merge_install': False, 'path': '/home/m4/object_detection/src/camera_opencv', 'symlink_install': False, 'test_result_base': None}
[0.713s] Level 5:colcon.colcon_core.verb:set package 'camera_py' build argument 'cmake_args' from command line to 'None'
[0.713s] Level 5:colcon.colcon_core.verb:set package 'camera_py' build argument 'cmake_target' from command line to 'None'
[0.713s] Level 5:colcon.colcon_core.verb:set package 'camera_py' build argument 'cmake_target_skip_unavailable' from command line to 'False'
[0.713s] Level 5:colcon.colcon_core.verb:set package 'camera_py' build argument 'cmake_clean_cache' from command line to 'False'
[0.713s] Level 5:colcon.colcon_core.verb:set package 'camera_py' build argument 'cmake_clean_first' from command line to 'False'
[0.713s] Level 5:colcon.colcon_core.verb:set package 'camera_py' build argument 'cmake_force_configure' from command line to 'False'
[0.713s] Level 5:colcon.colcon_core.verb:set package 'camera_py' build argument 'ament_cmake_args' from command line to 'None'
[0.713s] Level 5:colcon.colcon_core.verb:set package 'camera_py' build argument 'catkin_cmake_args' from command line to 'None'
[0.713s] Level 5:colcon.colcon_core.verb:set package 'camera_py' build argument 'catkin_skip_building_tests' from command line to 'False'
[0.713s] DEBUG:colcon.colcon_core.verb:Building package 'camera_py' with the following arguments: {'ament_cmake_args': None, 'build_base': '/home/m4/object_detection/build/camera_py', 'catkin_cmake_args': None, 'catkin_skip_building_tests': False, 'cmake_args': None, 'cmake_clean_cache': False, 'cmake_clean_first': False, 'cmake_force_configure': False, 'cmake_target': None, 'cmake_target_skip_unavailable': False, 'install_base': '/home/m4/object_detection/install/camera_py', 'merge_install': False, 'path': '/home/m4/object_detection/src/camera_py', 'symlink_install': False, 'test_result_base': None}
[0.714s] Level 5:colcon.colcon_core.verb:set package 'objects_py' build argument 'cmake_args' from command line to 'None'
[0.714s] Level 5:colcon.colcon_core.verb:set package 'objects_py' build argument 'cmake_target' from command line to 'None'
[0.715s] Level 5:colcon.colcon_core.verb:set package 'objects_py' build argument 'cmake_target_skip_unavailable' from command line to 'False'
[0.715s] Level 5:colcon.colcon_core.verb:set package 'objects_py' build argument 'cmake_clean_cache' from command line to 'False'
[0.715s] Level 5:colcon.colcon_core.verb:set package 'objects_py' build argument 'cmake_clean_first' from command line to 'False'
[0.715s] Level 5:colcon.colcon_core.verb:set package 'objects_py' build argument 'cmake_force_configure' from command line to 'False'
[0.715s] Level 5:colcon.colcon_core.verb:set package 'objects_py' build argument 'ament_cmake_args' from command line to 'None'
[0.715s] Level 5:colcon.colcon_core.verb:set package 'objects_py' build argument 'catkin_cmake_args' from command line to 'None'
[0.715s] Level 5:colcon.colcon_core.verb:set package 'objects_py' build argument 'catkin_skip_building_tests' from command line to 'False'
[0.715s] DEBUG:colcon.colcon_core.verb:Building package 'objects_py' with the following arguments: {'ament_cmake_args': None, 'build_base': '/home/m4/object_detection/build/objects_py', 'catkin_cmake_args': None, 'catkin_skip_building_tests': False, 'cmake_args': None, 'cmake_clean_cache': False, 'cmake_clean_first': False, 'cmake_force_configure': False, 'cmake_target': None, 'cmake_target_skip_unavailable': False, 'install_base': '/home/m4/object_detection/install/objects_py', 'merge_install': False, 'path': '/home/m4/object_detection/src/objects_py', 'symlink_install': False, 'test_result_base': None}
[0.715s] INFO:colcon.colcon_core.executor:Executing jobs using 'parallel' executor
[0.717s] DEBUG:colcon.colcon_parallel_executor.executor.parallel:run_until_complete
[0.718s] INFO:colcon.colcon_ros.task.ament_cmake.build:Building ROS package in '/home/m4/object_detection/src/camera_opencv' with build type 'ament_cmake'
[0.718s] INFO:colcon.colcon_cmake.task.cmake.build:Building CMake package in '/home/m4/object_detection/src/camera_opencv'
[0.724s] INFO:colcon.colcon_core.plugin_system:Skipping extension 'colcon_core.shell.bat': Not used on non-Windows systems
[0.724s] INFO:colcon.colcon_core.shell:Skip shell extension 'powershell' for command environment: Not usable outside of PowerShell
[0.725s] DEBUG:colcon.colcon_core.shell:Skip shell extension 'dsv' for command environment
[0.733s] INFO:colcon.colcon_ros.task.ament_python.build:Building ROS package in '/home/m4/object_detection/src/camera_py' with build type 'ament_python'
[0.734s] Level 1:colcon.colcon_core.shell:create_environment_hook('camera_py', 'ament_prefix_path')
[0.734s] INFO:colcon.colcon_core.shell:Creating environment hook '/home/m4/object_detection/install/camera_py/share/camera_py/hook/ament_prefix_path.ps1'
[0.736s] INFO:colcon.colcon_core.shell:Creating environment descriptor '/home/m4/object_detection/install/camera_py/share/camera_py/hook/ament_prefix_path.dsv'
[0.737s] INFO:colcon.colcon_core.shell:Creating environment hook '/home/m4/object_detection/install/camera_py/share/camera_py/hook/ament_prefix_path.sh'
[0.740s] INFO:colcon.colcon_core.shell:Skip shell extension 'powershell' for command environment: Not usable outside of PowerShell
[0.740s] DEBUG:colcon.colcon_core.shell:Skip shell extension 'dsv' for command environment
[0.746s] INFO:colcon.colcon_ros.task.ament_python.build:Building ROS package in '/home/m4/object_detection/src/objects_py' with build type 'ament_python'
[0.747s] Level 1:colcon.colcon_core.shell:create_environment_hook('objects_py', 'ament_prefix_path')
[0.747s] INFO:colcon.colcon_core.shell:Creating environment hook '/home/m4/object_detection/install/objects_py/share/objects_py/hook/ament_prefix_path.ps1'
[0.750s] INFO:colcon.colcon_core.shell:Creating environment descriptor '/home/m4/object_detection/install/objects_py/share/objects_py/hook/ament_prefix_path.dsv'
[0.752s] INFO:colcon.colcon_core.shell:Creating environment hook '/home/m4/object_detection/install/objects_py/share/objects_py/hook/ament_prefix_path.sh'
[0.755s] INFO:colcon.colcon_core.shell:Skip shell extension 'powershell' for command environment: Not usable outside of PowerShell
[0.755s] DEBUG:colcon.colcon_core.shell:Skip shell extension 'dsv' for command environment
[0.781s] DEBUG:colcon.colcon_core.event_handler.log_command:Invoking command in '/home/m4/object_detection/build/camera_opencv': CMAKE_PREFIX_PATH=${CMAKE_PREFIX_PATH}:/home/m4/object_detection/install/objects_py:/opt/ros/humble:/home/m4/object_detection/install/camera_py /usr/bin/cmake --build /home/m4/object_detection/build/camera_opencv -- -j6 -l6
[1.298s] INFO:colcon.colcon_core.task.python.build:Building Python package in '/home/m4/object_detection/src/camera_py'
[1.299s] INFO:colcon.colcon_core.shell:Skip shell extension 'powershell' for command environment: Not usable outside of PowerShell
[1.299s] DEBUG:colcon.colcon_core.shell:Skip shell extension 'dsv' for command environment
[1.810s] WARNING:colcon.colcon_ros.task.ament_python.build:Package 'objects_py' doesn't explicitly install a marker in the package index (colcon-ros currently does it implicitly but that fallback will be removed in the future)
[1.810s] WARNING:colcon.colcon_ros.task.ament_python.build:Package 'objects_py' doesn't explicitly install the 'package.xml' file (colcon-ros currently does it implicitly but that fallback will be removed in the future)
[1.812s] INFO:colcon.colcon_core.task.python.build:Building Python package in '/home/m4/object_detection/src/objects_py'
[1.812s] INFO:colcon.colcon_core.shell:Skip shell extension 'powershell' for command environment: Not usable outside of PowerShell
[1.812s] DEBUG:colcon.colcon_core.shell:Skip shell extension 'dsv' for command environment
[1.824s] DEBUG:colcon.colcon_core.event_handler.log_command:Invoked command in '/home/m4/object_detection/build/camera_opencv' returned '0': CMAKE_PREFIX_PATH=${CMAKE_PREFIX_PATH}:/home/m4/object_detection/install/objects_py:/opt/ros/humble:/home/m4/object_detection/install/camera_py /usr/bin/cmake --build /home/m4/object_detection/build/camera_opencv -- -j6 -l6
[1.936s] DEBUG:colcon.colcon_core.event_handler.log_command:Invoking command in '/home/m4/object_detection/build/camera_opencv': CMAKE_PREFIX_PATH=${CMAKE_PREFIX_PATH}:/home/m4/object_detection/install/objects_py:/opt/ros/humble:/home/m4/object_detection/install/camera_py /usr/bin/cmake --install /home/m4/object_detection/build/camera_opencv
[1.963s] Level 1:colcon.colcon_core.environment:create_environment_scripts_only(camera_opencv)
[1.966s] DEBUG:colcon.colcon_core.event_handler.log_command:Invoked command in '/home/m4/object_detection/build/camera_opencv' returned '0': CMAKE_PREFIX_PATH=${CMAKE_PREFIX_PATH}:/home/m4/object_detection/install/objects_py:/opt/ros/humble:/home/m4/object_detection/install/camera_py /usr/bin/cmake --install /home/m4/object_detection/build/camera_opencv
[1.969s] Level 1:colcon.colcon_core.environment:checking '/home/m4/object_detection/install/camera_opencv' for CMake module files
[1.971s] Level 1:colcon.colcon_core.environment:checking '/home/m4/object_detection/install/camera_opencv' for CMake config files
[1.971s] Level 1:colcon.colcon_core.shell:create_environment_hook('camera_opencv', 'cmake_prefix_path')
[1.971s] INFO:colcon.colcon_core.shell:Creating environment hook '/home/m4/object_detection/install/camera_opencv/share/camera_opencv/hook/cmake_prefix_path.ps1'
[1.973s] INFO:colcon.colcon_core.shell:Creating environment descriptor '/home/m4/object_detection/install/camera_opencv/share/camera_opencv/hook/cmake_prefix_path.dsv'
[1.974s] INFO:colcon.colcon_core.shell:Creating environment hook '/home/m4/object_detection/install/camera_opencv/share/camera_opencv/hook/cmake_prefix_path.sh'
[1.976s] Level 1:colcon.colcon_core.environment:checking '/home/m4/object_detection/install/camera_opencv/lib'
[1.976s] Level 1:colcon.colcon_core.environment:checking '/home/m4/object_detection/install/camera_opencv/bin'
[1.976s] Level 1:colcon.colcon_core.environment:checking '/home/m4/object_detection/install/camera_opencv/lib/pkgconfig/camera_opencv.pc'
[1.977s] Level 1:colcon.colcon_core.environment:checking '/home/m4/object_detection/install/camera_opencv/lib/python3.10/site-packages'
[1.977s] Level 1:colcon.colcon_core.environment:checking '/home/m4/object_detection/install/camera_opencv/bin'
[1.978s] INFO:colcon.colcon_core.shell:Creating package script '/home/m4/object_detection/install/camera_opencv/share/camera_opencv/package.ps1'
[1.980s] INFO:colcon.colcon_core.shell:Creating package descriptor '/home/m4/object_detection/install/camera_opencv/share/camera_opencv/package.dsv'
[1.981s] INFO:colcon.colcon_core.shell:Creating package script '/home/m4/object_detection/install/camera_opencv/share/camera_opencv/package.sh'
[1.983s] INFO:colcon.colcon_core.shell:Creating package script '/home/m4/object_detection/install/camera_opencv/share/camera_opencv/package.bash'
[1.985s] INFO:colcon.colcon_core.shell:Creating package script '/home/m4/object_detection/install/camera_opencv/share/camera_opencv/package.zsh'
[1.986s] Level 1:colcon.colcon_core.environment:create_file_with_runtime_dependencies(/home/m4/object_detection/install/camera_opencv/share/colcon-core/packages/camera_opencv)
[2.083s] Level 1:colcon.colcon_core.environment:create_environment_scripts_only(camera_opencv)
[2.084s] Level 1:colcon.colcon_core.environment:checking '/home/m4/object_detection/install/camera_opencv' for CMake module files
[2.085s] Level 1:colcon.colcon_core.environment:checking '/home/m4/object_detection/install/camera_opencv' for CMake config files
[2.086s] Level 1:colcon.colcon_core.shell:create_environment_hook('camera_opencv', 'cmake_prefix_path')
[2.086s] INFO:colcon.colcon_core.shell:Creating environment hook '/home/m4/object_detection/install/camera_opencv/share/camera_opencv/hook/cmake_prefix_path.ps1'
[2.088s] INFO:colcon.colcon_core.shell:Creating environment descriptor '/home/m4/object_detection/install/camera_opencv/share/camera_opencv/hook/cmake_prefix_path.dsv'
[2.089s] INFO:colcon.colcon_core.shell:Creating environment hook '/home/m4/object_detection/install/camera_opencv/share/camera_opencv/hook/cmake_prefix_path.sh'
[2.090s] Level 1:colcon.colcon_core.environment:checking '/home/m4/object_detection/install/camera_opencv/lib'
[2.090s] Level 1:colcon.colcon_core.environment:checking '/home/m4/object_detection/install/camera_opencv/bin'
[2.091s] Level 1:colcon.colcon_core.environment:checking '/home/m4/object_detection/install/camera_opencv/lib/pkgconfig/camera_opencv.pc'
[2.091s] Level 1:colcon.colcon_core.environment:checking '/home/m4/object_detection/install/camera_opencv/lib/python3.10/site-packages'
[2.092s] Level 1:colcon.colcon_core.environment:checking '/home/m4/object_detection/install/camera_opencv/bin'
[2.092s] INFO:colcon.colcon_core.shell:Creating package script '/home/m4/object_detection/install/camera_opencv/share/camera_opencv/package.ps1'
[2.093s] INFO:colcon.colcon_core.shell:Creating package descriptor '/home/m4/object_detection/install/camera_opencv/share/camera_opencv/package.dsv'
[2.094s] INFO:colcon.colcon_core.shell:Creating package script '/home/m4/object_detection/install/camera_opencv/share/camera_opencv/package.sh'
[2.095s] INFO:colcon.colcon_core.shell:Creating package script '/home/m4/object_detection/install/camera_opencv/share/camera_opencv/package.bash'
[2.096s] INFO:colcon.colcon_core.shell:Creating package script '/home/m4/object_detection/install/camera_opencv/share/camera_opencv/package.zsh'
[2.097s] Level 1:colcon.colcon_core.environment:create_file_with_runtime_dependencies(/home/m4/object_detection/install/camera_opencv/share/colcon-core/packages/camera_opencv)
[2.515s] DEBUG:colcon.colcon_core.event_handler.log_command:Invoking command in '/home/m4/object_detection/src/camera_py': PYTHONPATH=/home/m4/object_detection/build/camera_py/prefix_override:/usr/lib/python3/dist-packages/colcon_core/task/python/colcon_distutils_commands:/home/m4/object_detection/install/camera_py/lib/python3.10/site-packages:${PYTHONPATH} /usr/bin/python3 -W ignore:setup.py install is deprecated setup.py egg_info --egg-base ../../build/camera_py build --build-base /home/m4/object_detection/build/camera_py/build install --record /home/m4/object_detection/build/camera_py/install.log --single-version-externally-managed install_data
[2.542s] DEBUG:colcon.colcon_core.event_handler.log_command:Invoking command in '/home/m4/object_detection/src/objects_py': PYTHONPATH=/home/m4/object_detection/build/objects_py/prefix_override:/usr/lib/python3/dist-packages/colcon_core/task/python/colcon_distutils_commands:/home/m4/object_detection/install/objects_py/lib/python3.10/site-packages:${PYTHONPATH} /usr/bin/python3 -W ignore:setup.py install is deprecated setup.py egg_info --egg-base ../../build/objects_py build --build-base /home/m4/object_detection/build/objects_py/build install --record /home/m4/object_detection/build/objects_py/install.log --single-version-externally-managed install_data
[3.115s] DEBUG:colcon.colcon_core.event_handler.log_command:Invoked command in '/home/m4/object_detection/src/objects_py' returned '1': PYTHONPATH=/home/m4/object_detection/build/objects_py/prefix_override:/usr/lib/python3/dist-packages/colcon_core/task/python/colcon_distutils_commands:/home/m4/object_detection/install/objects_py/lib/python3.10/site-packages:${PYTHONPATH} /usr/bin/python3 -W ignore:setup.py install is deprecated setup.py egg_info --egg-base ../../build/objects_py build --build-base /home/m4/object_detection/build/objects_py/build install --record /home/m4/object_detection/build/objects_py/install.log --single-version-externally-managed install_data
[3.149s] DEBUG:colcon.colcon_parallel_executor.executor.parallel:closing loop
[3.150s] DEBUG:colcon.colcon_parallel_executor.executor.parallel:loop closed
[3.151s] DEBUG:colcon.colcon_parallel_executor.executor.parallel:run_until_complete finished with '1'
[3.151s] DEBUG:colcon.colcon_core.event_reactor:joining thread
[3.163s] INFO:colcon.colcon_core.plugin_system:Skipping extension 'colcon_notification.desktop_notification.terminal_notifier': Not used on non-Darwin systems
[3.163s] INFO:colcon.colcon_core.plugin_system:Skipping extension 'colcon_notification.desktop_notification.win32': Not used on non-Windows systems
[3.163s] INFO:colcon.colcon_notification.desktop_notification:Sending desktop notification using 'notify2'
[3.197s] DEBUG:colcon.colcon_core.event_reactor:joined thread
[3.197s] INFO:colcon.colcon_core.shell:Creating prefix script '/home/m4/object_detection/install/local_setup.ps1'
[3.200s] INFO:colcon.colcon_core.shell:Creating prefix util module '/home/m4/object_detection/install/_local_setup_util_ps1.py'
[3.203s] INFO:colcon.colcon_core.shell:Creating prefix chain script '/home/m4/object_detection/install/setup.ps1'
[3.206s] INFO:colcon.colcon_core.shell:Creating prefix script '/home/m4/object_detection/install/local_setup.sh'
[3.208s] INFO:colcon.colcon_core.shell:Creating prefix util module '/home/m4/object_detection/install/_local_setup_util_sh.py'
[3.209s] INFO:colcon.colcon_core.shell:Creating prefix chain script '/home/m4/object_detection/install/setup.sh'
[3.212s] INFO:colcon.colcon_core.shell:Creating prefix script '/home/m4/object_detection/install/local_setup.bash'
[3.214s] INFO:colcon.colcon_core.shell:Creating prefix chain script '/home/m4/object_detection/install/setup.bash'
[3.216s] INFO:colcon.colcon_core.shell:Creating prefix script '/home/m4/object_detection/install/local_setup.zsh'
[3.217s] INFO:colcon.colcon_core.shell:Creating prefix chain script '/home/m4/object_detection/install/setup.zsh'
