/usr/lib/python3/dist-packages/setuptools/dist.py:723: UserWarning: Usage of dash-separated 'script-dir' will not be supported in future versions. Please use the underscore name 'script_dir' instead
  warnings.warn(
running egg_info
writing ../../build/objects_py/objects_py.egg-info/PKG-INFO
writing dependency_links to ../../build/objects_py/objects_py.egg-info/dependency_links.txt
writing entry points to ../../build/objects_py/objects_py.egg-info/entry_points.txt
writing requirements to ../../build/objects_py/objects_py.egg-info/requires.txt
writing top-level names to ../../build/objects_py/objects_py.egg-info/top_level.txt
reading manifest file '../../build/objects_py/objects_py.egg-info/SOURCES.txt'
writing manifest file '../../build/objects_py/objects_py.egg-info/SOURCES.txt'
running build
running build_py
copying objects_py/objects.py -> /home/m4/object_detection/build/objects_py/build/lib/objects_py
running install
running install_lib
copying /home/m4/object_detection/build/objects_py/build/lib/objects_py/objects.py -> /home/m4/object_detection/install/objects_py/lib/python3.10/site-packages/objects_py
byte-compiling /home/m4/object_detection/install/objects_py/lib/python3.10/site-packages/objects_py/objects.py to objects.cpython-310.pyc
running install_data
running install_egg_info
removing '/home/m4/object_detection/install/objects_py/lib/python3.10/site-packages/objects_py-0.0.0-py3.10.egg-info' (and everything under it)
Copying ../../build/objects_py/objects_py.egg-info to /home/m4/object_detection/install/objects_py/lib/python3.10/site-packages/objects_py-0.0.0-py3.10.egg-info
running install_scripts
Installing detector script to /home/m4/object_detection/install/objects_py/lib/object_detection
writing list of installed files to '/home/m4/object_detection/build/objects_py/install.log'
