[1.803s] Invoking command in '/home/m4/object_detection/src/objects_py': PYTHONPATH=/home/m4/object_detection/build/objects_py/prefix_override:/usr/lib/python3/dist-packages/colcon_core/task/python/colcon_distutils_commands:/home/m4/object_detection/install/objects_py/lib/python3.10/site-packages:${PYTHONPATH} /usr/bin/python3 -W ignore:setup.py install is deprecated setup.py egg_info --egg-base ../../build/objects_py build --build-base /home/m4/object_detection/build/objects_py/build install --record /home/m4/object_detection/build/objects_py/install.log --install-scripts $base/lib/object_detection --single-version-externally-managed install_data
[2.276s] /usr/lib/python3/dist-packages/setuptools/dist.py:723: UserWarning: Usage of dash-separated 'script-dir' will not be supported in future versions. Please use the underscore name 'script_dir' instead
[2.276s]   warnings.warn(
[2.293s] running egg_info
[2.294s] writing ../../build/objects_py/objects_py.egg-info/PKG-INFO
[2.295s] writing dependency_links to ../../build/objects_py/objects_py.egg-info/dependency_links.txt
[2.296s] writing entry points to ../../build/objects_py/objects_py.egg-info/entry_points.txt
[2.296s] writing requirements to ../../build/objects_py/objects_py.egg-info/requires.txt
[2.297s] writing top-level names to ../../build/objects_py/objects_py.egg-info/top_level.txt
[2.301s] reading manifest file '../../build/objects_py/objects_py.egg-info/SOURCES.txt'
[2.303s] writing manifest file '../../build/objects_py/objects_py.egg-info/SOURCES.txt'
[2.303s] running build
[2.303s] running build_py
[2.304s] copying objects_py/objects.py -> /home/m4/object_detection/build/objects_py/build/lib/objects_py
[2.304s] running install
[2.305s] running install_lib
[2.306s] copying /home/m4/object_detection/build/objects_py/build/lib/objects_py/objects.py -> /home/m4/object_detection/install/objects_py/lib/python3.10/site-packages/objects_py
[2.308s] byte-compiling /home/m4/object_detection/install/objects_py/lib/python3.10/site-packages/objects_py/objects.py to objects.cpython-310.pyc
[2.309s] running install_data
[2.310s] running install_egg_info
[2.312s] removing '/home/m4/object_detection/install/objects_py/lib/python3.10/site-packages/objects_py-0.0.0-py3.10.egg-info' (and everything under it)
[2.313s] Copying ../../build/objects_py/objects_py.egg-info to /home/m4/object_detection/install/objects_py/lib/python3.10/site-packages/objects_py-0.0.0-py3.10.egg-info
[2.315s] running install_scripts
[2.361s] Installing detector script to /home/m4/object_detection/install/objects_py/lib/object_detection
[2.362s] writing list of installed files to '/home/m4/object_detection/build/objects_py/install.log'
[2.436s] Invoked command in '/home/m4/object_detection/src/objects_py' returned '0': PYTHONPATH=/home/m4/object_detection/build/objects_py/prefix_override:/usr/lib/python3/dist-packages/colcon_core/task/python/colcon_distutils_commands:/home/m4/object_detection/install/objects_py/lib/python3.10/site-packages:${PYTHONPATH} /usr/bin/python3 -W ignore:setup.py install is deprecated setup.py egg_info --egg-base ../../build/objects_py build --build-base /home/m4/object_detection/build/objects_py/build install --record /home/m4/object_detection/build/objects_py/install.log --install-scripts $base/lib/object_detection --single-version-externally-managed install_data
