[0.847s] Invoking command in '/home/m4/object_detection/src/object_detection': PYTHONPATH=/home/m4/object_detection/build/object_detection/prefix_override:/usr/lib/python3/dist-packages/colcon_core/task/python/colcon_distutils_commands:/home/m4/object_detection/install/object_detection/lib/python3.10/site-packages: /usr/bin/python3 -W ignore:setup.py install is deprecated setup.py egg_info --egg-base ../../build/object_detection build --build-base /home/m4/object_detection/build/object_detection/build install --record /home/m4/object_detection/build/object_detection/install.log --single-version-externally-managed install_data
[1.044s] running egg_info
[1.046s] writing ../../build/object_detection/object_detection.egg-info/PKG-INFO
[1.046s] writing dependency_links to ../../build/object_detection/object_detection.egg-info/dependency_links.txt
[1.047s] writing entry points to ../../build/object_detection/object_detection.egg-info/entry_points.txt
[1.047s] writing requirements to ../../build/object_detection/object_detection.egg-info/requires.txt
[1.047s] writing top-level names to ../../build/object_detection/object_detection.egg-info/top_level.txt
[1.049s] reading manifest file '../../build/object_detection/object_detection.egg-info/SOURCES.txt'
[1.050s] writing manifest file '../../build/object_detection/object_detection.egg-info/SOURCES.txt'
[1.050s] running build
[1.051s] running build_py
[1.051s] copying object_detection/detection_node.py -> /home/m4/object_detection/build/object_detection/build/lib/object_detection
[1.051s] running install
[1.052s] running install_lib
[1.053s] copying /home/m4/object_detection/build/object_detection/build/lib/object_detection/detection_node.py -> /home/m4/object_detection/install/object_detection/lib/python3.10/site-packages/object_detection
[1.054s] byte-compiling /home/m4/object_detection/install/object_detection/lib/python3.10/site-packages/object_detection/detection_node.py to detection_node.cpython-310.pyc
[1.055s] running install_data
[1.055s] running install_egg_info
[1.057s] removing '/home/m4/object_detection/install/object_detection/lib/python3.10/site-packages/object_detection-0.0.0-py3.10.egg-info' (and everything under it)
[1.058s] Copying ../../build/object_detection/object_detection.egg-info to /home/m4/object_detection/install/object_detection/lib/python3.10/site-packages/object_detection-0.0.0-py3.10.egg-info
[1.059s] running install_scripts
[1.079s] Installing detector script to /home/m4/object_detection/install/object_detection/lib/object_detection
[1.080s] writing list of installed files to '/home/m4/object_detection/build/object_detection/install.log'
[1.111s] Invoked command in '/home/m4/object_detection/src/object_detection' returned '0': PYTHONPATH=/home/m4/object_detection/build/object_detection/prefix_override:/usr/lib/python3/dist-packages/colcon_core/task/python/colcon_distutils_commands:/home/m4/object_detection/install/object_detection/lib/python3.10/site-packages: /usr/bin/python3 -W ignore:setup.py install is deprecated setup.py egg_info --egg-base ../../build/object_detection build --build-base /home/m4/object_detection/build/object_detection/build install --record /home/m4/object_detection/build/object_detection/install.log --single-version-externally-managed install_data
