running egg_info
writing ../../build/objects_py/object_detection.egg-info/PKG-INFO
writing dependency_links to ../../build/objects_py/object_detection.egg-info/dependency_links.txt
writing entry points to ../../build/objects_py/object_detection.egg-info/entry_points.txt
writing requirements to ../../build/objects_py/object_detection.egg-info/requires.txt
writing top-level names to ../../build/objects_py/object_detection.egg-info/top_level.txt
reading manifest file '../../build/objects_py/object_detection.egg-info/SOURCES.txt'
writing manifest file '../../build/objects_py/object_detection.egg-info/SOURCES.txt'
running build
running build_py
creating /home/m4/object_detection/build/objects_py/build/lib/object_detection
copying object_detection/detection_node.py -> /home/m4/object_detection/build/objects_py/build/lib/object_detection
copying object_detection/__init__.py -> /home/m4/object_detection/build/objects_py/build/lib/object_detection
running install
running install_lib
creating /home/m4/object_detection/install/objects_py/lib/python3.10/site-packages/object_detection
copying /home/m4/object_detection/build/objects_py/build/lib/object_detection/detection_node.py -> /home/m4/object_detection/install/objects_py/lib/python3.10/site-packages/object_detection
copying /home/m4/object_detection/build/objects_py/build/lib/object_detection/__init__.py -> /home/m4/object_detection/install/objects_py/lib/python3.10/site-packages/object_detection
byte-compiling /home/m4/object_detection/install/objects_py/lib/python3.10/site-packages/object_detection/detection_node.py to detection_node.cpython-310.pyc
byte-compiling /home/m4/object_detection/install/objects_py/lib/python3.10/site-packages/object_detection/__init__.py to __init__.cpython-310.pyc
running install_data
