[0.198s] DEBUG:colcon:Command line arguments: ['/usr/bin/colcon', 'build']
[0.199s] DEBUG:colcon:Parsed command line arguments: Namespace(log_base=None, log_level=None, verb_name='build', build_base='build', install_base='install', merge_install=False, symlink_install=False, test_result_base=None, continue_on_error=False, executor='parallel', parallel_workers=6, event_handlers=None, ignore_user_meta=False, metas=['./colcon.meta'], base_paths=['.'], packages_ignore=None, packages_ignore_regex=None, paths=None, packages_up_to=None, packages_up_to_regex=None, packages_above=None, packages_above_and_dependencies=None, packages_above_depth=None, packages_select_by_dep=None, packages_skip_by_dep=None, packages_skip_up_to=None, packages_select_build_failed=False, packages_skip_build_finished=False, packages_select_test_failures=False, packages_skip_test_passed=False, packages_select=None, packages_skip=None, packages_select_regex=None, packages_skip_regex=None, packages_start=None, packages_end=None, allow_overriding=[], cmake_args=None, cmake_target=None, cmake_target_skip_unavailable=False, cmake_clean_cache=False, cmake_clean_first=False, cmake_force_configure=False, ament_cmake_args=None, catkin_cmake_args=None, catkin_skip_building_tests=False, verb_parser=<colcon_defaults.argument_parser.defaults.DefaultArgumentsDecorator object at 0x763d4df0ffa0>, verb_extension=<colcon_core.verb.build.BuildVerb object at 0x763d4df0fa30>, main=<bound method BuildVerb.main of <colcon_core.verb.build.BuildVerb object at 0x763d4df0fa30>>)
[0.505s] Level 1:colcon.colcon_core.package_discovery:discover_packages(colcon_meta) check parameters
[0.505s] Level 1:colcon.colcon_core.package_discovery:discover_packages(recursive) check parameters
[0.505s] Level 1:colcon.colcon_core.package_discovery:discover_packages(ignore) check parameters
[0.505s] Level 1:colcon.colcon_core.package_discovery:discover_packages(path) check parameters
[0.505s] Level 1:colcon.colcon_core.package_discovery:discover_packages(colcon_meta) discover
[0.505s] Level 1:colcon.colcon_core.package_discovery:discover_packages(recursive) discover
[0.505s] INFO:colcon.colcon_core.package_discovery:Crawling recursively for packages in '/home/m4/object_detection'
[0.506s] Level 1:colcon.colcon_core.package_identification:_identify(.) by extensions ['ignore', 'ignore_ament_install']
[0.506s] Level 1:colcon.colcon_core.package_identification:_identify(.) by extension 'ignore'
[0.507s] Level 1:colcon.colcon_core.package_identification:_identify(.) by extension 'ignore_ament_install'
[0.507s] Level 1:colcon.colcon_core.package_identification:_identify(.) by extensions ['colcon_pkg']
[0.507s] Level 1:colcon.colcon_core.package_identification:_identify(.) by extension 'colcon_pkg'
[0.507s] Level 1:colcon.colcon_core.package_identification:_identify(.) by extensions ['colcon_meta']
[0.507s] Level 1:colcon.colcon_core.package_identification:_identify(.) by extension 'colcon_meta'
[0.507s] Level 1:colcon.colcon_core.package_identification:_identify(.) by extensions ['ros']
[0.507s] Level 1:colcon.colcon_core.package_identification:_identify(.) by extension 'ros'
[0.533s] Level 1:colcon.colcon_core.package_identification:_identify(.) by extensions ['cmake', 'python']
[0.533s] Level 1:colcon.colcon_core.package_identification:_identify(.) by extension 'cmake'
[0.533s] Level 1:colcon.colcon_core.package_identification:_identify(.) by extension 'python'
[0.534s] Level 1:colcon.colcon_core.package_identification:_identify(.) by extensions ['python_setup_py']
[0.534s] Level 1:colcon.colcon_core.package_identification:_identify(.) by extension 'python_setup_py'
[0.534s] Level 1:colcon.colcon_core.package_identification:_identify(build) by extensions ['ignore', 'ignore_ament_install']
[0.535s] Level 1:colcon.colcon_core.package_identification:_identify(build) by extension 'ignore'
[0.535s] Level 1:colcon.colcon_core.package_identification:_identify(build) ignored
[0.535s] Level 1:colcon.colcon_core.package_identification:_identify(install) by extensions ['ignore', 'ignore_ament_install']
[0.535s] Level 1:colcon.colcon_core.package_identification:_identify(install) by extension 'ignore'
[0.536s] Level 1:colcon.colcon_core.package_identification:_identify(install) ignored
[0.536s] Level 1:colcon.colcon_core.package_identification:_identify(log) by extensions ['ignore', 'ignore_ament_install']
[0.536s] Level 1:colcon.colcon_core.package_identification:_identify(log) by extension 'ignore'
[0.536s] Level 1:colcon.colcon_core.package_identification:_identify(log) ignored
[0.536s] Level 1:colcon.colcon_core.package_identification:_identify(src) by extensions ['ignore', 'ignore_ament_install']
[0.537s] Level 1:colcon.colcon_core.package_identification:_identify(src) by extension 'ignore'
[0.537s] Level 1:colcon.colcon_core.package_identification:_identify(src) by extension 'ignore_ament_install'
[0.537s] Level 1:colcon.colcon_core.package_identification:_identify(src) by extensions ['colcon_pkg']
[0.537s] Level 1:colcon.colcon_core.package_identification:_identify(src) by extension 'colcon_pkg'
[0.537s] Level 1:colcon.colcon_core.package_identification:_identify(src) by extensions ['colcon_meta']
[0.537s] Level 1:colcon.colcon_core.package_identification:_identify(src) by extension 'colcon_meta'
[0.538s] Level 1:colcon.colcon_core.package_identification:_identify(src) by extensions ['ros']
[0.538s] Level 1:colcon.colcon_core.package_identification:_identify(src) by extension 'ros'
[0.538s] Level 1:colcon.colcon_core.package_identification:_identify(src) by extensions ['cmake', 'python']
[0.538s] Level 1:colcon.colcon_core.package_identification:_identify(src) by extension 'cmake'
[0.538s] Level 1:colcon.colcon_core.package_identification:_identify(src) by extension 'python'
[0.538s] Level 1:colcon.colcon_core.package_identification:_identify(src) by extensions ['python_setup_py']
[0.538s] Level 1:colcon.colcon_core.package_identification:_identify(src) by extension 'python_setup_py'
[0.539s] Level 1:colcon.colcon_core.package_identification:_identify(src/camera_opencv) by extensions ['ignore', 'ignore_ament_install']
[0.539s] Level 1:colcon.colcon_core.package_identification:_identify(src/camera_opencv) by extension 'ignore'
[0.539s] Level 1:colcon.colcon_core.package_identification:_identify(src/camera_opencv) by extension 'ignore_ament_install'
[0.539s] Level 1:colcon.colcon_core.package_identification:_identify(src/camera_opencv) by extensions ['colcon_pkg']
[0.539s] Level 1:colcon.colcon_core.package_identification:_identify(src/camera_opencv) by extension 'colcon_pkg'
[0.539s] Level 1:colcon.colcon_core.package_identification:_identify(src/camera_opencv) by extensions ['colcon_meta']
[0.540s] Level 1:colcon.colcon_core.package_identification:_identify(src/camera_opencv) by extension 'colcon_meta'
[0.540s] Level 1:colcon.colcon_core.package_identification:_identify(src/camera_opencv) by extensions ['ros']
[0.540s] Level 1:colcon.colcon_core.package_identification:_identify(src/camera_opencv) by extension 'ros'
[0.547s] DEBUG:colcon.colcon_core.package_identification:Package 'src/camera_opencv' with type 'ros.ament_cmake' and name 'camera_opencv'
[0.547s] Level 1:colcon.colcon_core.package_identification:_identify(src/camera_py) by extensions ['ignore', 'ignore_ament_install']
[0.547s] Level 1:colcon.colcon_core.package_identification:_identify(src/camera_py) by extension 'ignore'
[0.548s] Level 1:colcon.colcon_core.package_identification:_identify(src/camera_py) by extension 'ignore_ament_install'
[0.548s] Level 1:colcon.colcon_core.package_identification:_identify(src/camera_py) by extensions ['colcon_pkg']
[0.548s] Level 1:colcon.colcon_core.package_identification:_identify(src/camera_py) by extension 'colcon_pkg'
[0.548s] Level 1:colcon.colcon_core.package_identification:_identify(src/camera_py) by extensions ['colcon_meta']
[0.548s] Level 1:colcon.colcon_core.package_identification:_identify(src/camera_py) by extension 'colcon_meta'
[0.548s] Level 1:colcon.colcon_core.package_identification:_identify(src/camera_py) by extensions ['ros']
[0.548s] Level 1:colcon.colcon_core.package_identification:_identify(src/camera_py) by extension 'ros'
[0.549s] DEBUG:colcon.colcon_core.package_identification:Package 'src/camera_py' with type 'ros.ament_python' and name 'camera_py'
[0.549s] Level 1:colcon.colcon_core.package_identification:_identify(src/objects_py) by extensions ['ignore', 'ignore_ament_install']
[0.550s] Level 1:colcon.colcon_core.package_identification:_identify(src/objects_py) by extension 'ignore'
[0.550s] Level 1:colcon.colcon_core.package_identification:_identify(src/objects_py) by extension 'ignore_ament_install'
[0.550s] Level 1:colcon.colcon_core.package_identification:_identify(src/objects_py) by extensions ['colcon_pkg']
[0.550s] Level 1:colcon.colcon_core.package_identification:_identify(src/objects_py) by extension 'colcon_pkg'
[0.550s] Level 1:colcon.colcon_core.package_identification:_identify(src/objects_py) by extensions ['colcon_meta']
[0.550s] Level 1:colcon.colcon_core.package_identification:_identify(src/objects_py) by extension 'colcon_meta'
[0.550s] Level 1:colcon.colcon_core.package_identification:_identify(src/objects_py) by extensions ['ros']
[0.550s] Level 1:colcon.colcon_core.package_identification:_identify(src/objects_py) by extension 'ros'
[0.551s] DEBUG:colcon.colcon_core.package_identification:Package 'src/objects_py' with type 'ros.ament_python' and name 'objects_py'
[0.551s] Level 1:colcon.colcon_core.package_discovery:discover_packages(recursive) using defaults
[0.552s] Level 1:colcon.colcon_core.package_discovery:discover_packages(ignore) discover
[0.552s] Level 1:colcon.colcon_core.package_discovery:discover_packages(ignore) using defaults
[0.552s] Level 1:colcon.colcon_core.package_discovery:discover_packages(path) discover
[0.552s] Level 1:colcon.colcon_core.package_discovery:discover_packages(path) using defaults
[0.598s] Level 1:colcon.colcon_core.package_discovery:discover_packages(prefix_path) check parameters
[0.598s] Level 1:colcon.colcon_core.package_discovery:discover_packages(prefix_path) discover
[0.603s] DEBUG:colcon.colcon_installed_package_information.package_discovery:Found 3 installed packages in /home/m4/object_detection/install
[0.606s] DEBUG:colcon.colcon_installed_package_information.package_discovery:Found 270 installed packages in /opt/ros/humble
[0.610s] Level 1:colcon.colcon_core.package_discovery:discover_packages(prefix_path) using defaults
[0.709s] Level 5:colcon.colcon_core.verb:set package 'camera_opencv' build argument 'cmake_args' from command line to 'None'
[0.709s] Level 5:colcon.colcon_core.verb:set package 'camera_opencv' build argument 'cmake_target' from command line to 'None'
[0.709s] Level 5:colcon.colcon_core.verb:set package 'camera_opencv' build argument 'cmake_target_skip_unavailable' from command line to 'False'
[0.709s] Level 5:colcon.colcon_core.verb:set package 'camera_opencv' build argument 'cmake_clean_cache' from command line to 'False'
[0.709s] Level 5:colcon.colcon_core.verb:set package 'camera_opencv' build argument 'cmake_clean_first' from command line to 'False'
[0.709s] Level 5:colcon.colcon_core.verb:set package 'camera_opencv' build argument 'cmake_force_configure' from command line to 'False'
[0.709s] Level 5:colcon.colcon_core.verb:set package 'camera_opencv' build argument 'ament_cmake_args' from command line to 'None'
[0.709s] Level 5:colcon.colcon_core.verb:set package 'camera_opencv' build argument 'catkin_cmake_args' from command line to 'None'
[0.709s] Level 5:colcon.colcon_core.verb:set package 'camera_opencv' build argument 'catkin_skip_building_tests' from command line to 'False'
[0.710s] DEBUG:colcon.colcon_core.verb:Building package 'camera_opencv' with the following arguments: {'ament_cmake_args': None, 'build_base': '/home/m4/object_detection/build/camera_opencv', 'catkin_cmake_args': None, 'catkin_skip_building_tests': False, 'cmake_args': None, 'cmake_clean_cache': False, 'cmake_clean_first': False, 'cmake_force_configure': False, 'cmake_target': None, 'cmake_target_skip_unavailable': False, 'install_base': '/home/m4/object_detection/install/camera_opencv', 'merge_install': False, 'path': '/home/m4/object_detection/src/camera_opencv', 'symlink_install': False, 'test_result_base': None}
[0.711s] Level 5:colcon.colcon_core.verb:set package 'camera_py' build argument 'cmake_args' from command line to 'None'
[0.711s] Level 5:colcon.colcon_core.verb:set package 'camera_py' build argument 'cmake_target' from command line to 'None'
[0.711s] Level 5:colcon.colcon_core.verb:set package 'camera_py' build argument 'cmake_target_skip_unavailable' from command line to 'False'
[0.711s] Level 5:colcon.colcon_core.verb:set package 'camera_py' build argument 'cmake_clean_cache' from command line to 'False'
[0.711s] Level 5:colcon.colcon_core.verb:set package 'camera_py' build argument 'cmake_clean_first' from command line to 'False'
[0.711s] Level 5:colcon.colcon_core.verb:set package 'camera_py' build argument 'cmake_force_configure' from command line to 'False'
[0.711s] Level 5:colcon.colcon_core.verb:set package 'camera_py' build argument 'ament_cmake_args' from command line to 'None'
[0.711s] Level 5:colcon.colcon_core.verb:set package 'camera_py' build argument 'catkin_cmake_args' from command line to 'None'
[0.711s] Level 5:colcon.colcon_core.verb:set package 'camera_py' build argument 'catkin_skip_building_tests' from command line to 'False'
[0.711s] DEBUG:colcon.colcon_core.verb:Building package 'camera_py' with the following arguments: {'ament_cmake_args': None, 'build_base': '/home/m4/object_detection/build/camera_py', 'catkin_cmake_args': None, 'catkin_skip_building_tests': False, 'cmake_args': None, 'cmake_clean_cache': False, 'cmake_clean_first': False, 'cmake_force_configure': False, 'cmake_target': None, 'cmake_target_skip_unavailable': False, 'install_base': '/home/m4/object_detection/install/camera_py', 'merge_install': False, 'path': '/home/m4/object_detection/src/camera_py', 'symlink_install': False, 'test_result_base': None}
[0.712s] Level 5:colcon.colcon_core.verb:set package 'objects_py' build argument 'cmake_args' from command line to 'None'
[0.712s] Level 5:colcon.colcon_core.verb:set package 'objects_py' build argument 'cmake_target' from command line to 'None'
[0.712s] Level 5:colcon.colcon_core.verb:set package 'objects_py' build argument 'cmake_target_skip_unavailable' from command line to 'False'
[0.713s] Level 5:colcon.colcon_core.verb:set package 'objects_py' build argument 'cmake_clean_cache' from command line to 'False'
[0.713s] Level 5:colcon.colcon_core.verb:set package 'objects_py' build argument 'cmake_clean_first' from command line to 'False'
[0.713s] Level 5:colcon.colcon_core.verb:set package 'objects_py' build argument 'cmake_force_configure' from command line to 'False'
[0.713s] Level 5:colcon.colcon_core.verb:set package 'objects_py' build argument 'ament_cmake_args' from command line to 'None'
[0.713s] Level 5:colcon.colcon_core.verb:set package 'objects_py' build argument 'catkin_cmake_args' from command line to 'None'
[0.713s] Level 5:colcon.colcon_core.verb:set package 'objects_py' build argument 'catkin_skip_building_tests' from command line to 'False'
[0.713s] DEBUG:colcon.colcon_core.verb:Building package 'objects_py' with the following arguments: {'ament_cmake_args': None, 'build_base': '/home/m4/object_detection/build/objects_py', 'catkin_cmake_args': None, 'catkin_skip_building_tests': False, 'cmake_args': None, 'cmake_clean_cache': False, 'cmake_clean_first': False, 'cmake_force_configure': False, 'cmake_target': None, 'cmake_target_skip_unavailable': False, 'install_base': '/home/m4/object_detection/install/objects_py', 'merge_install': False, 'path': '/home/m4/object_detection/src/objects_py', 'symlink_install': False, 'test_result_base': None}
[0.713s] INFO:colcon.colcon_core.executor:Executing jobs using 'parallel' executor
[0.716s] DEBUG:colcon.colcon_parallel_executor.executor.parallel:run_until_complete
[0.716s] INFO:colcon.colcon_ros.task.ament_cmake.build:Building ROS package in '/home/m4/object_detection/src/camera_opencv' with build type 'ament_cmake'
[0.717s] INFO:colcon.colcon_cmake.task.cmake.build:Building CMake package in '/home/m4/object_detection/src/camera_opencv'
[0.723s] INFO:colcon.colcon_core.plugin_system:Skipping extension 'colcon_core.shell.bat': Not used on non-Windows systems
[0.724s] INFO:colcon.colcon_core.shell:Skip shell extension 'powershell' for command environment: Not usable outside of PowerShell
[0.724s] DEBUG:colcon.colcon_core.shell:Skip shell extension 'dsv' for command environment
[0.732s] INFO:colcon.colcon_ros.task.ament_python.build:Building ROS package in '/home/m4/object_detection/src/camera_py' with build type 'ament_python'
[0.733s] Level 1:colcon.colcon_core.shell:create_environment_hook('camera_py', 'ament_prefix_path')
[0.733s] INFO:colcon.colcon_core.shell:Creating environment hook '/home/m4/object_detection/install/camera_py/share/camera_py/hook/ament_prefix_path.ps1'
[0.735s] INFO:colcon.colcon_core.shell:Creating environment descriptor '/home/m4/object_detection/install/camera_py/share/camera_py/hook/ament_prefix_path.dsv'
[0.736s] INFO:colcon.colcon_core.shell:Creating environment hook '/home/m4/object_detection/install/camera_py/share/camera_py/hook/ament_prefix_path.sh'
[0.738s] INFO:colcon.colcon_core.shell:Skip shell extension 'powershell' for command environment: Not usable outside of PowerShell
[0.738s] DEBUG:colcon.colcon_core.shell:Skip shell extension 'dsv' for command environment
[0.744s] INFO:colcon.colcon_ros.task.ament_python.build:Building ROS package in '/home/m4/object_detection/src/objects_py' with build type 'ament_python'
[0.744s] Level 1:colcon.colcon_core.shell:create_environment_hook('objects_py', 'ament_prefix_path')
[0.745s] INFO:colcon.colcon_core.shell:Creating environment hook '/home/m4/object_detection/install/objects_py/share/objects_py/hook/ament_prefix_path.ps1'
[0.747s] INFO:colcon.colcon_core.shell:Creating environment descriptor '/home/m4/object_detection/install/objects_py/share/objects_py/hook/ament_prefix_path.dsv'
[0.748s] INFO:colcon.colcon_core.shell:Creating environment hook '/home/m4/object_detection/install/objects_py/share/objects_py/hook/ament_prefix_path.sh'
[0.750s] INFO:colcon.colcon_core.shell:Skip shell extension 'powershell' for command environment: Not usable outside of PowerShell
[0.750s] DEBUG:colcon.colcon_core.shell:Skip shell extension 'dsv' for command environment
[0.774s] DEBUG:colcon.colcon_core.event_handler.log_command:Invoking command in '/home/m4/object_detection/build/camera_opencv': CMAKE_PREFIX_PATH=${CMAKE_PREFIX_PATH}:/home/m4/object_detection/install/objects_py:/opt/ros/humble:/home/m4/object_detection/install/camera_py /usr/bin/cmake --build /home/m4/object_detection/build/camera_opencv -- -j6 -l6
[1.230s] INFO:colcon.colcon_core.task.python.build:Building Python package in '/home/m4/object_detection/src/camera_py'
[1.231s] INFO:colcon.colcon_core.shell:Skip shell extension 'powershell' for command environment: Not usable outside of PowerShell
[1.231s] DEBUG:colcon.colcon_core.shell:Skip shell extension 'dsv' for command environment
[1.758s] INFO:colcon.colcon_core.task.python.build:Building Python package in '/home/m4/object_detection/src/objects_py'
[1.759s] INFO:colcon.colcon_core.shell:Skip shell extension 'powershell' for command environment: Not usable outside of PowerShell
[1.759s] DEBUG:colcon.colcon_core.shell:Skip shell extension 'dsv' for command environment
[1.772s] DEBUG:colcon.colcon_core.event_handler.log_command:Invoked command in '/home/m4/object_detection/build/camera_opencv' returned '0': CMAKE_PREFIX_PATH=${CMAKE_PREFIX_PATH}:/home/m4/object_detection/install/objects_py:/opt/ros/humble:/home/m4/object_detection/install/camera_py /usr/bin/cmake --build /home/m4/object_detection/build/camera_opencv -- -j6 -l6
[1.890s] DEBUG:colcon.colcon_core.event_handler.log_command:Invoking command in '/home/m4/object_detection/build/camera_opencv': CMAKE_PREFIX_PATH=${CMAKE_PREFIX_PATH}:/home/m4/object_detection/install/objects_py:/opt/ros/humble:/home/m4/object_detection/install/camera_py /usr/bin/cmake --install /home/m4/object_detection/build/camera_opencv
[1.916s] Level 1:colcon.colcon_core.environment:create_environment_scripts_only(camera_opencv)
[1.918s] DEBUG:colcon.colcon_core.event_handler.log_command:Invoked command in '/home/m4/object_detection/build/camera_opencv' returned '0': CMAKE_PREFIX_PATH=${CMAKE_PREFIX_PATH}:/home/m4/object_detection/install/objects_py:/opt/ros/humble:/home/m4/object_detection/install/camera_py /usr/bin/cmake --install /home/m4/object_detection/build/camera_opencv
[1.923s] Level 1:colcon.colcon_core.environment:checking '/home/m4/object_detection/install/camera_opencv' for CMake module files
[1.924s] Level 1:colcon.colcon_core.environment:checking '/home/m4/object_detection/install/camera_opencv' for CMake config files
[1.925s] Level 1:colcon.colcon_core.shell:create_environment_hook('camera_opencv', 'cmake_prefix_path')
[1.925s] INFO:colcon.colcon_core.shell:Creating environment hook '/home/m4/object_detection/install/camera_opencv/share/camera_opencv/hook/cmake_prefix_path.ps1'
[1.927s] INFO:colcon.colcon_core.shell:Creating environment descriptor '/home/m4/object_detection/install/camera_opencv/share/camera_opencv/hook/cmake_prefix_path.dsv'
[1.928s] INFO:colcon.colcon_core.shell:Creating environment hook '/home/m4/object_detection/install/camera_opencv/share/camera_opencv/hook/cmake_prefix_path.sh'
[1.930s] Level 1:colcon.colcon_core.environment:checking '/home/m4/object_detection/install/camera_opencv/lib'
[1.930s] Level 1:colcon.colcon_core.environment:checking '/home/m4/object_detection/install/camera_opencv/bin'
[1.930s] Level 1:colcon.colcon_core.environment:checking '/home/m4/object_detection/install/camera_opencv/lib/pkgconfig/camera_opencv.pc'
[1.930s] Level 1:colcon.colcon_core.environment:checking '/home/m4/object_detection/install/camera_opencv/lib/python3.10/site-packages'
[1.931s] Level 1:colcon.colcon_core.environment:checking '/home/m4/object_detection/install/camera_opencv/bin'
[1.931s] INFO:colcon.colcon_core.shell:Creating package script '/home/m4/object_detection/install/camera_opencv/share/camera_opencv/package.ps1'
[1.933s] INFO:colcon.colcon_core.shell:Creating package descriptor '/home/m4/object_detection/install/camera_opencv/share/camera_opencv/package.dsv'
[1.934s] INFO:colcon.colcon_core.shell:Creating package script '/home/m4/object_detection/install/camera_opencv/share/camera_opencv/package.sh'
[1.936s] INFO:colcon.colcon_core.shell:Creating package script '/home/m4/object_detection/install/camera_opencv/share/camera_opencv/package.bash'
[1.938s] INFO:colcon.colcon_core.shell:Creating package script '/home/m4/object_detection/install/camera_opencv/share/camera_opencv/package.zsh'
[1.939s] Level 1:colcon.colcon_core.environment:create_file_with_runtime_dependencies(/home/m4/object_detection/install/camera_opencv/share/colcon-core/packages/camera_opencv)
[2.027s] Level 1:colcon.colcon_core.environment:create_environment_scripts_only(camera_opencv)
[2.028s] Level 1:colcon.colcon_core.environment:checking '/home/m4/object_detection/install/camera_opencv' for CMake module files
[2.029s] Level 1:colcon.colcon_core.environment:checking '/home/m4/object_detection/install/camera_opencv' for CMake config files
[2.029s] Level 1:colcon.colcon_core.shell:create_environment_hook('camera_opencv', 'cmake_prefix_path')
[2.030s] INFO:colcon.colcon_core.shell:Creating environment hook '/home/m4/object_detection/install/camera_opencv/share/camera_opencv/hook/cmake_prefix_path.ps1'
[2.031s] INFO:colcon.colcon_core.shell:Creating environment descriptor '/home/m4/object_detection/install/camera_opencv/share/camera_opencv/hook/cmake_prefix_path.dsv'
[2.033s] INFO:colcon.colcon_core.shell:Creating environment hook '/home/m4/object_detection/install/camera_opencv/share/camera_opencv/hook/cmake_prefix_path.sh'
[2.034s] Level 1:colcon.colcon_core.environment:checking '/home/m4/object_detection/install/camera_opencv/lib'
[2.034s] Level 1:colcon.colcon_core.environment:checking '/home/m4/object_detection/install/camera_opencv/bin'
[2.034s] Level 1:colcon.colcon_core.environment:checking '/home/m4/object_detection/install/camera_opencv/lib/pkgconfig/camera_opencv.pc'
[2.035s] Level 1:colcon.colcon_core.environment:checking '/home/m4/object_detection/install/camera_opencv/lib/python3.10/site-packages'
[2.036s] Level 1:colcon.colcon_core.environment:checking '/home/m4/object_detection/install/camera_opencv/bin'
[2.036s] INFO:colcon.colcon_core.shell:Creating package script '/home/m4/object_detection/install/camera_opencv/share/camera_opencv/package.ps1'
[2.038s] INFO:colcon.colcon_core.shell:Creating package descriptor '/home/m4/object_detection/install/camera_opencv/share/camera_opencv/package.dsv'
[2.039s] INFO:colcon.colcon_core.shell:Creating package script '/home/m4/object_detection/install/camera_opencv/share/camera_opencv/package.sh'
[2.040s] INFO:colcon.colcon_core.shell:Creating package script '/home/m4/object_detection/install/camera_opencv/share/camera_opencv/package.bash'
[2.042s] INFO:colcon.colcon_core.shell:Creating package script '/home/m4/object_detection/install/camera_opencv/share/camera_opencv/package.zsh'
[2.043s] Level 1:colcon.colcon_core.environment:create_file_with_runtime_dependencies(/home/m4/object_detection/install/camera_opencv/share/colcon-core/packages/camera_opencv)
[2.495s] DEBUG:colcon.colcon_core.event_handler.log_command:Invoking command in '/home/m4/object_detection/src/objects_py': PYTHONPATH=/home/m4/object_detection/build/objects_py/prefix_override:/usr/lib/python3/dist-packages/colcon_core/task/python/colcon_distutils_commands:/home/m4/object_detection/install/objects_py/lib/python3.10/site-packages:${PYTHONPATH} /usr/bin/python3 -W ignore:setup.py install is deprecated setup.py egg_info --egg-base ../../build/objects_py build --build-base /home/m4/object_detection/build/objects_py/build install --record /home/m4/object_detection/build/objects_py/install.log --single-version-externally-managed install_data
[2.510s] DEBUG:colcon.colcon_core.event_handler.log_command:Invoking command in '/home/m4/object_detection/src/camera_py': PYTHONPATH=/home/m4/object_detection/build/camera_py/prefix_override:/usr/lib/python3/dist-packages/colcon_core/task/python/colcon_distutils_commands:/home/m4/object_detection/install/camera_py/lib/python3.10/site-packages:${PYTHONPATH} /usr/bin/python3 -W ignore:setup.py install is deprecated setup.py egg_info --egg-base ../../build/camera_py build --build-base /home/m4/object_detection/build/camera_py/build install --record /home/m4/object_detection/build/camera_py/install.log --single-version-externally-managed install_data
[3.123s] Level 1:colcon.colcon_core.environment:checking '/home/m4/object_detection/install/objects_py' for CMake module files
[3.125s] DEBUG:colcon.colcon_core.event_handler.log_command:Invoked command in '/home/m4/object_detection/src/objects_py' returned '0': PYTHONPATH=/home/m4/object_detection/build/objects_py/prefix_override:/usr/lib/python3/dist-packages/colcon_core/task/python/colcon_distutils_commands:/home/m4/object_detection/install/objects_py/lib/python3.10/site-packages:${PYTHONPATH} /usr/bin/python3 -W ignore:setup.py install is deprecated setup.py egg_info --egg-base ../../build/objects_py build --build-base /home/m4/object_detection/build/objects_py/build install --record /home/m4/object_detection/build/objects_py/install.log --single-version-externally-managed install_data
[3.126s] Level 1:colcon.colcon_core.environment:checking '/home/m4/object_detection/install/objects_py' for CMake config files
[3.127s] Level 1:colcon.colcon_core.environment:checking '/home/m4/object_detection/install/objects_py/lib'
[3.128s] Level 1:colcon.colcon_core.environment:checking '/home/m4/object_detection/install/objects_py/bin'
[3.128s] Level 1:colcon.colcon_core.environment:checking '/home/m4/object_detection/install/objects_py/lib/pkgconfig/objects_py.pc'
[3.128s] Level 1:colcon.colcon_core.environment:checking '/home/m4/object_detection/install/objects_py/lib/python3.10/site-packages'
[3.128s] Level 1:colcon.colcon_core.shell:create_environment_hook('objects_py', 'pythonpath')
[3.129s] INFO:colcon.colcon_core.shell:Creating environment hook '/home/m4/object_detection/install/objects_py/share/objects_py/hook/pythonpath.ps1'
[3.131s] INFO:colcon.colcon_core.shell:Creating environment descriptor '/home/m4/object_detection/install/objects_py/share/objects_py/hook/pythonpath.dsv'
[3.131s] INFO:colcon.colcon_core.shell:Creating environment hook '/home/m4/object_detection/install/objects_py/share/objects_py/hook/pythonpath.sh'
[3.133s] Level 1:colcon.colcon_core.environment:checking '/home/m4/object_detection/install/objects_py/bin'
[3.133s] Level 1:colcon.colcon_core.environment:create_environment_scripts_only(objects_py)
[3.134s] INFO:colcon.colcon_core.shell:Creating package script '/home/m4/object_detection/install/objects_py/share/objects_py/package.ps1'
[3.136s] INFO:colcon.colcon_core.shell:Creating package descriptor '/home/m4/object_detection/install/objects_py/share/objects_py/package.dsv'
[3.137s] INFO:colcon.colcon_core.shell:Creating package script '/home/m4/object_detection/install/objects_py/share/objects_py/package.sh'
[3.139s] INFO:colcon.colcon_core.shell:Creating package script '/home/m4/object_detection/install/objects_py/share/objects_py/package.bash'
[3.140s] INFO:colcon.colcon_core.shell:Creating package script '/home/m4/object_detection/install/objects_py/share/objects_py/package.zsh'
[3.141s] Level 1:colcon.colcon_core.environment:create_file_with_runtime_dependencies(/home/m4/object_detection/install/objects_py/share/colcon-core/packages/objects_py)
[3.145s] Level 1:colcon.colcon_core.environment:checking '/home/m4/object_detection/install/camera_py' for CMake module files
[3.148s] Level 1:colcon.colcon_core.environment:checking '/home/m4/object_detection/install/camera_py' for CMake config files
[3.148s] DEBUG:colcon.colcon_core.event_handler.log_command:Invoked command in '/home/m4/object_detection/src/camera_py' returned '0': PYTHONPATH=/home/m4/object_detection/build/camera_py/prefix_override:/usr/lib/python3/dist-packages/colcon_core/task/python/colcon_distutils_commands:/home/m4/object_detection/install/camera_py/lib/python3.10/site-packages:${PYTHONPATH} /usr/bin/python3 -W ignore:setup.py install is deprecated setup.py egg_info --egg-base ../../build/camera_py build --build-base /home/m4/object_detection/build/camera_py/build install --record /home/m4/object_detection/build/camera_py/install.log --single-version-externally-managed install_data
[3.149s] Level 1:colcon.colcon_core.environment:checking '/home/m4/object_detection/install/camera_py/lib'
[3.150s] Level 1:colcon.colcon_core.environment:checking '/home/m4/object_detection/install/camera_py/bin'
[3.150s] Level 1:colcon.colcon_core.environment:checking '/home/m4/object_detection/install/camera_py/lib/pkgconfig/camera_py.pc'
[3.150s] Level 1:colcon.colcon_core.environment:checking '/home/m4/object_detection/install/camera_py/lib/python3.10/site-packages'
[3.150s] Level 1:colcon.colcon_core.shell:create_environment_hook('camera_py', 'pythonpath')
[3.151s] INFO:colcon.colcon_core.shell:Creating environment hook '/home/m4/object_detection/install/camera_py/share/camera_py/hook/pythonpath.ps1'
[3.152s] INFO:colcon.colcon_core.shell:Creating environment descriptor '/home/m4/object_detection/install/camera_py/share/camera_py/hook/pythonpath.dsv'
[3.154s] INFO:colcon.colcon_core.shell:Creating environment hook '/home/m4/object_detection/install/camera_py/share/camera_py/hook/pythonpath.sh'
[3.155s] Level 1:colcon.colcon_core.environment:checking '/home/m4/object_detection/install/camera_py/bin'
[3.155s] Level 1:colcon.colcon_core.environment:create_environment_scripts_only(camera_py)
[3.156s] INFO:colcon.colcon_core.shell:Creating package script '/home/m4/object_detection/install/camera_py/share/camera_py/package.ps1'
[3.157s] INFO:colcon.colcon_core.shell:Creating package descriptor '/home/m4/object_detection/install/camera_py/share/camera_py/package.dsv'
[3.159s] INFO:colcon.colcon_core.shell:Creating package script '/home/m4/object_detection/install/camera_py/share/camera_py/package.sh'
[3.160s] INFO:colcon.colcon_core.shell:Creating package script '/home/m4/object_detection/install/camera_py/share/camera_py/package.bash'
[3.162s] INFO:colcon.colcon_core.shell:Creating package script '/home/m4/object_detection/install/camera_py/share/camera_py/package.zsh'
[3.163s] Level 1:colcon.colcon_core.environment:create_file_with_runtime_dependencies(/home/m4/object_detection/install/camera_py/share/colcon-core/packages/camera_py)
[3.164s] DEBUG:colcon.colcon_parallel_executor.executor.parallel:closing loop
[3.166s] DEBUG:colcon.colcon_parallel_executor.executor.parallel:loop closed
[3.166s] DEBUG:colcon.colcon_parallel_executor.executor.parallel:run_until_complete finished with '0'
[3.166s] DEBUG:colcon.colcon_core.event_reactor:joining thread
[3.180s] INFO:colcon.colcon_core.plugin_system:Skipping extension 'colcon_notification.desktop_notification.terminal_notifier': Not used on non-Darwin systems
[3.180s] INFO:colcon.colcon_core.plugin_system:Skipping extension 'colcon_notification.desktop_notification.win32': Not used on non-Windows systems
[3.180s] INFO:colcon.colcon_notification.desktop_notification:Sending desktop notification using 'notify2'
[3.212s] DEBUG:colcon.colcon_core.event_reactor:joined thread
[3.213s] INFO:colcon.colcon_core.shell:Creating prefix script '/home/m4/object_detection/install/local_setup.ps1'
[3.216s] INFO:colcon.colcon_core.shell:Creating prefix util module '/home/m4/object_detection/install/_local_setup_util_ps1.py'
[3.219s] INFO:colcon.colcon_core.shell:Creating prefix chain script '/home/m4/object_detection/install/setup.ps1'
[3.222s] INFO:colcon.colcon_core.shell:Creating prefix script '/home/m4/object_detection/install/local_setup.sh'
[3.224s] INFO:colcon.colcon_core.shell:Creating prefix util module '/home/m4/object_detection/install/_local_setup_util_sh.py'
[3.226s] INFO:colcon.colcon_core.shell:Creating prefix chain script '/home/m4/object_detection/install/setup.sh'
[3.229s] INFO:colcon.colcon_core.shell:Creating prefix script '/home/m4/object_detection/install/local_setup.bash'
[3.230s] INFO:colcon.colcon_core.shell:Creating prefix chain script '/home/m4/object_detection/install/setup.bash'
[3.233s] INFO:colcon.colcon_core.shell:Creating prefix script '/home/m4/object_detection/install/local_setup.zsh'
[3.234s] INFO:colcon.colcon_core.shell:Creating prefix chain script '/home/m4/object_detection/install/setup.zsh'
