[1.021s] Invoking command in '/home/m4/object_detection/src/object_detection': PYTHONPATH=/home/m4/object_detection/build/object_detection/prefix_override:/usr/lib/python3/dist-packages/colcon_core/task/python/colcon_distutils_commands:/home/m4/object_detection/install/object_detection/lib/python3.10/site-packages:${PYTHONPATH} /usr/bin/python3 -W ignore:setup.py install is deprecated setup.py egg_info --egg-base ../../build/object_detection build --build-base /home/m4/object_detection/build/object_detection/build install --record /home/m4/object_detection/build/object_detection/install.log --single-version-externally-managed install_data
[1.269s] running egg_info
[1.271s] writing ../../build/object_detection/object_detection.egg-info/PKG-INFO
[1.272s] writing dependency_links to ../../build/object_detection/object_detection.egg-info/dependency_links.txt
[1.272s] writing entry points to ../../build/object_detection/object_detection.egg-info/entry_points.txt
[1.272s] writing requirements to ../../build/object_detection/object_detection.egg-info/requires.txt
[1.272s] writing top-level names to ../../build/object_detection/object_detection.egg-info/top_level.txt
[1.274s] reading manifest file '../../build/object_detection/object_detection.egg-info/SOURCES.txt'
[1.275s] writing manifest file '../../build/object_detection/object_detection.egg-info/SOURCES.txt'
[1.276s] running build
[1.276s] running build_py
[1.276s] running install
[1.277s] running install_lib
[1.278s] running install_data
[1.278s] running install_egg_info
[1.280s] removing '/home/m4/object_detection/install/object_detection/lib/python3.10/site-packages/object_detection-0.0.0-py3.10.egg-info' (and everything under it)
[1.281s] Copying ../../build/object_detection/object_detection.egg-info to /home/m4/object_detection/install/object_detection/lib/python3.10/site-packages/object_detection-0.0.0-py3.10.egg-info
[1.282s] running install_scripts
[1.305s] Installing detector script to /home/m4/object_detection/install/object_detection/lib/object_detection
[1.306s] writing list of installed files to '/home/m4/object_detection/build/object_detection/install.log'
[1.342s] Invoked command in '/home/m4/object_detection/src/object_detection' returned '0': PYTHONPATH=/home/m4/object_detection/build/object_detection/prefix_override:/usr/lib/python3/dist-packages/colcon_core/task/python/colcon_distutils_commands:/home/m4/object_detection/install/object_detection/lib/python3.10/site-packages:${PYTHONPATH} /usr/bin/python3 -W ignore:setup.py install is deprecated setup.py egg_info --egg-base ../../build/object_detection build --build-base /home/m4/object_detection/build/object_detection/build install --record /home/m4/object_detection/build/object_detection/install.log --single-version-externally-managed install_data
