[0.754s] Invoking command in '/home/m4/object_detection/src/camera_py': PYTHONPATH=/home/m4/object_detection/build/camera_py/prefix_override:/usr/lib/python3/dist-packages/colcon_core/task/python/colcon_distutils_commands:/home/m4/object_detection/install/camera_py/lib/python3.10/site-packages: /usr/bin/python3 -W ignore:setup.py install is deprecated setup.py egg_info --egg-base ../../build/camera_py build --build-base /home/m4/object_detection/build/camera_py/build install --record /home/m4/object_detection/build/camera_py/install.log --single-version-externally-managed install_data
[0.952s] running egg_info
[0.953s] writing ../../build/camera_py/camera_py.egg-info/PKG-INFO
[0.953s] writing dependency_links to ../../build/camera_py/camera_py.egg-info/dependency_links.txt
[0.954s] writing entry points to ../../build/camera_py/camera_py.egg-info/entry_points.txt
[0.954s] writing requirements to ../../build/camera_py/camera_py.egg-info/requires.txt
[0.955s] writing top-level names to ../../build/camera_py/camera_py.egg-info/top_level.txt
[0.958s] reading manifest file '../../build/camera_py/camera_py.egg-info/SOURCES.txt'
[0.959s] writing manifest file '../../build/camera_py/camera_py.egg-info/SOURCES.txt'
[0.959s] running build
[0.959s] running build_py
[0.960s] running install
[0.960s] running install_lib
[0.961s] running install_data
[0.962s] running install_egg_info
[0.963s] removing '/home/m4/object_detection/install/camera_py/lib/python3.10/site-packages/camera_py-0.0.0-py3.10.egg-info' (and everything under it)
[0.964s] Copying ../../build/camera_py/camera_py.egg-info to /home/m4/object_detection/install/camera_py/lib/python3.10/site-packages/camera_py-0.0.0-py3.10.egg-info
[0.965s] running install_scripts
[0.987s] Installing camera script to /home/m4/object_detection/install/camera_py/lib/camera_py
[0.988s] writing list of installed files to '/home/m4/object_detection/build/camera_py/install.log'
