[1.057s] Invoking command in '/home/m4/object_detection/src/object_detection': PYTHONPATH=/home/m4/object_detection/build/object_detection/prefix_override:/usr/lib/python3/dist-packages/colcon_core/task/python/colcon_distutils_commands:/home/m4/object_detection/install/object_detection/lib/python3.10/site-packages:${PYTHONPATH} /usr/bin/python3 -W ignore:setup.py install is deprecated setup.py egg_info --egg-base ../../build/object_detection build --build-base /home/m4/object_detection/build/object_detection/build install --record /home/m4/object_detection/build/object_detection/install.log --single-version-externally-managed install_data
[1.363s] running egg_info
[1.364s] writing ../../build/object_detection/object_detection.egg-info/PKG-INFO
[1.364s] writing dependency_links to ../../build/object_detection/object_detection.egg-info/dependency_links.txt
[1.365s] writing entry points to ../../build/object_detection/object_detection.egg-info/entry_points.txt
[1.365s] writing requirements to ../../build/object_detection/object_detection.egg-info/requires.txt
[1.365s] writing top-level names to ../../build/object_detection/object_detection.egg-info/top_level.txt
[1.367s] reading manifest file '../../build/object_detection/object_detection.egg-info/SOURCES.txt'
[1.368s] writing manifest file '../../build/object_detection/object_detection.egg-info/SOURCES.txt'
[1.368s] running build
[1.368s] running build_py
[1.369s] running install
[1.370s] running install_lib
[1.371s] running install_data
[1.371s] running install_egg_info
[1.373s] removing '/home/m4/object_detection/install/object_detection/lib/python3.10/site-packages/object_detection-0.0.0-py3.10.egg-info' (and everything under it)
[1.373s] Copying ../../build/object_detection/object_detection.egg-info to /home/m4/object_detection/install/object_detection/lib/python3.10/site-packages/object_detection-0.0.0-py3.10.egg-info
[1.375s] running install_scripts
[1.404s] Installing detector script to /home/m4/object_detection/install/object_detection/lib/object_detection
[1.404s] writing list of installed files to '/home/m4/object_detection/build/object_detection/install.log'
[1.437s] Invoked command in '/home/m4/object_detection/src/object_detection' returned '0': PYTHONPATH=/home/m4/object_detection/build/object_detection/prefix_override:/usr/lib/python3/dist-packages/colcon_core/task/python/colcon_distutils_commands:/home/m4/object_detection/install/object_detection/lib/python3.10/site-packages:${PYTHONPATH} /usr/bin/python3 -W ignore:setup.py install is deprecated setup.py egg_info --egg-base ../../build/object_detection build --build-base /home/m4/object_detection/build/object_detection/build install --record /home/m4/object_detection/build/object_detection/install.log --single-version-externally-managed install_data
