[0.896s] Invoking command in '/home/m4/object_detection/src/objects_py': PYTHONPATH=/home/m4/object_detection/build/objects_py/prefix_override:/usr/lib/python3/dist-packages/colcon_core/task/python/colcon_distutils_commands:/home/m4/object_detection/install/objects_py/lib/python3.10/site-packages:${PYTHONPATH} /usr/bin/python3 -W ignore:setup.py install is deprecated setup.py egg_info --egg-base ../../build/objects_py build --build-base /home/m4/object_detection/build/objects_py/build install --record /home/m4/object_detection/build/objects_py/install.log --install-scripts $base/lib/object_detection --single-version-externally-managed install_data
[1.156s] /usr/lib/python3/dist-packages/setuptools/dist.py:723: UserWarning: Usage of dash-separated 'script-dir' will not be supported in future versions. Please use the underscore name 'script_dir' instead
[1.157s]   warnings.warn(
[1.166s] running egg_info
[1.166s] writing ../../build/objects_py/object_detection.egg-info/PKG-INFO
[1.167s] writing dependency_links to ../../build/objects_py/object_detection.egg-info/dependency_links.txt
[1.168s] writing entry points to ../../build/objects_py/object_detection.egg-info/entry_points.txt
[1.168s] writing requirements to ../../build/objects_py/object_detection.egg-info/requires.txt
[1.169s] writing top-level names to ../../build/objects_py/object_detection.egg-info/top_level.txt
[1.171s] reading manifest file '../../build/objects_py/object_detection.egg-info/SOURCES.txt'
[1.172s] writing manifest file '../../build/objects_py/object_detection.egg-info/SOURCES.txt'
[1.173s] running build
[1.173s] running build_py
[1.173s] running install
[1.174s] running install_lib
[1.176s] running install_data
[1.176s] running install_egg_info
[1.178s] removing '/home/m4/object_detection/install/objects_py/lib/python3.10/site-packages/object_detection-0.0.0-py3.10.egg-info' (and everything under it)
[1.178s] Copying ../../build/objects_py/object_detection.egg-info to /home/m4/object_detection/install/objects_py/lib/python3.10/site-packages/object_detection-0.0.0-py3.10.egg-info
[1.180s] running install_scripts
[1.206s] Installing detector script to /home/m4/object_detection/install/objects_py/lib/object_detection
[1.206s] writing list of installed files to '/home/m4/object_detection/build/objects_py/install.log'
[1.237s] Invoked command in '/home/m4/object_detection/src/objects_py' returned '0': PYTHONPATH=/home/m4/object_detection/build/objects_py/prefix_override:/usr/lib/python3/dist-packages/colcon_core/task/python/colcon_distutils_commands:/home/m4/object_detection/install/objects_py/lib/python3.10/site-packages:${PYTHONPATH} /usr/bin/python3 -W ignore:setup.py install is deprecated setup.py egg_info --egg-base ../../build/objects_py build --build-base /home/m4/object_detection/build/objects_py/build install --record /home/m4/object_detection/build/objects_py/install.log --install-scripts $base/lib/object_detection --single-version-externally-managed install_data
