[0.060s] Invoking command in '/home/m4/object_detection/build/camera_opencv': CMAKE_PREFIX_PATH=${CMAKE_PREFIX_PATH}:/home/m4/object_detection/install/objects_py:/opt/ros/humble:/home/m4/object_detection/install/camera_py /usr/bin/cmake --build /home/m4/object_detection/build/camera_opencv -- -j6 -l6
[0.561s] [100%] Built target camera
[1.053s] Invoked command in '/home/m4/object_detection/build/camera_opencv' returned '0': CMAKE_PREFIX_PATH=${CMAKE_PREFIX_PATH}:/home/m4/object_detection/install/objects_py:/opt/ros/humble:/home/m4/object_detection/install/camera_py /usr/bin/cmake --build /home/m4/object_detection/build/camera_opencv -- -j6 -l6
[1.166s] Invoking command in '/home/m4/object_detection/build/camera_opencv': CMAKE_PREFIX_PATH=${CMAKE_PREFIX_PATH}:/home/m4/object_detection/install/objects_py:/opt/ros/humble:/home/m4/object_detection/install/camera_py /usr/bin/cmake --install /home/m4/object_detection/build/camera_opencv
[1.186s] -- Install configuration: ""
[1.186s] -- Up-to-date: /home/m4/object_detection/install/camera_opencv/lib/camera_opencv/camera
[1.188s] -- Up-to-date: /home/m4/object_detection/install/camera_opencv/share/ament_index/resource_index/package_run_dependencies/camera_opencv
[1.188s] -- Up-to-date: /home/m4/object_detection/install/camera_opencv/share/ament_index/resource_index/parent_prefix_path/camera_opencv
[1.188s] -- Up-to-date: /home/m4/object_detection/install/camera_opencv/share/camera_opencv/environment/ament_prefix_path.sh
[1.188s] -- Up-to-date: /home/m4/object_detection/install/camera_opencv/share/camera_opencv/environment/ament_prefix_path.dsv
[1.188s] -- Up-to-date: /home/m4/object_detection/install/camera_opencv/share/camera_opencv/environment/path.sh
[1.189s] -- Up-to-date: /home/m4/object_detection/install/camera_opencv/share/camera_opencv/environment/path.dsv
[1.189s] -- Up-to-date: /home/m4/object_detection/install/camera_opencv/share/camera_opencv/local_setup.bash
[1.189s] -- Up-to-date: /home/m4/object_detection/install/camera_opencv/share/camera_opencv/local_setup.sh
[1.189s] -- Up-to-date: /home/m4/object_detection/install/camera_opencv/share/camera_opencv/local_setup.zsh
[1.189s] -- Up-to-date: /home/m4/object_detection/install/camera_opencv/share/camera_opencv/local_setup.dsv
[1.190s] -- Installing: /home/m4/object_detection/install/camera_opencv/share/camera_opencv/package.dsv
[1.190s] -- Up-to-date: /home/m4/object_detection/install/camera_opencv/share/ament_index/resource_index/packages/camera_opencv
[1.191s] -- Up-to-date: /home/m4/object_detection/install/camera_opencv/share/camera_opencv/cmake/camera_opencvConfig.cmake
[1.191s] -- Up-to-date: /home/m4/object_detection/install/camera_opencv/share/camera_opencv/cmake/camera_opencvConfig-version.cmake
[1.191s] -- Up-to-date: /home/m4/object_detection/install/camera_opencv/share/camera_opencv/package.xml
[1.195s] Invoked command in '/home/m4/object_detection/build/camera_opencv' returned '0': CMAKE_PREFIX_PATH=${CMAKE_PREFIX_PATH}:/home/m4/object_detection/install/objects_py:/opt/ros/humble:/home/m4/object_detection/install/camera_py /usr/bin/cmake --install /home/m4/object_detection/build/camera_opencv
