[0.777s] Invoking command in '/home/m4/object_detection/src/camera_py': PYTHONPATH=/home/m4/object_detection/build/camera_py/prefix_override:/usr/lib/python3/dist-packages/colcon_core/task/python/colcon_distutils_commands:/home/m4/object_detection/install/camera_py/lib/python3.10/site-packages: /usr/bin/python3 -W ignore:setup.py install is deprecated setup.py egg_info --egg-base ../../build/camera_py build --build-base /home/m4/object_detection/build/camera_py/build install --record /home/m4/object_detection/build/camera_py/install.log --single-version-externally-managed install_data
[0.980s] running egg_info
[0.981s] writing ../../build/camera_py/camera_py.egg-info/PKG-INFO
[0.981s] writing dependency_links to ../../build/camera_py/camera_py.egg-info/dependency_links.txt
[0.982s] writing entry points to ../../build/camera_py/camera_py.egg-info/entry_points.txt
[0.982s] writing requirements to ../../build/camera_py/camera_py.egg-info/requires.txt
[0.983s] writing top-level names to ../../build/camera_py/camera_py.egg-info/top_level.txt
[0.986s] reading manifest file '../../build/camera_py/camera_py.egg-info/SOURCES.txt'
[0.987s] writing manifest file '../../build/camera_py/camera_py.egg-info/SOURCES.txt'
[0.988s] running build
[0.988s] running build_py
[0.988s] running install
[0.989s] running install_lib
[0.990s] running install_data
[0.991s] running install_egg_info
[0.992s] removing '/home/m4/object_detection/install/camera_py/lib/python3.10/site-packages/camera_py-0.0.0-py3.10.egg-info' (and everything under it)
[0.993s] Copying ../../build/camera_py/camera_py.egg-info to /home/m4/object_detection/install/camera_py/lib/python3.10/site-packages/camera_py-0.0.0-py3.10.egg-info
[0.994s] running install_scripts
[1.016s] Installing camera script to /home/m4/object_detection/install/camera_py/lib/camera_py
[1.017s] writing list of installed files to '/home/m4/object_detection/build/camera_py/install.log'
