[2.781s] Invoking command in '/home/m4/object_detection/src/objects_py': PYTHONPATH=/home/m4/object_detection/build/object_detection/prefix_override:/usr/lib/python3/dist-packages/colcon_core/task/python/colcon_distutils_commands:/home/m4/object_detection/install/object_detection/lib/python3.10/site-packages:${PYTHONPATH} /usr/bin/python3 -W ignore:setup.py install is deprecated setup.py egg_info --egg-base ../../build/object_detection build --build-base /home/m4/object_detection/build/object_detection/build install --record /home/m4/object_detection/build/object_detection/install.log --install-scripts $base/lib/object_detection --single-version-externally-managed install_data
[3.328s] /usr/lib/python3/dist-packages/setuptools/dist.py:723: UserWarning: Usage of dash-separated 'script-dir' will not be supported in future versions. Please use the underscore name 'script_dir' instead
[3.329s]   warnings.warn(
[3.347s] running egg_info
[3.351s] writing ../../build/object_detection/object_detection.egg-info/PKG-INFO
[3.352s] writing dependency_links to ../../build/object_detection/object_detection.egg-info/dependency_links.txt
[3.353s] writing entry points to ../../build/object_detection/object_detection.egg-info/entry_points.txt
[3.354s] writing requirements to ../../build/object_detection/object_detection.egg-info/requires.txt
[3.355s] writing top-level names to ../../build/object_detection/object_detection.egg-info/top_level.txt
[3.362s] reading manifest file '../../build/object_detection/object_detection.egg-info/SOURCES.txt'
[3.366s] writing manifest file '../../build/object_detection/object_detection.egg-info/SOURCES.txt'
[3.366s] running build
[3.367s] running build_py
[3.368s] running install
[3.369s] running install_lib
[3.375s] running install_data
[3.375s] running install_egg_info
[3.380s] removing '/home/m4/object_detection/install/object_detection/lib/python3.10/site-packages/object_detection-0.0.0-py3.10.egg-info' (and everything under it)
[3.381s] Copying ../../build/object_detection/object_detection.egg-info to /home/m4/object_detection/install/object_detection/lib/python3.10/site-packages/object_detection-0.0.0-py3.10.egg-info
[3.384s] running install_scripts
[3.427s] Installing detector script to /home/m4/object_detection/install/object_detection/lib/object_detection
[3.427s] writing list of installed files to '/home/m4/object_detection/build/object_detection/install.log'
[3.479s] Invoked command in '/home/m4/object_detection/src/objects_py' returned '0': PYTHONPATH=/home/m4/object_detection/build/object_detection/prefix_override:/usr/lib/python3/dist-packages/colcon_core/task/python/colcon_distutils_commands:/home/m4/object_detection/install/object_detection/lib/python3.10/site-packages:${PYTHONPATH} /usr/bin/python3 -W ignore:setup.py install is deprecated setup.py egg_info --egg-base ../../build/object_detection build --build-base /home/m4/object_detection/build/object_detection/build install --record /home/m4/object_detection/build/object_detection/install.log --install-scripts $base/lib/object_detection --single-version-externally-managed install_data
