[0.106s] DEBUG:colcon:Command line arguments: ['/usr/bin/colcon', 'build']
[0.106s] DEBUG:colcon:Parsed command line arguments: Namespace(log_base=None, log_level=None, verb_name='build', build_base='build', install_base='install', merge_install=False, symlink_install=False, test_result_base=None, continue_on_error=False, executor='parallel', parallel_workers=6, event_handlers=None, ignore_user_meta=False, metas=['./colcon.meta'], base_paths=['.'], packages_ignore=None, packages_ignore_regex=None, paths=None, packages_up_to=None, packages_up_to_regex=None, packages_above=None, packages_above_and_dependencies=None, packages_above_depth=None, packages_select_by_dep=None, packages_skip_by_dep=None, packages_skip_up_to=None, packages_select_build_failed=False, packages_skip_build_finished=False, packages_select_test_failures=False, packages_skip_test_passed=False, packages_select=None, packages_skip=None, packages_select_regex=None, packages_skip_regex=None, packages_start=None, packages_end=None, allow_overriding=[], cmake_args=None, cmake_target=None, cmake_target_skip_unavailable=False, cmake_clean_cache=False, cmake_clean_first=False, cmake_force_configure=False, ament_cmake_args=None, catkin_cmake_args=None, catkin_skip_building_tests=False, verb_parser=<colcon_defaults.argument_parser.defaults.DefaultArgumentsDecorator object at 0x712cb7de3df0>, verb_extension=<colcon_core.verb.build.BuildVerb object at 0x712cb7de3880>, main=<bound method BuildVerb.main of <colcon_core.verb.build.BuildVerb object at 0x712cb7de3880>>)
[0.225s] Level 1:colcon.colcon_core.package_discovery:discover_packages(colcon_meta) check parameters
[0.225s] Level 1:colcon.colcon_core.package_discovery:discover_packages(recursive) check parameters
[0.225s] Level 1:colcon.colcon_core.package_discovery:discover_packages(ignore) check parameters
[0.225s] Level 1:colcon.colcon_core.package_discovery:discover_packages(path) check parameters
[0.226s] Level 1:colcon.colcon_core.package_discovery:discover_packages(colcon_meta) discover
[0.226s] Level 1:colcon.colcon_core.package_discovery:discover_packages(recursive) discover
[0.226s] INFO:colcon.colcon_core.package_discovery:Crawling recursively for packages in '/home/m4/object_detection'
[0.226s] Level 1:colcon.colcon_core.package_identification:_identify(.) by extensions ['ignore', 'ignore_ament_install']
[0.226s] Level 1:colcon.colcon_core.package_identification:_identify(.) by extension 'ignore'
[0.226s] Level 1:colcon.colcon_core.package_identification:_identify(.) by extension 'ignore_ament_install'
[0.226s] Level 1:colcon.colcon_core.package_identification:_identify(.) by extensions ['colcon_pkg']
[0.226s] Level 1:colcon.colcon_core.package_identification:_identify(.) by extension 'colcon_pkg'
[0.226s] Level 1:colcon.colcon_core.package_identification:_identify(.) by extensions ['colcon_meta']
[0.226s] Level 1:colcon.colcon_core.package_identification:_identify(.) by extension 'colcon_meta'
[0.226s] Level 1:colcon.colcon_core.package_identification:_identify(.) by extensions ['ros']
[0.226s] Level 1:colcon.colcon_core.package_identification:_identify(.) by extension 'ros'
[0.242s] Level 1:colcon.colcon_core.package_identification:_identify(.) by extensions ['cmake', 'python']
[0.242s] Level 1:colcon.colcon_core.package_identification:_identify(.) by extension 'cmake'
[0.242s] Level 1:colcon.colcon_core.package_identification:_identify(.) by extension 'python'
[0.242s] Level 1:colcon.colcon_core.package_identification:_identify(.) by extensions ['python_setup_py']
[0.242s] Level 1:colcon.colcon_core.package_identification:_identify(.) by extension 'python_setup_py'
[0.242s] Level 1:colcon.colcon_core.package_identification:_identify(build) by extensions ['ignore', 'ignore_ament_install']
[0.242s] Level 1:colcon.colcon_core.package_identification:_identify(build) by extension 'ignore'
[0.242s] Level 1:colcon.colcon_core.package_identification:_identify(build) ignored
[0.242s] Level 1:colcon.colcon_core.package_identification:_identify(install) by extensions ['ignore', 'ignore_ament_install']
[0.242s] Level 1:colcon.colcon_core.package_identification:_identify(install) by extension 'ignore'
[0.243s] Level 1:colcon.colcon_core.package_identification:_identify(install) ignored
[0.243s] Level 1:colcon.colcon_core.package_identification:_identify(log) by extensions ['ignore', 'ignore_ament_install']
[0.243s] Level 1:colcon.colcon_core.package_identification:_identify(log) by extension 'ignore'
[0.243s] Level 1:colcon.colcon_core.package_identification:_identify(log) ignored
[0.243s] Level 1:colcon.colcon_core.package_identification:_identify(src) by extensions ['ignore', 'ignore_ament_install']
[0.243s] Level 1:colcon.colcon_core.package_identification:_identify(src) by extension 'ignore'
[0.243s] Level 1:colcon.colcon_core.package_identification:_identify(src) by extension 'ignore_ament_install'
[0.243s] Level 1:colcon.colcon_core.package_identification:_identify(src) by extensions ['colcon_pkg']
[0.243s] Level 1:colcon.colcon_core.package_identification:_identify(src) by extension 'colcon_pkg'
[0.243s] Level 1:colcon.colcon_core.package_identification:_identify(src) by extensions ['colcon_meta']
[0.243s] Level 1:colcon.colcon_core.package_identification:_identify(src) by extension 'colcon_meta'
[0.244s] Level 1:colcon.colcon_core.package_identification:_identify(src) by extensions ['ros']
[0.244s] Level 1:colcon.colcon_core.package_identification:_identify(src) by extension 'ros'
[0.244s] Level 1:colcon.colcon_core.package_identification:_identify(src) by extensions ['cmake', 'python']
[0.244s] Level 1:colcon.colcon_core.package_identification:_identify(src) by extension 'cmake'
[0.244s] Level 1:colcon.colcon_core.package_identification:_identify(src) by extension 'python'
[0.244s] Level 1:colcon.colcon_core.package_identification:_identify(src) by extensions ['python_setup_py']
[0.244s] Level 1:colcon.colcon_core.package_identification:_identify(src) by extension 'python_setup_py'
[0.244s] Level 1:colcon.colcon_core.package_identification:_identify(src/camera_opencv) by extensions ['ignore', 'ignore_ament_install']
[0.244s] Level 1:colcon.colcon_core.package_identification:_identify(src/camera_opencv) by extension 'ignore'
[0.244s] Level 1:colcon.colcon_core.package_identification:_identify(src/camera_opencv) by extension 'ignore_ament_install'
[0.244s] Level 1:colcon.colcon_core.package_identification:_identify(src/camera_opencv) by extensions ['colcon_pkg']
[0.244s] Level 1:colcon.colcon_core.package_identification:_identify(src/camera_opencv) by extension 'colcon_pkg'
[0.244s] Level 1:colcon.colcon_core.package_identification:_identify(src/camera_opencv) by extensions ['colcon_meta']
[0.244s] Level 1:colcon.colcon_core.package_identification:_identify(src/camera_opencv) by extension 'colcon_meta'
[0.244s] Level 1:colcon.colcon_core.package_identification:_identify(src/camera_opencv) by extensions ['ros']
[0.244s] Level 1:colcon.colcon_core.package_identification:_identify(src/camera_opencv) by extension 'ros'
[0.248s] DEBUG:colcon.colcon_core.package_identification:Package 'src/camera_opencv' with type 'ros.ament_cmake' and name 'camera_opencv'
[0.248s] Level 1:colcon.colcon_core.package_identification:_identify(src/camera_py) by extensions ['ignore', 'ignore_ament_install']
[0.248s] Level 1:colcon.colcon_core.package_identification:_identify(src/camera_py) by extension 'ignore'
[0.248s] Level 1:colcon.colcon_core.package_identification:_identify(src/camera_py) by extension 'ignore_ament_install'
[0.248s] Level 1:colcon.colcon_core.package_identification:_identify(src/camera_py) by extensions ['colcon_pkg']
[0.248s] Level 1:colcon.colcon_core.package_identification:_identify(src/camera_py) by extension 'colcon_pkg'
[0.249s] Level 1:colcon.colcon_core.package_identification:_identify(src/camera_py) by extensions ['colcon_meta']
[0.249s] Level 1:colcon.colcon_core.package_identification:_identify(src/camera_py) by extension 'colcon_meta'
[0.249s] Level 1:colcon.colcon_core.package_identification:_identify(src/camera_py) by extensions ['ros']
[0.249s] Level 1:colcon.colcon_core.package_identification:_identify(src/camera_py) by extension 'ros'
[0.249s] DEBUG:colcon.colcon_core.package_identification:Package 'src/camera_py' with type 'ros.ament_python' and name 'camera_py'
[0.250s] Level 1:colcon.colcon_core.package_identification:_identify(src/object_detection) by extensions ['ignore', 'ignore_ament_install']
[0.250s] Level 1:colcon.colcon_core.package_identification:_identify(src/object_detection) by extension 'ignore'
[0.250s] Level 1:colcon.colcon_core.package_identification:_identify(src/object_detection) by extension 'ignore_ament_install'
[0.250s] Level 1:colcon.colcon_core.package_identification:_identify(src/object_detection) by extensions ['colcon_pkg']
[0.250s] Level 1:colcon.colcon_core.package_identification:_identify(src/object_detection) by extension 'colcon_pkg'
[0.250s] Level 1:colcon.colcon_core.package_identification:_identify(src/object_detection) by extensions ['colcon_meta']
[0.250s] Level 1:colcon.colcon_core.package_identification:_identify(src/object_detection) by extension 'colcon_meta'
[0.250s] Level 1:colcon.colcon_core.package_identification:_identify(src/object_detection) by extensions ['ros']
[0.250s] Level 1:colcon.colcon_core.package_identification:_identify(src/object_detection) by extension 'ros'
[0.251s] DEBUG:colcon.colcon_core.package_identification:Package 'src/object_detection' with type 'ros.ament_python' and name 'object_detection'
[0.251s] Level 1:colcon.colcon_core.package_discovery:discover_packages(recursive) using defaults
[0.251s] Level 1:colcon.colcon_core.package_discovery:discover_packages(ignore) discover
[0.251s] Level 1:colcon.colcon_core.package_discovery:discover_packages(ignore) using defaults
[0.251s] Level 1:colcon.colcon_core.package_discovery:discover_packages(path) discover
[0.251s] Level 1:colcon.colcon_core.package_discovery:discover_packages(path) using defaults
[0.277s] Level 1:colcon.colcon_core.package_discovery:discover_packages(prefix_path) check parameters
[0.277s] Level 1:colcon.colcon_core.package_discovery:discover_packages(prefix_path) discover
[0.278s] Level 1:colcon.colcon_core.package_discovery:discover_packages(prefix_path) using defaults
[0.280s] Level 5:colcon.colcon_core.verb:set package 'camera_opencv' build argument 'cmake_args' from command line to 'None'
[0.280s] Level 5:colcon.colcon_core.verb:set package 'camera_opencv' build argument 'cmake_target' from command line to 'None'
[0.280s] Level 5:colcon.colcon_core.verb:set package 'camera_opencv' build argument 'cmake_target_skip_unavailable' from command line to 'False'
[0.280s] Level 5:colcon.colcon_core.verb:set package 'camera_opencv' build argument 'cmake_clean_cache' from command line to 'False'
[0.280s] Level 5:colcon.colcon_core.verb:set package 'camera_opencv' build argument 'cmake_clean_first' from command line to 'False'
[0.280s] Level 5:colcon.colcon_core.verb:set package 'camera_opencv' build argument 'cmake_force_configure' from command line to 'False'
[0.280s] Level 5:colcon.colcon_core.verb:set package 'camera_opencv' build argument 'ament_cmake_args' from command line to 'None'
[0.280s] Level 5:colcon.colcon_core.verb:set package 'camera_opencv' build argument 'catkin_cmake_args' from command line to 'None'
[0.280s] Level 5:colcon.colcon_core.verb:set package 'camera_opencv' build argument 'catkin_skip_building_tests' from command line to 'False'
[0.280s] DEBUG:colcon.colcon_core.verb:Building package 'camera_opencv' with the following arguments: {'ament_cmake_args': None, 'build_base': '/home/m4/object_detection/build/camera_opencv', 'catkin_cmake_args': None, 'catkin_skip_building_tests': False, 'cmake_args': None, 'cmake_clean_cache': False, 'cmake_clean_first': False, 'cmake_force_configure': False, 'cmake_target': None, 'cmake_target_skip_unavailable': False, 'install_base': '/home/m4/object_detection/install/camera_opencv', 'merge_install': False, 'path': '/home/m4/object_detection/src/camera_opencv', 'symlink_install': False, 'test_result_base': None}
[0.281s] Level 5:colcon.colcon_core.verb:set package 'camera_py' build argument 'cmake_args' from command line to 'None'
[0.281s] Level 5:colcon.colcon_core.verb:set package 'camera_py' build argument 'cmake_target' from command line to 'None'
[0.281s] Level 5:colcon.colcon_core.verb:set package 'camera_py' build argument 'cmake_target_skip_unavailable' from command line to 'False'
[0.281s] Level 5:colcon.colcon_core.verb:set package 'camera_py' build argument 'cmake_clean_cache' from command line to 'False'
[0.281s] Level 5:colcon.colcon_core.verb:set package 'camera_py' build argument 'cmake_clean_first' from command line to 'False'
[0.281s] Level 5:colcon.colcon_core.verb:set package 'camera_py' build argument 'cmake_force_configure' from command line to 'False'
[0.281s] Level 5:colcon.colcon_core.verb:set package 'camera_py' build argument 'ament_cmake_args' from command line to 'None'
[0.281s] Level 5:colcon.colcon_core.verb:set package 'camera_py' build argument 'catkin_cmake_args' from command line to 'None'
[0.281s] Level 5:colcon.colcon_core.verb:set package 'camera_py' build argument 'catkin_skip_building_tests' from command line to 'False'
[0.281s] DEBUG:colcon.colcon_core.verb:Building package 'camera_py' with the following arguments: {'ament_cmake_args': None, 'build_base': '/home/m4/object_detection/build/camera_py', 'catkin_cmake_args': None, 'catkin_skip_building_tests': False, 'cmake_args': None, 'cmake_clean_cache': False, 'cmake_clean_first': False, 'cmake_force_configure': False, 'cmake_target': None, 'cmake_target_skip_unavailable': False, 'install_base': '/home/m4/object_detection/install/camera_py', 'merge_install': False, 'path': '/home/m4/object_detection/src/camera_py', 'symlink_install': False, 'test_result_base': None}
[0.282s] Level 5:colcon.colcon_core.verb:set package 'object_detection' build argument 'cmake_args' from command line to 'None'
[0.282s] Level 5:colcon.colcon_core.verb:set package 'object_detection' build argument 'cmake_target' from command line to 'None'
[0.282s] Level 5:colcon.colcon_core.verb:set package 'object_detection' build argument 'cmake_target_skip_unavailable' from command line to 'False'
[0.282s] Level 5:colcon.colcon_core.verb:set package 'object_detection' build argument 'cmake_clean_cache' from command line to 'False'
[0.282s] Level 5:colcon.colcon_core.verb:set package 'object_detection' build argument 'cmake_clean_first' from command line to 'False'
[0.282s] Level 5:colcon.colcon_core.verb:set package 'object_detection' build argument 'cmake_force_configure' from command line to 'False'
[0.282s] Level 5:colcon.colcon_core.verb:set package 'object_detection' build argument 'ament_cmake_args' from command line to 'None'
[0.282s] Level 5:colcon.colcon_core.verb:set package 'object_detection' build argument 'catkin_cmake_args' from command line to 'None'
[0.282s] Level 5:colcon.colcon_core.verb:set package 'object_detection' build argument 'catkin_skip_building_tests' from command line to 'False'
[0.282s] DEBUG:colcon.colcon_core.verb:Building package 'object_detection' with the following arguments: {'ament_cmake_args': None, 'build_base': '/home/m4/object_detection/build/object_detection', 'catkin_cmake_args': None, 'catkin_skip_building_tests': False, 'cmake_args': None, 'cmake_clean_cache': False, 'cmake_clean_first': False, 'cmake_force_configure': False, 'cmake_target': None, 'cmake_target_skip_unavailable': False, 'install_base': '/home/m4/object_detection/install/object_detection', 'merge_install': False, 'path': '/home/m4/object_detection/src/object_detection', 'symlink_install': False, 'test_result_base': None}
[0.282s] INFO:colcon.colcon_core.executor:Executing jobs using 'parallel' executor
[0.283s] DEBUG:colcon.colcon_parallel_executor.executor.parallel:run_until_complete
[0.284s] INFO:colcon.colcon_ros.task.ament_cmake.build:Building ROS package in '/home/m4/object_detection/src/camera_opencv' with build type 'ament_cmake'
[0.284s] INFO:colcon.colcon_cmake.task.cmake.build:Building CMake package in '/home/m4/object_detection/src/camera_opencv'
[0.287s] INFO:colcon.colcon_core.plugin_system:Skipping extension 'colcon_core.shell.bat': Not used on non-Windows systems
[0.287s] INFO:colcon.colcon_core.shell:Skip shell extension 'powershell' for command environment: Not usable outside of PowerShell
[0.288s] DEBUG:colcon.colcon_core.shell:Skip shell extension 'dsv' for command environment
[0.290s] INFO:colcon.colcon_ros.task.ament_python.build:Building ROS package in '/home/m4/object_detection/src/camera_py' with build type 'ament_python'
[0.290s] Level 1:colcon.colcon_core.shell:create_environment_hook('camera_py', 'ament_prefix_path')
[0.291s] INFO:colcon.colcon_core.shell:Creating environment hook '/home/m4/object_detection/install/camera_py/share/camera_py/hook/ament_prefix_path.ps1'
[0.292s] INFO:colcon.colcon_core.shell:Creating environment descriptor '/home/m4/object_detection/install/camera_py/share/camera_py/hook/ament_prefix_path.dsv'
[0.292s] INFO:colcon.colcon_core.shell:Creating environment hook '/home/m4/object_detection/install/camera_py/share/camera_py/hook/ament_prefix_path.sh'
[0.294s] INFO:colcon.colcon_core.shell:Skip shell extension 'powershell' for command environment: Not usable outside of PowerShell
[0.294s] DEBUG:colcon.colcon_core.shell:Skip shell extension 'dsv' for command environment
[0.296s] INFO:colcon.colcon_ros.task.ament_python.build:Building ROS package in '/home/m4/object_detection/src/object_detection' with build type 'ament_python'
[0.296s] Level 1:colcon.colcon_core.shell:create_environment_hook('object_detection', 'ament_prefix_path')
[0.296s] INFO:colcon.colcon_core.shell:Creating environment hook '/home/m4/object_detection/install/object_detection/share/object_detection/hook/ament_prefix_path.ps1'
[0.297s] INFO:colcon.colcon_core.shell:Creating environment descriptor '/home/m4/object_detection/install/object_detection/share/object_detection/hook/ament_prefix_path.dsv'
[0.298s] INFO:colcon.colcon_core.shell:Creating environment hook '/home/m4/object_detection/install/object_detection/share/object_detection/hook/ament_prefix_path.sh'
[0.299s] INFO:colcon.colcon_core.shell:Skip shell extension 'powershell' for command environment: Not usable outside of PowerShell
[0.299s] DEBUG:colcon.colcon_core.shell:Skip shell extension 'dsv' for command environment
[0.310s] DEBUG:colcon.colcon_core.event_handler.log_command:Invoking command in '/home/m4/object_detection/build/camera_opencv': /usr/bin/cmake --build /home/m4/object_detection/build/camera_opencv -- -j6 -l6
[0.515s] INFO:colcon.colcon_core.task.python.build:Building Python package in '/home/m4/object_detection/src/camera_py'
[0.515s] INFO:colcon.colcon_core.shell:Skip shell extension 'powershell' for command environment: Not usable outside of PowerShell
[0.515s] DEBUG:colcon.colcon_core.shell:Skip shell extension 'dsv' for command environment
[0.785s] INFO:colcon.colcon_core.task.python.build:Building Python package in '/home/m4/object_detection/src/object_detection'
[0.786s] INFO:colcon.colcon_core.shell:Skip shell extension 'powershell' for command environment: Not usable outside of PowerShell
[0.786s] DEBUG:colcon.colcon_core.shell:Skip shell extension 'dsv' for command environment
[0.796s] DEBUG:colcon.colcon_core.event_handler.log_command:Invoked command in '/home/m4/object_detection/build/camera_opencv' returned '0': /usr/bin/cmake --build /home/m4/object_detection/build/camera_opencv -- -j6 -l6
[0.861s] DEBUG:colcon.colcon_core.event_handler.log_command:Invoking command in '/home/m4/object_detection/build/camera_opencv': /usr/bin/cmake --install /home/m4/object_detection/build/camera_opencv
[0.875s] Level 1:colcon.colcon_core.environment:create_environment_scripts_only(camera_opencv)
[0.877s] DEBUG:colcon.colcon_core.event_handler.log_command:Invoked command in '/home/m4/object_detection/build/camera_opencv' returned '0': /usr/bin/cmake --install /home/m4/object_detection/build/camera_opencv
[0.879s] Level 1:colcon.colcon_core.environment:checking '/home/m4/object_detection/install/camera_opencv' for CMake module files
[0.880s] Level 1:colcon.colcon_core.environment:checking '/home/m4/object_detection/install/camera_opencv' for CMake config files
[0.880s] Level 1:colcon.colcon_core.shell:create_environment_hook('camera_opencv', 'cmake_prefix_path')
[0.880s] INFO:colcon.colcon_core.shell:Creating environment hook '/home/m4/object_detection/install/camera_opencv/share/camera_opencv/hook/cmake_prefix_path.ps1'
[0.881s] INFO:colcon.colcon_core.shell:Creating environment descriptor '/home/m4/object_detection/install/camera_opencv/share/camera_opencv/hook/cmake_prefix_path.dsv'
[0.881s] INFO:colcon.colcon_core.shell:Creating environment hook '/home/m4/object_detection/install/camera_opencv/share/camera_opencv/hook/cmake_prefix_path.sh'
[0.882s] Level 1:colcon.colcon_core.environment:checking '/home/m4/object_detection/install/camera_opencv/lib'
[0.882s] Level 1:colcon.colcon_core.environment:checking '/home/m4/object_detection/install/camera_opencv/bin'
[0.883s] Level 1:colcon.colcon_core.environment:checking '/home/m4/object_detection/install/camera_opencv/lib/pkgconfig/camera_opencv.pc'
[0.883s] Level 1:colcon.colcon_core.environment:checking '/home/m4/object_detection/install/camera_opencv/lib/python3.10/site-packages'
[0.883s] Level 1:colcon.colcon_core.environment:checking '/home/m4/object_detection/install/camera_opencv/bin'
[0.884s] INFO:colcon.colcon_core.shell:Creating package script '/home/m4/object_detection/install/camera_opencv/share/camera_opencv/package.ps1'
[0.885s] INFO:colcon.colcon_core.shell:Creating package descriptor '/home/m4/object_detection/install/camera_opencv/share/camera_opencv/package.dsv'
[0.885s] INFO:colcon.colcon_core.shell:Creating package script '/home/m4/object_detection/install/camera_opencv/share/camera_opencv/package.sh'
[0.886s] INFO:colcon.colcon_core.shell:Creating package script '/home/m4/object_detection/install/camera_opencv/share/camera_opencv/package.bash'
[0.887s] INFO:colcon.colcon_core.shell:Creating package script '/home/m4/object_detection/install/camera_opencv/share/camera_opencv/package.zsh'
[0.888s] Level 1:colcon.colcon_core.environment:create_file_with_runtime_dependencies(/home/m4/object_detection/install/camera_opencv/share/colcon-core/packages/camera_opencv)
[0.940s] Level 1:colcon.colcon_core.environment:create_environment_scripts_only(camera_opencv)
[0.941s] Level 1:colcon.colcon_core.environment:checking '/home/m4/object_detection/install/camera_opencv' for CMake module files
[0.941s] Level 1:colcon.colcon_core.environment:checking '/home/m4/object_detection/install/camera_opencv' for CMake config files
[0.942s] Level 1:colcon.colcon_core.shell:create_environment_hook('camera_opencv', 'cmake_prefix_path')
[0.942s] INFO:colcon.colcon_core.shell:Creating environment hook '/home/m4/object_detection/install/camera_opencv/share/camera_opencv/hook/cmake_prefix_path.ps1'
[0.943s] INFO:colcon.colcon_core.shell:Creating environment descriptor '/home/m4/object_detection/install/camera_opencv/share/camera_opencv/hook/cmake_prefix_path.dsv'
[0.943s] INFO:colcon.colcon_core.shell:Creating environment hook '/home/m4/object_detection/install/camera_opencv/share/camera_opencv/hook/cmake_prefix_path.sh'
[0.944s] Level 1:colcon.colcon_core.environment:checking '/home/m4/object_detection/install/camera_opencv/lib'
[0.944s] Level 1:colcon.colcon_core.environment:checking '/home/m4/object_detection/install/camera_opencv/bin'
[0.945s] Level 1:colcon.colcon_core.environment:checking '/home/m4/object_detection/install/camera_opencv/lib/pkgconfig/camera_opencv.pc'
[0.945s] Level 1:colcon.colcon_core.environment:checking '/home/m4/object_detection/install/camera_opencv/lib/python3.10/site-packages'
[0.945s] Level 1:colcon.colcon_core.environment:checking '/home/m4/object_detection/install/camera_opencv/bin'
[0.945s] INFO:colcon.colcon_core.shell:Creating package script '/home/m4/object_detection/install/camera_opencv/share/camera_opencv/package.ps1'
[0.946s] INFO:colcon.colcon_core.shell:Creating package descriptor '/home/m4/object_detection/install/camera_opencv/share/camera_opencv/package.dsv'
[0.947s] INFO:colcon.colcon_core.shell:Creating package script '/home/m4/object_detection/install/camera_opencv/share/camera_opencv/package.sh'
[0.948s] INFO:colcon.colcon_core.shell:Creating package script '/home/m4/object_detection/install/camera_opencv/share/camera_opencv/package.bash'
[0.949s] INFO:colcon.colcon_core.shell:Creating package script '/home/m4/object_detection/install/camera_opencv/share/camera_opencv/package.zsh'
[0.949s] Level 1:colcon.colcon_core.environment:create_file_with_runtime_dependencies(/home/m4/object_detection/install/camera_opencv/share/colcon-core/packages/camera_opencv)
[1.118s] DEBUG:colcon.colcon_core.event_handler.log_command:Invoking command in '/home/m4/object_detection/src/camera_py': PYTHONPATH=/home/m4/object_detection/build/camera_py/prefix_override:/usr/lib/python3/dist-packages/colcon_core/task/python/colcon_distutils_commands:/home/m4/object_detection/install/camera_py/lib/python3.10/site-packages: /usr/bin/python3 -W ignore:setup.py install is deprecated setup.py egg_info --egg-base ../../build/camera_py build --build-base /home/m4/object_detection/build/camera_py/build install --record /home/m4/object_detection/build/camera_py/install.log --single-version-externally-managed install_data
[1.132s] DEBUG:colcon.colcon_core.event_handler.log_command:Invoking command in '/home/m4/object_detection/src/object_detection': PYTHONPATH=/home/m4/object_detection/build/object_detection/prefix_override:/usr/lib/python3/dist-packages/colcon_core/task/python/colcon_distutils_commands:/home/m4/object_detection/install/object_detection/lib/python3.10/site-packages: /usr/bin/python3 -W ignore:setup.py install is deprecated setup.py egg_info --egg-base ../../build/object_detection build --build-base /home/m4/object_detection/build/object_detection/build install --record /home/m4/object_detection/build/object_detection/install.log --single-version-externally-managed install_data
[1.377s] Level 1:colcon.colcon_core.environment:checking '/home/m4/object_detection/install/camera_py' for CMake module files
[1.378s] DEBUG:colcon.colcon_core.event_handler.log_command:Invoked command in '/home/m4/object_detection/src/camera_py' returned '0': PYTHONPATH=/home/m4/object_detection/build/camera_py/prefix_override:/usr/lib/python3/dist-packages/colcon_core/task/python/colcon_distutils_commands:/home/m4/object_detection/install/camera_py/lib/python3.10/site-packages: /usr/bin/python3 -W ignore:setup.py install is deprecated setup.py egg_info --egg-base ../../build/camera_py build --build-base /home/m4/object_detection/build/camera_py/build install --record /home/m4/object_detection/build/camera_py/install.log --single-version-externally-managed install_data
[1.379s] Level 1:colcon.colcon_core.environment:checking '/home/m4/object_detection/install/camera_py' for CMake config files
[1.380s] Level 1:colcon.colcon_core.environment:checking '/home/m4/object_detection/install/camera_py/lib'
[1.380s] Level 1:colcon.colcon_core.environment:checking '/home/m4/object_detection/install/camera_py/bin'
[1.380s] Level 1:colcon.colcon_core.environment:checking '/home/m4/object_detection/install/camera_py/lib/pkgconfig/camera_py.pc'
[1.380s] Level 1:colcon.colcon_core.environment:checking '/home/m4/object_detection/install/camera_py/lib/python3.10/site-packages'
[1.380s] Level 1:colcon.colcon_core.shell:create_environment_hook('camera_py', 'pythonpath')
[1.380s] INFO:colcon.colcon_core.shell:Creating environment hook '/home/m4/object_detection/install/camera_py/share/camera_py/hook/pythonpath.ps1'
[1.381s] INFO:colcon.colcon_core.shell:Creating environment descriptor '/home/m4/object_detection/install/camera_py/share/camera_py/hook/pythonpath.dsv'
[1.382s] INFO:colcon.colcon_core.shell:Creating environment hook '/home/m4/object_detection/install/camera_py/share/camera_py/hook/pythonpath.sh'
[1.382s] Level 1:colcon.colcon_core.environment:checking '/home/m4/object_detection/install/camera_py/bin'
[1.382s] Level 1:colcon.colcon_core.environment:create_environment_scripts_only(camera_py)
[1.383s] INFO:colcon.colcon_core.shell:Creating package script '/home/m4/object_detection/install/camera_py/share/camera_py/package.ps1'
[1.384s] INFO:colcon.colcon_core.shell:Creating package descriptor '/home/m4/object_detection/install/camera_py/share/camera_py/package.dsv'
[1.384s] INFO:colcon.colcon_core.shell:Creating package script '/home/m4/object_detection/install/camera_py/share/camera_py/package.sh'
[1.385s] INFO:colcon.colcon_core.shell:Creating package script '/home/m4/object_detection/install/camera_py/share/camera_py/package.bash'
[1.385s] INFO:colcon.colcon_core.shell:Creating package script '/home/m4/object_detection/install/camera_py/share/camera_py/package.zsh'
[1.386s] Level 1:colcon.colcon_core.environment:create_file_with_runtime_dependencies(/home/m4/object_detection/install/camera_py/share/colcon-core/packages/camera_py)
[1.428s] Level 1:colcon.colcon_core.environment:checking '/home/m4/object_detection/install/object_detection' for CMake module files
[1.429s] DEBUG:colcon.colcon_core.event_handler.log_command:Invoked command in '/home/m4/object_detection/src/object_detection' returned '0': PYTHONPATH=/home/m4/object_detection/build/object_detection/prefix_override:/usr/lib/python3/dist-packages/colcon_core/task/python/colcon_distutils_commands:/home/m4/object_detection/install/object_detection/lib/python3.10/site-packages: /usr/bin/python3 -W ignore:setup.py install is deprecated setup.py egg_info --egg-base ../../build/object_detection build --build-base /home/m4/object_detection/build/object_detection/build install --record /home/m4/object_detection/build/object_detection/install.log --single-version-externally-managed install_data
[1.429s] Level 1:colcon.colcon_core.environment:checking '/home/m4/object_detection/install/object_detection' for CMake config files
[1.430s] Level 1:colcon.colcon_core.environment:checking '/home/m4/object_detection/install/object_detection/lib'
[1.430s] Level 1:colcon.colcon_core.environment:checking '/home/m4/object_detection/install/object_detection/bin'
[1.430s] Level 1:colcon.colcon_core.environment:checking '/home/m4/object_detection/install/object_detection/lib/pkgconfig/object_detection.pc'
[1.430s] Level 1:colcon.colcon_core.environment:checking '/home/m4/object_detection/install/object_detection/lib/python3.10/site-packages'
[1.430s] Level 1:colcon.colcon_core.shell:create_environment_hook('object_detection', 'pythonpath')
[1.431s] INFO:colcon.colcon_core.shell:Creating environment hook '/home/m4/object_detection/install/object_detection/share/object_detection/hook/pythonpath.ps1'
[1.431s] INFO:colcon.colcon_core.shell:Creating environment descriptor '/home/m4/object_detection/install/object_detection/share/object_detection/hook/pythonpath.dsv'
[1.432s] INFO:colcon.colcon_core.shell:Creating environment hook '/home/m4/object_detection/install/object_detection/share/object_detection/hook/pythonpath.sh'
[1.433s] Level 1:colcon.colcon_core.environment:checking '/home/m4/object_detection/install/object_detection/bin'
[1.433s] Level 1:colcon.colcon_core.environment:create_environment_scripts_only(object_detection)
[1.433s] INFO:colcon.colcon_core.shell:Creating package script '/home/m4/object_detection/install/object_detection/share/object_detection/package.ps1'
[1.434s] INFO:colcon.colcon_core.shell:Creating package descriptor '/home/m4/object_detection/install/object_detection/share/object_detection/package.dsv'
[1.434s] INFO:colcon.colcon_core.shell:Creating package script '/home/m4/object_detection/install/object_detection/share/object_detection/package.sh'
[1.435s] INFO:colcon.colcon_core.shell:Creating package script '/home/m4/object_detection/install/object_detection/share/object_detection/package.bash'
[1.435s] INFO:colcon.colcon_core.shell:Creating package script '/home/m4/object_detection/install/object_detection/share/object_detection/package.zsh'
[1.436s] Level 1:colcon.colcon_core.environment:create_file_with_runtime_dependencies(/home/m4/object_detection/install/object_detection/share/colcon-core/packages/object_detection)
[1.436s] DEBUG:colcon.colcon_parallel_executor.executor.parallel:closing loop
[1.437s] DEBUG:colcon.colcon_parallel_executor.executor.parallel:loop closed
[1.437s] DEBUG:colcon.colcon_parallel_executor.executor.parallel:run_until_complete finished with '0'
[1.438s] DEBUG:colcon.colcon_core.event_reactor:joining thread
[1.445s] INFO:colcon.colcon_core.plugin_system:Skipping extension 'colcon_notification.desktop_notification.terminal_notifier': Not used on non-Darwin systems
[1.445s] INFO:colcon.colcon_core.plugin_system:Skipping extension 'colcon_notification.desktop_notification.win32': Not used on non-Windows systems
[1.445s] INFO:colcon.colcon_notification.desktop_notification:Sending desktop notification using 'notify2'
[1.463s] DEBUG:colcon.colcon_core.event_reactor:joined thread
[1.464s] INFO:colcon.colcon_core.shell:Creating prefix script '/home/m4/object_detection/install/local_setup.ps1'
[1.465s] INFO:colcon.colcon_core.shell:Creating prefix util module '/home/m4/object_detection/install/_local_setup_util_ps1.py'
[1.466s] INFO:colcon.colcon_core.shell:Creating prefix chain script '/home/m4/object_detection/install/setup.ps1'
[1.467s] INFO:colcon.colcon_core.shell:Creating prefix script '/home/m4/object_detection/install/local_setup.sh'
[1.468s] INFO:colcon.colcon_core.shell:Creating prefix util module '/home/m4/object_detection/install/_local_setup_util_sh.py'
[1.469s] INFO:colcon.colcon_core.shell:Creating prefix chain script '/home/m4/object_detection/install/setup.sh'
[1.470s] INFO:colcon.colcon_core.shell:Creating prefix script '/home/m4/object_detection/install/local_setup.bash'
[1.471s] INFO:colcon.colcon_core.shell:Creating prefix chain script '/home/m4/object_detection/install/setup.bash'
[1.471s] INFO:colcon.colcon_core.shell:Creating prefix script '/home/m4/object_detection/install/local_setup.zsh'
[1.472s] INFO:colcon.colcon_core.shell:Creating prefix chain script '/home/m4/object_detection/install/setup.zsh'
