[1.815s] Invoking command in '/home/m4/object_detection/src/camera_py': PYTHONPATH=/home/m4/object_detection/build/camera_py/prefix_override:/usr/lib/python3/dist-packages/colcon_core/task/python/colcon_distutils_commands:/home/m4/object_detection/install/camera_py/lib/python3.10/site-packages:${PYTHONPATH} /usr/bin/python3 -W ignore:setup.py install is deprecated setup.py egg_info --egg-base ../../build/camera_py build --build-base /home/m4/object_detection/build/camera_py/build install --record /home/m4/object_detection/build/camera_py/install.log --single-version-externally-managed install_data
[2.315s] running egg_info
[2.318s] writing ../../build/camera_py/camera_py.egg-info/PKG-INFO
[2.318s] writing dependency_links to ../../build/camera_py/camera_py.egg-info/dependency_links.txt
[2.318s] writing entry points to ../../build/camera_py/camera_py.egg-info/entry_points.txt
[2.318s] writing requirements to ../../build/camera_py/camera_py.egg-info/requires.txt
[2.319s] writing top-level names to ../../build/camera_py/camera_py.egg-info/top_level.txt
[2.323s] reading manifest file '../../build/camera_py/camera_py.egg-info/SOURCES.txt'
[2.325s] writing manifest file '../../build/camera_py/camera_py.egg-info/SOURCES.txt'
[2.325s] running build
[2.326s] running build_py
[2.326s] running install
[2.327s] running install_lib
[2.329s] running install_data
[2.330s] running install_egg_info
[2.333s] removing '/home/m4/object_detection/install/camera_py/lib/python3.10/site-packages/camera_py-0.0.0-py3.10.egg-info' (and everything under it)
[2.334s] Copying ../../build/camera_py/camera_py.egg-info to /home/m4/object_detection/install/camera_py/lib/python3.10/site-packages/camera_py-0.0.0-py3.10.egg-info
[2.337s] running install_scripts
[2.379s] Installing camera script to /home/m4/object_detection/install/camera_py/lib/camera_py
[2.381s] writing list of installed files to '/home/m4/object_detection/build/camera_py/install.log'
[2.448s] Invoked command in '/home/m4/object_detection/src/camera_py' returned '0': PYTHONPATH=/home/m4/object_detection/build/camera_py/prefix_override:/usr/lib/python3/dist-packages/colcon_core/task/python/colcon_distutils_commands:/home/m4/object_detection/install/camera_py/lib/python3.10/site-packages:${PYTHONPATH} /usr/bin/python3 -W ignore:setup.py install is deprecated setup.py egg_info --egg-base ../../build/camera_py build --build-base /home/m4/object_detection/build/camera_py/build install --record /home/m4/object_detection/build/camera_py/install.log --single-version-externally-managed install_data
