[0.950s] Invoking command in '/home/m4/object_detection/src/objects_py': PYTHONPATH=/home/m4/object_detection/build/object_detection/prefix_override:/usr/lib/python3/dist-packages/colcon_core/task/python/colcon_distutils_commands:/home/m4/object_detection/install/object_detection/lib/python3.10/site-packages:${PYTHONPATH} /usr/bin/python3 -W ignore:setup.py install is deprecated setup.py egg_info --egg-base ../../build/object_detection build --build-base /home/m4/object_detection/build/object_detection/build install --record /home/m4/object_detection/build/object_detection/install.log --install-scripts $base/lib/object_detection --single-version-externally-managed install_data
[1.193s] /usr/lib/python3/dist-packages/setuptools/dist.py:723: UserWarning: Usage of dash-separated 'script-dir' will not be supported in future versions. Please use the underscore name 'script_dir' instead
[1.193s]   warnings.warn(
[1.204s] running egg_info
[1.205s] creating ../../build/object_detection/object_detection.egg-info
[1.205s] writing ../../build/object_detection/object_detection.egg-info/PKG-INFO
[1.206s] writing dependency_links to ../../build/object_detection/object_detection.egg-info/dependency_links.txt
[1.206s] writing entry points to ../../build/object_detection/object_detection.egg-info/entry_points.txt
[1.206s] writing requirements to ../../build/object_detection/object_detection.egg-info/requires.txt
[1.206s] writing top-level names to ../../build/object_detection/object_detection.egg-info/top_level.txt
[1.207s] writing manifest file '../../build/object_detection/object_detection.egg-info/SOURCES.txt'
[1.208s] reading manifest file '../../build/object_detection/object_detection.egg-info/SOURCES.txt'
[1.209s] writing manifest file '../../build/object_detection/object_detection.egg-info/SOURCES.txt'
[1.210s] running build
[1.210s] running build_py
[1.210s] creating /home/m4/object_detection/build/object_detection/build
[1.211s] creating /home/m4/object_detection/build/object_detection/build/lib
[1.211s] creating /home/m4/object_detection/build/object_detection/build/lib/object_detection
[1.211s] copying object_detection/detection_node.py -> /home/m4/object_detection/build/object_detection/build/lib/object_detection
[1.211s] copying object_detection/__init__.py -> /home/m4/object_detection/build/object_detection/build/lib/object_detection
[1.212s] running install
[1.212s] running install_lib
[1.212s] creating /home/m4/object_detection/install/object_detection/lib/python3.10/site-packages/object_detection
[1.213s] copying /home/m4/object_detection/build/object_detection/build/lib/object_detection/detection_node.py -> /home/m4/object_detection/install/object_detection/lib/python3.10/site-packages/object_detection
[1.213s] copying /home/m4/object_detection/build/object_detection/build/lib/object_detection/__init__.py -> /home/m4/object_detection/install/object_detection/lib/python3.10/site-packages/object_detection
[1.213s] byte-compiling /home/m4/object_detection/install/object_detection/lib/python3.10/site-packages/object_detection/detection_node.py to detection_node.cpython-310.pyc
[1.214s] byte-compiling /home/m4/object_detection/install/object_detection/lib/python3.10/site-packages/object_detection/__init__.py to __init__.cpython-310.pyc
[1.214s] running install_data
[1.215s] creating /home/m4/object_detection/install/object_detection/share/ament_index
[1.215s] creating /home/m4/object_detection/install/object_detection/share/ament_index/resource_index
[1.215s] creating /home/m4/object_detection/install/object_detection/share/ament_index/resource_index/packages
[1.215s] copying resource/object_detection -> /home/m4/object_detection/install/object_detection/share/ament_index/resource_index/packages
[1.215s] copying package.xml -> /home/m4/object_detection/install/object_detection/share/object_detection
[1.216s] running install_egg_info
[1.218s] Copying ../../build/object_detection/object_detection.egg-info to /home/m4/object_detection/install/object_detection/lib/python3.10/site-packages/object_detection-0.0.0-py3.10.egg-info
[1.219s] running install_scripts
[1.242s] Installing detector script to /home/m4/object_detection/install/object_detection/lib/object_detection
[1.243s] writing list of installed files to '/home/m4/object_detection/build/object_detection/install.log'
[1.272s] Invoked command in '/home/m4/object_detection/src/objects_py' returned '0': PYTHONPATH=/home/m4/object_detection/build/object_detection/prefix_override:/usr/lib/python3/dist-packages/colcon_core/task/python/colcon_distutils_commands:/home/m4/object_detection/install/object_detection/lib/python3.10/site-packages:${PYTHONPATH} /usr/bin/python3 -W ignore:setup.py install is deprecated setup.py egg_info --egg-base ../../build/object_detection build --build-base /home/m4/object_detection/build/object_detection/build install --record /home/m4/object_detection/build/object_detection/install.log --install-scripts $base/lib/object_detection --single-version-externally-managed install_data
