[2.788s] Invoking command in '/home/m4/object_detection/src/camera_py': PYTHONPATH=/home/m4/object_detection/build/camera_py/prefix_override:/usr/lib/python3/dist-packages/colcon_core/task/python/colcon_distutils_commands:/home/m4/object_detection/install/camera_py/lib/python3.10/site-packages:${PYTHONPATH} /usr/bin/python3 -W ignore:setup.py install is deprecated setup.py egg_info --egg-base ../../build/camera_py build --build-base /home/m4/object_detection/build/camera_py/build install --record /home/m4/object_detection/build/camera_py/install.log --single-version-externally-managed install_data
[3.602s] running egg_info
[3.603s] writing ../../build/camera_py/camera_py.egg-info/PKG-INFO
[3.605s] writing dependency_links to ../../build/camera_py/camera_py.egg-info/dependency_links.txt
[3.605s] writing entry points to ../../build/camera_py/camera_py.egg-info/entry_points.txt
[3.606s] writing requirements to ../../build/camera_py/camera_py.egg-info/requires.txt
[3.607s] writing top-level names to ../../build/camera_py/camera_py.egg-info/top_level.txt
[3.614s] reading manifest file '../../build/camera_py/camera_py.egg-info/SOURCES.txt'
[3.617s] writing manifest file '../../build/camera_py/camera_py.egg-info/SOURCES.txt'
[3.617s] running build
[3.617s] running build_py
[3.620s] running install
[3.621s] running install_lib
[3.626s] running install_data
[3.627s] running install_egg_info
[3.635s] removing '/home/m4/object_detection/install/camera_py/lib/python3.10/site-packages/camera_py-0.0.0-py3.10.egg-info' (and everything under it)
[3.636s] Copying ../../build/camera_py/camera_py.egg-info to /home/m4/object_detection/install/camera_py/lib/python3.10/site-packages/camera_py-0.0.0-py3.10.egg-info
[3.639s] running install_scripts
[3.728s] Installing camera script to /home/m4/object_detection/install/camera_py/lib/camera_py
[3.730s] writing list of installed files to '/home/m4/object_detection/build/camera_py/install.log'
[3.771s] Invoked command in '/home/m4/object_detection/src/camera_py' returned '0': PYTHONPATH=/home/m4/object_detection/build/camera_py/prefix_override:/usr/lib/python3/dist-packages/colcon_core/task/python/colcon_distutils_commands:/home/m4/object_detection/install/camera_py/lib/python3.10/site-packages:${PYTHONPATH} /usr/bin/python3 -W ignore:setup.py install is deprecated setup.py egg_info --egg-base ../../build/camera_py build --build-base /home/m4/object_detection/build/camera_py/build install --record /home/m4/object_detection/build/camera_py/install.log --single-version-externally-managed install_data
