running egg_info
writing ../../build/camera_py/camera_py.egg-info/PKG-INFO
writing dependency_links to ../../build/camera_py/camera_py.egg-info/dependency_links.txt
writing entry points to ../../build/camera_py/camera_py.egg-info/entry_points.txt
writing requirements to ../../build/camera_py/camera_py.egg-info/requires.txt
writing top-level names to ../../build/camera_py/camera_py.egg-info/top_level.txt
reading manifest file '../../build/camera_py/camera_py.egg-info/SOURCES.txt'
writing manifest file '../../build/camera_py/camera_py.egg-info/SOURCES.txt'
running build
running build_py
copying camera_py/camera.py -> /home/m4/object_detection/build/camera_py/build/lib/camera_py
running install
running install_lib
copying /home/m4/object_detection/build/camera_py/build/lib/camera_py/camera.py -> /home/m4/object_detection/install/camera_py/lib/python3.10/site-packages/camera_py
byte-compiling /home/m4/object_detection/install/camera_py/lib/python3.10/site-packages/camera_py/camera.py to camera.cpython-310.pyc
running install_data
running install_egg_info
removing '/home/m4/object_detection/install/camera_py/lib/python3.10/site-packages/camera_py-0.0.0-py3.10.egg-info' (and everything under it)
Copying ../../build/camera_py/camera_py.egg-info to /home/m4/object_detection/install/camera_py/lib/python3.10/site-packages/camera_py-0.0.0-py3.10.egg-info
running install_scripts
Installing camera script to /home/m4/object_detection/install/camera_py/lib/camera_py
writing list of installed files to '/home/m4/object_detection/build/camera_py/install.log'
