[0.661s] Invoking command in '/home/m4/object_detection/src/camera_py': PYTHONPATH=/home/m4/object_detection/build/camera_py/prefix_override:/usr/lib/python3/dist-packages/colcon_core/task/python/colcon_distutils_commands:/home/m4/object_detection/install/camera_py/lib/python3.10/site-packages:${PYTHONPATH} /usr/bin/python3 -W ignore:setup.py install is deprecated setup.py egg_info --egg-base ../../build/camera_py build --build-base /home/m4/object_detection/build/camera_py/build install --record /home/m4/object_detection/build/camera_py/install.log --single-version-externally-managed install_data
[0.889s] running egg_info
[0.890s] writing ../../build/camera_py/camera_py.egg-info/PKG-INFO
[0.890s] writing dependency_links to ../../build/camera_py/camera_py.egg-info/dependency_links.txt
[0.891s] writing entry points to ../../build/camera_py/camera_py.egg-info/entry_points.txt
[0.891s] writing requirements to ../../build/camera_py/camera_py.egg-info/requires.txt
[0.892s] writing top-level names to ../../build/camera_py/camera_py.egg-info/top_level.txt
[0.893s] reading manifest file '../../build/camera_py/camera_py.egg-info/SOURCES.txt'
[0.894s] writing manifest file '../../build/camera_py/camera_py.egg-info/SOURCES.txt'
[0.894s] running build
[0.895s] running build_py
[0.895s] copying camera_py/camera.py -> /home/m4/object_detection/build/camera_py/build/lib/camera_py
[0.895s] running install
[0.896s] running install_lib
[0.897s] copying /home/m4/object_detection/build/camera_py/build/lib/camera_py/camera.py -> /home/m4/object_detection/install/camera_py/lib/python3.10/site-packages/camera_py
[0.897s] byte-compiling /home/m4/object_detection/install/camera_py/lib/python3.10/site-packages/camera_py/camera.py to camera.cpython-310.pyc
[0.898s] running install_data
[0.898s] running install_egg_info
[0.900s] removing '/home/m4/object_detection/install/camera_py/lib/python3.10/site-packages/camera_py-0.0.0-py3.10.egg-info' (and everything under it)
[0.901s] Copying ../../build/camera_py/camera_py.egg-info to /home/m4/object_detection/install/camera_py/lib/python3.10/site-packages/camera_py-0.0.0-py3.10.egg-info
[0.902s] running install_scripts
[0.922s] Installing camera script to /home/m4/object_detection/install/camera_py/lib/camera_py
[0.923s] writing list of installed files to '/home/m4/object_detection/build/camera_py/install.log'
[0.950s] Invoked command in '/home/m4/object_detection/src/camera_py' returned '0': PYTHONPATH=/home/m4/object_detection/build/camera_py/prefix_override:/usr/lib/python3/dist-packages/colcon_core/task/python/colcon_distutils_commands:/home/m4/object_detection/install/camera_py/lib/python3.10/site-packages:${PYTHONPATH} /usr/bin/python3 -W ignore:setup.py install is deprecated setup.py egg_info --egg-base ../../build/camera_py build --build-base /home/m4/object_detection/build/camera_py/build install --record /home/m4/object_detection/build/camera_py/install.log --single-version-externally-managed install_data
